{"D:\\VisualStudioCode\\CodebaseWinter2025\\CUOIKI\\JS-TaskManager\\adapters\\controllers\\AuthController.js": {"path":"D:\\VisualStudioCode\\CodebaseWinter2025\\CUOIKI\\JS-TaskManager\\adapters\\controllers\\AuthController.js","statementMap":{"0":{"start":{"line":1,"column":33},"end":{"line":1,"column":78}},"1":{"start":{"line":2,"column":30},"end":{"line":2,"column":72}},"2":{"start":{"line":3,"column":28},"end":{"line":3,"column":78}},"3":{"start":{"line":7,"column":8},"end":{"line":7,"column":47}},"4":{"start":{"line":8,"column":8},"end":{"line":8,"column":41}},"5":{"start":{"line":9,"column":8},"end":{"line":9,"column":53}},"6":{"start":{"line":13,"column":8},"end":{"line":37,"column":9}},"7":{"start":{"line":14,"column":50},"end":{"line":14,"column":58}},"8":{"start":{"line":16,"column":12},"end":{"line":21,"column":13}},"9":{"start":{"line":17,"column":16},"end":{"line":20,"column":19}},"10":{"start":{"line":23,"column":29},"end":{"line":23,"column":80}},"11":{"start":{"line":25,"column":30},"end":{"line":25,"column":74}},"12":{"start":{"line":27,"column":12},"end":{"line":33,"column":15}},"13":{"start":{"line":36,"column":12},"end":{"line":36,"column":48}},"14":{"start":{"line":41,"column":8},"end":{"line":63,"column":9}},"15":{"start":{"line":42,"column":40},"end":{"line":42,"column":48}},"16":{"start":{"line":44,"column":12},"end":{"line":49,"column":13}},"17":{"start":{"line":45,"column":16},"end":{"line":48,"column":19}},"18":{"start":{"line":51,"column":29},"end":{"line":51,"column":67}},"19":{"start":{"line":53,"column":30},"end":{"line":53,"column":71}},"20":{"start":{"line":55,"column":12},"end":{"line":59,"column":15}},"21":{"start":{"line":62,"column":12},"end":{"line":62,"column":48}},"22":{"start":{"line":67,"column":8},"end":{"line":87,"column":9}},"23":{"start":{"line":68,"column":31},"end":{"line":68,"column":56}},"24":{"start":{"line":69,"column":12},"end":{"line":74,"column":13}},"25":{"start":{"line":70,"column":16},"end":{"line":73,"column":19}},"26":{"start":{"line":76,"column":26},"end":{"line":76,"column":49}},"27":{"start":{"line":78,"column":25},"end":{"line":78,"column":69}},"28":{"start":{"line":80,"column":12},"end":{"line":83,"column":15}},"29":{"start":{"line":86,"column":12},"end":{"line":86,"column":48}},"30":{"start":{"line":91,"column":8},"end":{"line":94,"column":11}},"31":{"start":{"line":98,"column":8},"end":{"line":105,"column":9}},"32":{"start":{"line":99,"column":31},"end":{"line":99,"column":74}},"33":{"start":{"line":100,"column":12},"end":{"line":104,"column":15}},"34":{"start":{"line":107,"column":8},"end":{"line":107,"column":50}},"35":{"start":{"line":108,"column":8},"end":{"line":111,"column":11}},"36":{"start":{"line":115,"column":26},"end":{"line":115,"column":50}},"37":{"start":{"line":116,"column":8},"end":{"line":127,"column":9}},"38":{"start":{"line":118,"column":16},"end":{"line":118,"column":27}},"39":{"start":{"line":120,"column":16},"end":{"line":120,"column":27}},"40":{"start":{"line":122,"column":16},"end":{"line":122,"column":27}},"41":{"start":{"line":124,"column":16},"end":{"line":124,"column":27}},"42":{"start":{"line":126,"column":16},"end":{"line":126,"column":27}},"43":{"start":{"line":131,"column":0},"end":{"line":131,"column":36}}},"fnMap":{"0":{"name":"(anonymous_0)","decl":{"start":{"line":6,"column":4},"end":{"line":6,"column":5}},"loc":{"start":{"line":6,"column":67},"end":{"line":10,"column":5}},"line":6},"1":{"name":"(anonymous_1)","decl":{"start":{"line":12,"column":4},"end":{"line":12,"column":5}},"loc":{"start":{"line":12,"column":29},"end":{"line":38,"column":5}},"line":12},"2":{"name":"(anonymous_2)","decl":{"start":{"line":40,"column":4},"end":{"line":40,"column":5}},"loc":{"start":{"line":40,"column":26},"end":{"line":64,"column":5}},"line":40},"3":{"name":"(anonymous_3)","decl":{"start":{"line":66,"column":4},"end":{"line":66,"column":5}},"loc":{"start":{"line":66,"column":35},"end":{"line":88,"column":5}},"line":66},"4":{"name":"(anonymous_4)","decl":{"start":{"line":90,"column":4},"end":{"line":90,"column":5}},"loc":{"start":{"line":90,"column":21},"end":{"line":95,"column":5}},"line":90},"5":{"name":"(anonymous_5)","decl":{"start":{"line":97,"column":4},"end":{"line":97,"column":5}},"loc":{"start":{"line":97,"column":28},"end":{"line":112,"column":5}},"line":97},"6":{"name":"(anonymous_6)","decl":{"start":{"line":114,"column":4},"end":{"line":114,"column":5}},"loc":{"start":{"line":114,"column":47},"end":{"line":128,"column":5}},"line":114}},"branchMap":{"0":{"loc":{"start":{"line":16,"column":12},"end":{"line":21,"column":13}},"type":"if","locations":[{"start":{"line":16,"column":12},"end":{"line":21,"column":13}},{"start":{},"end":{}}],"line":16},"1":{"loc":{"start":{"line":16,"column":16},"end":{"line":16,"column":48}},"type":"binary-expr","locations":[{"start":{"line":16,"column":16},"end":{"line":16,"column":25}},{"start":{"line":16,"column":29},"end":{"line":16,"column":35}},{"start":{"line":16,"column":39},"end":{"line":16,"column":48}}],"line":16},"2":{"loc":{"start":{"line":44,"column":12},"end":{"line":49,"column":13}},"type":"if","locations":[{"start":{"line":44,"column":12},"end":{"line":49,"column":13}},{"start":{},"end":{}}],"line":44},"3":{"loc":{"start":{"line":44,"column":16},"end":{"line":44,"column":35}},"type":"binary-expr","locations":[{"start":{"line":44,"column":16},"end":{"line":44,"column":22}},{"start":{"line":44,"column":26},"end":{"line":44,"column":35}}],"line":44},"4":{"loc":{"start":{"line":69,"column":12},"end":{"line":74,"column":13}},"type":"if","locations":[{"start":{"line":69,"column":12},"end":{"line":74,"column":13}},{"start":{},"end":{}}],"line":69},"5":{"loc":{"start":{"line":69,"column":16},"end":{"line":69,"column":64}},"type":"binary-expr","locations":[{"start":{"line":69,"column":16},"end":{"line":69,"column":27}},{"start":{"line":69,"column":31},"end":{"line":69,"column":64}}],"line":69},"6":{"loc":{"start":{"line":98,"column":8},"end":{"line":105,"column":9}},"type":"if","locations":[{"start":{"line":98,"column":8},"end":{"line":105,"column":9}},{"start":{},"end":{}}],"line":98},"7":{"loc":{"start":{"line":116,"column":8},"end":{"line":127,"column":9}},"type":"switch","locations":[{"start":{"line":117,"column":12},"end":{"line":118,"column":27}},{"start":{"line":119,"column":12},"end":{"line":120,"column":27}},{"start":{"line":121,"column":12},"end":{"line":122,"column":27}},{"start":{"line":123,"column":12},"end":{"line":124,"column":27}},{"start":{"line":125,"column":12},"end":{"line":126,"column":27}}],"line":116}},"s":{"0":2,"1":2,"2":2,"3":23,"4":23,"5":23,"6":9,"7":9,"8":9,"9":5,"10":4,"11":4,"12":1,"13":3,"14":5,"15":5,"16":5,"17":2,"18":3,"19":3,"20":2,"21":1,"22":6,"23":6,"24":6,"25":3,"26":3,"27":3,"28":2,"29":1,"30":1,"31":7,"32":4,"33":4,"34":3,"35":3,"36":4,"37":4,"38":0,"39":2,"40":1,"41":1,"42":0,"43":2},"f":{"0":23,"1":9,"2":5,"3":6,"4":1,"5":7,"6":4},"b":{"0":[5,4],"1":[9,6,5],"2":[2,3],"3":[5,4],"4":[3,3],"5":[6,4],"6":[4,3],"7":[0,2,1,1,0]},"_coverageSchema":"1a1c01bbd47fc00a2c39e90264f33305004495a9","hash":"402ac29b1e0c63793c05bc3cca7bbc8b7ebaf40e"}
,"D:\\VisualStudioCode\\CodebaseWinter2025\\CUOIKI\\JS-TaskManager\\adapters\\controllers\\TaskController.js": {"path":"D:\\VisualStudioCode\\CodebaseWinter2025\\CUOIKI\\JS-TaskManager\\adapters\\controllers\\TaskController.js","statementMap":{"0":{"start":{"line":7,"column":4},"end":{"line":7,"column":29}},"1":{"start":{"line":8,"column":28},"end":{"line":8,"column":78}},"2":{"start":{"line":20,"column":8},"end":{"line":20,"column":51}},"3":{"start":{"line":21,"column":8},"end":{"line":21,"column":47}},"4":{"start":{"line":22,"column":8},"end":{"line":22,"column":53}},"5":{"start":{"line":23,"column":8},"end":{"line":23,"column":51}},"6":{"start":{"line":24,"column":8},"end":{"line":24,"column":51}},"7":{"start":{"line":25,"column":8},"end":{"line":25,"column":63}},"8":{"start":{"line":26,"column":8},"end":{"line":26,"column":65}},"9":{"start":{"line":30,"column":8},"end":{"line":82,"column":9}},"10":{"start":{"line":31,"column":64},"end":{"line":31,"column":72}},"11":{"start":{"line":32,"column":27},"end":{"line":32,"column":42}},"12":{"start":{"line":34,"column":12},"end":{"line":39,"column":13}},"13":{"start":{"line":35,"column":16},"end":{"line":38,"column":19}},"14":{"start":{"line":41,"column":34},"end":{"line":41,"column":44}},"15":{"start":{"line":42,"column":12},"end":{"line":47,"column":13}},"16":{"start":{"line":43,"column":33},"end":{"line":43,"column":52}},"17":{"start":{"line":44,"column":16},"end":{"line":46,"column":17}},"18":{"start":{"line":45,"column":20},"end":{"line":45,"column":47}},"19":{"start":{"line":49,"column":33},"end":{"line":49,"column":37}},"20":{"start":{"line":50,"column":12},"end":{"line":55,"column":13}},"21":{"start":{"line":51,"column":33},"end":{"line":51,"column":51}},"22":{"start":{"line":52,"column":16},"end":{"line":54,"column":17}},"23":{"start":{"line":53,"column":20},"end":{"line":53,"column":46}},"24":{"start":{"line":57,"column":29},"end":{"line":63,"column":13}},"25":{"start":{"line":64,"column":30},"end":{"line":64,"column":76}},"26":{"start":{"line":66,"column":12},"end":{"line":78,"column":15}},"27":{"start":{"line":81,"column":12},"end":{"line":81,"column":48}},"28":{"start":{"line":86,"column":8},"end":{"line":115,"column":9}},"29":{"start":{"line":87,"column":27},"end":{"line":87,"column":42}},"30":{"start":{"line":88,"column":31},"end":{"line":88,"column":40}},"31":{"start":{"line":90,"column":29},"end":{"line":90,"column":65}},"32":{"start":{"line":91,"column":30},"end":{"line":91,"column":74}},"33":{"start":{"line":93,"column":26},"end":{"line":105,"column":15}},"34":{"start":{"line":93,"column":55},"end":{"line":105,"column":13}},"35":{"start":{"line":107,"column":12},"end":{"line":111,"column":15}},"36":{"start":{"line":114,"column":12},"end":{"line":114,"column":48}},"37":{"start":{"line":119,"column":8},"end":{"line":144,"column":9}},"38":{"start":{"line":120,"column":27},"end":{"line":120,"column":40}},"39":{"start":{"line":121,"column":27},"end":{"line":121,"column":42}},"40":{"start":{"line":123,"column":29},"end":{"line":123,"column":64}},"41":{"start":{"line":124,"column":30},"end":{"line":124,"column":77}},"42":{"start":{"line":126,"column":12},"end":{"line":140,"column":15}},"43":{"start":{"line":143,"column":12},"end":{"line":143,"column":48}},"44":{"start":{"line":148,"column":8},"end":{"line":198,"column":9}},"45":{"start":{"line":149,"column":27},"end":{"line":149,"column":40}},"46":{"start":{"line":150,"column":27},"end":{"line":150,"column":42}},"47":{"start":{"line":151,"column":72},"end":{"line":151,"column":80}},"48":{"start":{"line":153,"column":34},"end":{"line":153,"column":43}},"49":{"start":{"line":154,"column":12},"end":{"line":159,"column":13}},"50":{"start":{"line":155,"column":33},"end":{"line":155,"column":52}},"51":{"start":{"line":156,"column":16},"end":{"line":158,"column":17}},"52":{"start":{"line":157,"column":20},"end":{"line":157,"column":47}},"53":{"start":{"line":161,"column":33},"end":{"line":161,"column":42}},"54":{"start":{"line":162,"column":12},"end":{"line":169,"column":13}},"55":{"start":{"line":163,"column":33},"end":{"line":163,"column":51}},"56":{"start":{"line":164,"column":16},"end":{"line":166,"column":17}},"57":{"start":{"line":165,"column":20},"end":{"line":165,"column":46}},"58":{"start":{"line":167,"column":19},"end":{"line":169,"column":13}},"59":{"start":{"line":168,"column":16},"end":{"line":168,"column":38}},"60":{"start":{"line":171,"column":29},"end":{"line":179,"column":13}},"61":{"start":{"line":180,"column":30},"end":{"line":180,"column":76}},"62":{"start":{"line":182,"column":12},"end":{"line":194,"column":15}},"63":{"start":{"line":197,"column":12},"end":{"line":197,"column":48}},"64":{"start":{"line":202,"column":8},"end":{"line":216,"column":9}},"65":{"start":{"line":203,"column":27},"end":{"line":203,"column":40}},"66":{"start":{"line":204,"column":27},"end":{"line":204,"column":42}},"67":{"start":{"line":206,"column":29},"end":{"line":206,"column":67}},"68":{"start":{"line":207,"column":30},"end":{"line":207,"column":76}},"69":{"start":{"line":209,"column":12},"end":{"line":212,"column":15}},"70":{"start":{"line":215,"column":12},"end":{"line":215,"column":48}},"71":{"start":{"line":220,"column":8},"end":{"line":253,"column":9}},"72":{"start":{"line":221,"column":27},"end":{"line":221,"column":40}},"73":{"start":{"line":222,"column":27},"end":{"line":222,"column":42}},"74":{"start":{"line":223,"column":31},"end":{"line":223,"column":39}},"75":{"start":{"line":225,"column":12},"end":{"line":230,"column":13}},"76":{"start":{"line":226,"column":16},"end":{"line":229,"column":19}},"77":{"start":{"line":232,"column":27},"end":{"line":232,"column":93}},"78":{"start":{"line":234,"column":12},"end":{"line":249,"column":15}},"79":{"start":{"line":252,"column":12},"end":{"line":252,"column":48}},"80":{"start":{"line":257,"column":8},"end":{"line":269,"column":9}},"81":{"start":{"line":258,"column":27},"end":{"line":258,"column":42}},"82":{"start":{"line":260,"column":31},"end":{"line":260,"column":82}},"83":{"start":{"line":262,"column":12},"end":{"line":265,"column":15}},"84":{"start":{"line":268,"column":12},"end":{"line":268,"column":48}},"85":{"start":{"line":273,"column":8},"end":{"line":280,"column":9}},"86":{"start":{"line":274,"column":31},"end":{"line":274,"column":74}},"87":{"start":{"line":275,"column":12},"end":{"line":279,"column":15}},"88":{"start":{"line":282,"column":8},"end":{"line":282,"column":50}},"89":{"start":{"line":283,"column":8},"end":{"line":286,"column":11}},"90":{"start":{"line":290,"column":26},"end":{"line":290,"column":50}},"91":{"start":{"line":291,"column":8},"end":{"line":302,"column":9}},"92":{"start":{"line":293,"column":16},"end":{"line":293,"column":27}},"93":{"start":{"line":295,"column":16},"end":{"line":295,"column":27}},"94":{"start":{"line":297,"column":16},"end":{"line":297,"column":27}},"95":{"start":{"line":299,"column":16},"end":{"line":299,"column":27}},"96":{"start":{"line":301,"column":16},"end":{"line":301,"column":27}},"97":{"start":{"line":306,"column":0},"end":{"line":306,"column":36}}},"fnMap":{"0":{"name":"(anonymous_0)","decl":{"start":{"line":11,"column":4},"end":{"line":11,"column":5}},"loc":{"start":{"line":19,"column":6},"end":{"line":27,"column":5}},"line":19},"1":{"name":"(anonymous_1)","decl":{"start":{"line":29,"column":4},"end":{"line":29,"column":5}},"loc":{"start":{"line":29,"column":31},"end":{"line":83,"column":5}},"line":29},"2":{"name":"(anonymous_2)","decl":{"start":{"line":85,"column":4},"end":{"line":85,"column":5}},"loc":{"start":{"line":85,"column":29},"end":{"line":116,"column":5}},"line":85},"3":{"name":"(anonymous_3)","decl":{"start":{"line":93,"column":46},"end":{"line":93,"column":47}},"loc":{"start":{"line":93,"column":55},"end":{"line":105,"column":13}},"line":93},"4":{"name":"(anonymous_4)","decl":{"start":{"line":118,"column":4},"end":{"line":118,"column":5}},"loc":{"start":{"line":118,"column":32},"end":{"line":145,"column":5}},"line":118},"5":{"name":"(anonymous_5)","decl":{"start":{"line":147,"column":4},"end":{"line":147,"column":5}},"loc":{"start":{"line":147,"column":31},"end":{"line":199,"column":5}},"line":147},"6":{"name":"(anonymous_6)","decl":{"start":{"line":201,"column":4},"end":{"line":201,"column":5}},"loc":{"start":{"line":201,"column":31},"end":{"line":217,"column":5}},"line":201},"7":{"name":"(anonymous_7)","decl":{"start":{"line":219,"column":4},"end":{"line":219,"column":5}},"loc":{"start":{"line":219,"column":33},"end":{"line":254,"column":5}},"line":219},"8":{"name":"(anonymous_8)","decl":{"start":{"line":256,"column":4},"end":{"line":256,"column":5}},"loc":{"start":{"line":256,"column":34},"end":{"line":270,"column":5}},"line":256},"9":{"name":"(anonymous_9)","decl":{"start":{"line":272,"column":4},"end":{"line":272,"column":5}},"loc":{"start":{"line":272,"column":28},"end":{"line":287,"column":5}},"line":272},"10":{"name":"(anonymous_10)","decl":{"start":{"line":289,"column":4},"end":{"line":289,"column":5}},"loc":{"start":{"line":289,"column":47},"end":{"line":303,"column":5}},"line":289}},"branchMap":{"0":{"loc":{"start":{"line":34,"column":12},"end":{"line":39,"column":13}},"type":"if","locations":[{"start":{"line":34,"column":12},"end":{"line":39,"column":13}},{"start":{},"end":{}}],"line":34},"1":{"loc":{"start":{"line":42,"column":12},"end":{"line":47,"column":13}},"type":"if","locations":[{"start":{"line":42,"column":12},"end":{"line":47,"column":13}},{"start":{},"end":{}}],"line":42},"2":{"loc":{"start":{"line":42,"column":16},"end":{"line":42,"column":52}},"type":"binary-expr","locations":[{"start":{"line":42,"column":16},"end":{"line":42,"column":25}},{"start":{"line":42,"column":29},"end":{"line":42,"column":52}}],"line":42},"3":{"loc":{"start":{"line":44,"column":16},"end":{"line":46,"column":17}},"type":"if","locations":[{"start":{"line":44,"column":16},"end":{"line":46,"column":17}},{"start":{},"end":{}}],"line":44},"4":{"loc":{"start":{"line":50,"column":12},"end":{"line":55,"column":13}},"type":"if","locations":[{"start":{"line":50,"column":12},"end":{"line":55,"column":13}},{"start":{},"end":{}}],"line":50},"5":{"loc":{"start":{"line":50,"column":16},"end":{"line":50,"column":50}},"type":"binary-expr","locations":[{"start":{"line":50,"column":16},"end":{"line":50,"column":24}},{"start":{"line":50,"column":28},"end":{"line":50,"column":50}}],"line":50},"6":{"loc":{"start":{"line":52,"column":16},"end":{"line":54,"column":17}},"type":"if","locations":[{"start":{"line":52,"column":16},"end":{"line":54,"column":17}},{"start":{},"end":{}}],"line":52},"7":{"loc":{"start":{"line":154,"column":12},"end":{"line":159,"column":13}},"type":"if","locations":[{"start":{"line":154,"column":12},"end":{"line":159,"column":13}},{"start":{},"end":{}}],"line":154},"8":{"loc":{"start":{"line":154,"column":16},"end":{"line":154,"column":85}},"type":"binary-expr","locations":[{"start":{"line":154,"column":16},"end":{"line":154,"column":25}},{"start":{"line":154,"column":29},"end":{"line":154,"column":58}},{"start":{"line":154,"column":62},"end":{"line":154,"column":85}}],"line":154},"9":{"loc":{"start":{"line":156,"column":16},"end":{"line":158,"column":17}},"type":"if","locations":[{"start":{"line":156,"column":16},"end":{"line":158,"column":17}},{"start":{},"end":{}}],"line":156},"10":{"loc":{"start":{"line":162,"column":12},"end":{"line":169,"column":13}},"type":"if","locations":[{"start":{"line":162,"column":12},"end":{"line":169,"column":13}},{"start":{"line":167,"column":19},"end":{"line":169,"column":13}}],"line":162},"11":{"loc":{"start":{"line":162,"column":16},"end":{"line":162,"column":82}},"type":"binary-expr","locations":[{"start":{"line":162,"column":16},"end":{"line":162,"column":24}},{"start":{"line":162,"column":28},"end":{"line":162,"column":56}},{"start":{"line":162,"column":60},"end":{"line":162,"column":82}}],"line":162},"12":{"loc":{"start":{"line":164,"column":16},"end":{"line":166,"column":17}},"type":"if","locations":[{"start":{"line":164,"column":16},"end":{"line":166,"column":17}},{"start":{},"end":{}}],"line":164},"13":{"loc":{"start":{"line":167,"column":19},"end":{"line":169,"column":13}},"type":"if","locations":[{"start":{"line":167,"column":19},"end":{"line":169,"column":13}},{"start":{},"end":{}}],"line":167},"14":{"loc":{"start":{"line":167,"column":23},"end":{"line":167,"column":59}},"type":"binary-expr","locations":[{"start":{"line":167,"column":23},"end":{"line":167,"column":40}},{"start":{"line":167,"column":44},"end":{"line":167,"column":59}}],"line":167},"15":{"loc":{"start":{"line":225,"column":12},"end":{"line":230,"column":13}},"type":"if","locations":[{"start":{"line":225,"column":12},"end":{"line":230,"column":13}},{"start":{},"end":{}}],"line":225},"16":{"loc":{"start":{"line":273,"column":8},"end":{"line":280,"column":9}},"type":"if","locations":[{"start":{"line":273,"column":8},"end":{"line":280,"column":9}},{"start":{},"end":{}}],"line":273},"17":{"loc":{"start":{"line":291,"column":8},"end":{"line":302,"column":9}},"type":"switch","locations":[{"start":{"line":292,"column":12},"end":{"line":293,"column":27}},{"start":{"line":294,"column":12},"end":{"line":295,"column":27}},{"start":{"line":296,"column":12},"end":{"line":297,"column":27}},{"start":{"line":298,"column":12},"end":{"line":299,"column":27}},{"start":{"line":300,"column":12},"end":{"line":301,"column":27}}],"line":291}},"s":{"0":1,"1":1,"2":1,"3":1,"4":1,"5":1,"6":1,"7":1,"8":1,"9":9,"10":9,"11":9,"12":9,"13":1,"14":8,"15":8,"16":5,"17":5,"18":5,"19":8,"20":8,"21":5,"22":5,"23":5,"24":8,"25":8,"26":7,"27":1,"28":2,"29":2,"30":2,"31":2,"32":2,"33":2,"34":144,"35":2,"36":0,"37":7,"38":7,"39":7,"40":7,"41":7,"42":6,"43":1,"44":5,"45":5,"46":5,"47":5,"48":5,"49":5,"50":1,"51":1,"52":1,"53":5,"54":5,"55":2,"56":2,"57":2,"58":3,"59":0,"60":5,"61":5,"62":3,"63":2,"64":8,"65":8,"66":8,"67":8,"68":8,"69":7,"70":1,"71":6,"72":6,"73":6,"74":6,"75":6,"76":0,"77":6,"78":3,"79":3,"80":1,"81":1,"82":1,"83":1,"84":0,"85":8,"86":8,"87":8,"88":0,"89":0,"90":8,"91":8,"92":3,"93":1,"94":0,"95":4,"96":0,"97":1},"f":{"0":1,"1":9,"2":2,"3":144,"4":7,"5":5,"6":8,"7":6,"8":1,"9":8,"10":8},"b":{"0":[1,8],"1":[5,3],"2":[8,5],"3":[5,0],"4":[5,3],"5":[8,5],"6":[5,0],"7":[1,4],"8":[5,1,1],"9":[1,0],"10":[2,3],"11":[5,2,2],"12":[2,0],"13":[0,3],"14":[3,3],"15":[0,6],"16":[8,0],"17":[3,1,0,4,0]},"_coverageSchema":"1a1c01bbd47fc00a2c39e90264f33305004495a9","hash":"c9683ea222759a06722b8b6b9a41d7a8c3775571"}
,"D:\\VisualStudioCode\\CodebaseWinter2025\\CUOIKI\\JS-TaskManager\\adapters\\controllers\\TaskDisplayController.js": {"path":"D:\\VisualStudioCode\\CodebaseWinter2025\\CUOIKI\\JS-TaskManager\\adapters\\controllers\\TaskDisplayController.js","statementMap":{"0":{"start":{"line":9,"column":8},"end":{"line":9,"column":65}},"1":{"start":{"line":10,"column":8},"end":{"line":10,"column":73}},"2":{"start":{"line":11,"column":8},"end":{"line":11,"column":77}},"3":{"start":{"line":15,"column":8},"end":{"line":27,"column":9}},"4":{"start":{"line":16,"column":27},"end":{"line":16,"column":40}},"5":{"start":{"line":17,"column":27},"end":{"line":17,"column":42}},"6":{"start":{"line":19,"column":28},"end":{"line":19,"column":87}},"7":{"start":{"line":21,"column":12},"end":{"line":24,"column":15}},"8":{"start":{"line":26,"column":12},"end":{"line":26,"column":24}},"9":{"start":{"line":31,"column":8},"end":{"line":46,"column":9}},"10":{"start":{"line":32,"column":27},"end":{"line":32,"column":42}},"11":{"start":{"line":33,"column":33},"end":{"line":33,"column":57}},"12":{"start":{"line":35,"column":27},"end":{"line":35,"column":96}},"13":{"start":{"line":37,"column":12},"end":{"line":43,"column":15}},"14":{"start":{"line":39,"column":47},"end":{"line":39,"column":59}},"15":{"start":{"line":45,"column":12},"end":{"line":45,"column":24}},"16":{"start":{"line":50,"column":8},"end":{"line":61,"column":9}},"17":{"start":{"line":51,"column":27},"end":{"line":51,"column":42}},"18":{"start":{"line":53,"column":34},"end":{"line":53,"column":91}},"19":{"start":{"line":55,"column":12},"end":{"line":58,"column":15}},"20":{"start":{"line":60,"column":12},"end":{"line":60,"column":24}},"21":{"start":{"line":65,"column":0},"end":{"line":65,"column":39}}},"fnMap":{"0":{"name":"(anonymous_0)","decl":{"start":{"line":4,"column":4},"end":{"line":4,"column":5}},"loc":{"start":{"line":8,"column":6},"end":{"line":12,"column":5}},"line":8},"1":{"name":"(anonymous_1)","decl":{"start":{"line":14,"column":4},"end":{"line":14,"column":5}},"loc":{"start":{"line":14,"column":44},"end":{"line":28,"column":5}},"line":14},"2":{"name":"(anonymous_2)","decl":{"start":{"line":30,"column":4},"end":{"line":30,"column":5}},"loc":{"start":{"line":30,"column":48},"end":{"line":47,"column":5}},"line":30},"3":{"name":"(anonymous_3)","decl":{"start":{"line":39,"column":40},"end":{"line":39,"column":41}},"loc":{"start":{"line":39,"column":47},"end":{"line":39,"column":59}},"line":39},"4":{"name":"(anonymous_4)","decl":{"start":{"line":49,"column":4},"end":{"line":49,"column":5}},"loc":{"start":{"line":49,"column":50},"end":{"line":62,"column":5}},"line":49}},"branchMap":{"0":{"loc":{"start":{"line":33,"column":33},"end":{"line":33,"column":57}},"type":"binary-expr","locations":[{"start":{"line":33,"column":33},"end":{"line":33,"column":49}},{"start":{"line":33,"column":53},"end":{"line":33,"column":57}}],"line":33}},"s":{"0":1,"1":1,"2":1,"3":0,"4":0,"5":0,"6":0,"7":0,"8":0,"9":0,"10":0,"11":0,"12":0,"13":0,"14":0,"15":0,"16":0,"17":0,"18":0,"19":0,"20":0,"21":1},"f":{"0":1,"1":0,"2":0,"3":0,"4":0},"b":{"0":[0,0]},"_coverageSchema":"1a1c01bbd47fc00a2c39e90264f33305004495a9","hash":"2648c567026fd8f53f9f19b213423ecdc4d6e875"}
,"D:\\VisualStudioCode\\CodebaseWinter2025\\CUOIKI\\JS-TaskManager\\adapters\\middleware\\AuthMiddleware.js": {"path":"D:\\VisualStudioCode\\CodebaseWinter2025\\CUOIKI\\JS-TaskManager\\adapters\\middleware\\AuthMiddleware.js","statementMap":{"0":{"start":{"line":4,"column":8},"end":{"line":4,"column":53}},"1":{"start":{"line":8,"column":8},"end":{"line":33,"column":10}},"2":{"start":{"line":9,"column":12},"end":{"line":32,"column":13}},"3":{"start":{"line":10,"column":35},"end":{"line":10,"column":60}},"4":{"start":{"line":12,"column":16},"end":{"line":17,"column":17}},"5":{"start":{"line":13,"column":20},"end":{"line":16,"column":23}},"6":{"start":{"line":19,"column":30},"end":{"line":19,"column":53}},"7":{"start":{"line":21,"column":29},"end":{"line":21,"column":73}},"8":{"start":{"line":23,"column":16},"end":{"line":23,"column":32}},"9":{"start":{"line":25,"column":16},"end":{"line":25,"column":23}},"10":{"start":{"line":28,"column":16},"end":{"line":31,"column":19}},"11":{"start":{"line":37,"column":0},"end":{"line":37,"column":36}}},"fnMap":{"0":{"name":"(anonymous_0)","decl":{"start":{"line":3,"column":4},"end":{"line":3,"column":5}},"loc":{"start":{"line":3,"column":36},"end":{"line":5,"column":5}},"line":3},"1":{"name":"(anonymous_1)","decl":{"start":{"line":7,"column":4},"end":{"line":7,"column":5}},"loc":{"start":{"line":7,"column":19},"end":{"line":34,"column":5}},"line":7},"2":{"name":"(anonymous_2)","decl":{"start":{"line":8,"column":15},"end":{"line":8,"column":16}},"loc":{"start":{"line":8,"column":41},"end":{"line":33,"column":9}},"line":8}},"branchMap":{"0":{"loc":{"start":{"line":12,"column":16},"end":{"line":17,"column":17}},"type":"if","locations":[{"start":{"line":12,"column":16},"end":{"line":17,"column":17}},{"start":{},"end":{}}],"line":12},"1":{"loc":{"start":{"line":12,"column":20},"end":{"line":12,"column":68}},"type":"binary-expr","locations":[{"start":{"line":12,"column":20},"end":{"line":12,"column":31}},{"start":{"line":12,"column":35},"end":{"line":12,"column":68}}],"line":12},"2":{"loc":{"start":{"line":30,"column":27},"end":{"line":30,"column":70}},"type":"binary-expr","locations":[{"start":{"line":30,"column":27},"end":{"line":30,"column":40}},{"start":{"line":30,"column":44},"end":{"line":30,"column":70}}],"line":30}},"s":{"0":17,"1":16,"2":59,"3":59,"4":59,"5":10,"6":49,"7":49,"8":43,"9":43,"10":6,"11":2},"f":{"0":17,"1":16,"2":59},"b":{"0":[10,49],"1":[59,52],"2":[6,1]},"_coverageSchema":"1a1c01bbd47fc00a2c39e90264f33305004495a9","hash":"8baf4a82979d7c11d6e53f0748e16c376cd33681"}
,"D:\\VisualStudioCode\\CodebaseWinter2025\\CUOIKI\\JS-TaskManager\\adapters\\middleware\\ErrorHandlerMiddleware.js": {"path":"D:\\VisualStudioCode\\CodebaseWinter2025\\CUOIKI\\JS-TaskManager\\adapters\\middleware\\ErrorHandlerMiddleware.js","statementMap":{"0":{"start":{"line":1,"column":28},"end":{"line":1,"column":78}},"1":{"start":{"line":2,"column":19},"end":{"line":2,"column":64}},"2":{"start":{"line":8,"column":8},"end":{"line":13,"column":9}},"3":{"start":{"line":9,"column":12},"end":{"line":12,"column":15}},"4":{"start":{"line":16,"column":8},"end":{"line":16,"column":50}},"5":{"start":{"line":19,"column":8},"end":{"line":21,"column":9}},"6":{"start":{"line":20,"column":12},"end":{"line":20,"column":74}},"7":{"start":{"line":24,"column":8},"end":{"line":29,"column":9}},"8":{"start":{"line":25,"column":12},"end":{"line":28,"column":15}},"9":{"start":{"line":31,"column":8},"end":{"line":36,"column":9}},"10":{"start":{"line":32,"column":12},"end":{"line":35,"column":15}},"11":{"start":{"line":39,"column":8},"end":{"line":44,"column":9}},"12":{"start":{"line":40,"column":12},"end":{"line":43,"column":15}},"13":{"start":{"line":47,"column":8},"end":{"line":52,"column":9}},"14":{"start":{"line":48,"column":12},"end":{"line":51,"column":15}},"15":{"start":{"line":55,"column":8},"end":{"line":57,"column":9}},"16":{"start":{"line":56,"column":12},"end":{"line":56,"column":72}},"17":{"start":{"line":60,"column":8},"end":{"line":60,"column":63}},"18":{"start":{"line":64,"column":30},"end":{"line":79,"column":9}},"19":{"start":{"line":81,"column":27},"end":{"line":81,"column":62}},"20":{"start":{"line":83,"column":8},"end":{"line":87,"column":11}},"21":{"start":{"line":91,"column":8},"end":{"line":95,"column":11}},"22":{"start":{"line":98,"column":8},"end":{"line":103,"column":9}},"23":{"start":{"line":99,"column":12},"end":{"line":102,"column":15}},"24":{"start":{"line":105,"column":8},"end":{"line":110,"column":9}},"25":{"start":{"line":106,"column":12},"end":{"line":109,"column":15}},"26":{"start":{"line":112,"column":8},"end":{"line":117,"column":9}},"27":{"start":{"line":113,"column":12},"end":{"line":116,"column":15}},"28":{"start":{"line":119,"column":8},"end":{"line":122,"column":11}},"29":{"start":{"line":126,"column":8},"end":{"line":130,"column":11}},"30":{"start":{"line":133,"column":8},"end":{"line":143,"column":9}},"31":{"start":{"line":134,"column":12},"end":{"line":142,"column":15}},"32":{"start":{"line":146,"column":8},"end":{"line":149,"column":11}},"33":{"start":{"line":153,"column":25},"end":{"line":165,"column":9}},"34":{"start":{"line":168,"column":8},"end":{"line":168,"column":76}},"35":{"start":{"line":172,"column":8},"end":{"line":176,"column":11}},"36":{"start":{"line":180,"column":0},"end":{"line":180,"column":44}}},"fnMap":{"0":{"name":"(anonymous_0)","decl":{"start":{"line":6,"column":4},"end":{"line":6,"column":5}},"loc":{"start":{"line":6,"column":39},"end":{"line":61,"column":5}},"line":6},"1":{"name":"(anonymous_1)","decl":{"start":{"line":63,"column":4},"end":{"line":63,"column":5}},"loc":{"start":{"line":63,"column":43},"end":{"line":88,"column":5}},"line":63},"2":{"name":"(anonymous_2)","decl":{"start":{"line":90,"column":4},"end":{"line":90,"column":5}},"loc":{"start":{"line":90,"column":41},"end":{"line":123,"column":5}},"line":90},"3":{"name":"(anonymous_3)","decl":{"start":{"line":125,"column":4},"end":{"line":125,"column":5}},"loc":{"start":{"line":125,"column":43},"end":{"line":150,"column":5}},"line":125},"4":{"name":"(anonymous_4)","decl":{"start":{"line":152,"column":4},"end":{"line":152,"column":5}},"loc":{"start":{"line":152,"column":30},"end":{"line":169,"column":5}},"line":152},"5":{"name":"(anonymous_5)","decl":{"start":{"line":171,"column":4},"end":{"line":171,"column":5}},"loc":{"start":{"line":171,"column":30},"end":{"line":177,"column":5}},"line":171}},"branchMap":{"0":{"loc":{"start":{"line":8,"column":8},"end":{"line":13,"column":9}},"type":"if","locations":[{"start":{"line":8,"column":8},"end":{"line":13,"column":9}},{"start":{},"end":{}}],"line":8},"1":{"loc":{"start":{"line":19,"column":8},"end":{"line":21,"column":9}},"type":"if","locations":[{"start":{"line":19,"column":8},"end":{"line":21,"column":9}},{"start":{},"end":{}}],"line":19},"2":{"loc":{"start":{"line":24,"column":8},"end":{"line":29,"column":9}},"type":"if","locations":[{"start":{"line":24,"column":8},"end":{"line":29,"column":9}},{"start":{},"end":{}}],"line":24},"3":{"loc":{"start":{"line":31,"column":8},"end":{"line":36,"column":9}},"type":"if","locations":[{"start":{"line":31,"column":8},"end":{"line":36,"column":9}},{"start":{},"end":{}}],"line":31},"4":{"loc":{"start":{"line":39,"column":8},"end":{"line":44,"column":9}},"type":"if","locations":[{"start":{"line":39,"column":8},"end":{"line":44,"column":9}},{"start":{},"end":{}}],"line":39},"5":{"loc":{"start":{"line":47,"column":8},"end":{"line":52,"column":9}},"type":"if","locations":[{"start":{"line":47,"column":8},"end":{"line":52,"column":9}},{"start":{},"end":{}}],"line":47},"6":{"loc":{"start":{"line":47,"column":12},"end":{"line":47,"column":67}},"type":"binary-expr","locations":[{"start":{"line":47,"column":12},"end":{"line":47,"column":39}},{"start":{"line":47,"column":43},"end":{"line":47,"column":67}}],"line":47},"7":{"loc":{"start":{"line":55,"column":8},"end":{"line":57,"column":9}},"type":"if","locations":[{"start":{"line":55,"column":8},"end":{"line":57,"column":9}},{"start":{},"end":{}}],"line":55},"8":{"loc":{"start":{"line":55,"column":12},"end":{"line":55,"column":48}},"type":"binary-expr","locations":[{"start":{"line":55,"column":12},"end":{"line":55,"column":20}},{"start":{"line":55,"column":24},"end":{"line":55,"column":48}}],"line":55},"9":{"loc":{"start":{"line":81,"column":27},"end":{"line":81,"column":62}},"type":"binary-expr","locations":[{"start":{"line":81,"column":27},"end":{"line":81,"column":55}},{"start":{"line":81,"column":59},"end":{"line":81,"column":62}}],"line":81},"10":{"loc":{"start":{"line":94,"column":19},"end":{"line":94,"column":76}},"type":"cond-expr","locations":[{"start":{"line":94,"column":55},"end":{"line":94,"column":64}},{"start":{"line":94,"column":67},"end":{"line":94,"column":76}}],"line":94},"11":{"loc":{"start":{"line":98,"column":8},"end":{"line":103,"column":9}},"type":"if","locations":[{"start":{"line":98,"column":8},"end":{"line":103,"column":9}},{"start":{},"end":{}}],"line":98},"12":{"loc":{"start":{"line":105,"column":8},"end":{"line":110,"column":9}},"type":"if","locations":[{"start":{"line":105,"column":8},"end":{"line":110,"column":9}},{"start":{},"end":{}}],"line":105},"13":{"loc":{"start":{"line":112,"column":8},"end":{"line":117,"column":9}},"type":"if","locations":[{"start":{"line":112,"column":8},"end":{"line":117,"column":9}},{"start":{},"end":{}}],"line":112},"14":{"loc":{"start":{"line":129,"column":19},"end":{"line":129,"column":76}},"type":"cond-expr","locations":[{"start":{"line":129,"column":55},"end":{"line":129,"column":64}},{"start":{"line":129,"column":67},"end":{"line":129,"column":76}}],"line":129},"15":{"loc":{"start":{"line":133,"column":8},"end":{"line":143,"column":9}},"type":"if","locations":[{"start":{"line":133,"column":8},"end":{"line":143,"column":9}},{"start":{},"end":{}}],"line":133},"16":{"loc":{"start":{"line":163,"column":23},"end":{"line":163,"column":80}},"type":"cond-expr","locations":[{"start":{"line":163,"column":59},"end":{"line":163,"column":68}},{"start":{"line":163,"column":71},"end":{"line":163,"column":80}}],"line":163}},"s":{"0":2,"1":2,"2":43,"3":2,"4":41,"5":41,"6":27,"7":14,"8":1,"9":13,"10":1,"11":12,"12":1,"13":11,"14":2,"15":9,"16":1,"17":8,"18":27,"19":27,"20":27,"21":1,"22":1,"23":0,"24":1,"25":0,"26":1,"27":0,"28":1,"29":8,"30":8,"31":0,"32":8,"33":41,"34":41,"35":0,"36":2},"f":{"0":43,"1":27,"2":1,"3":8,"4":41,"5":0},"b":{"0":[2,41],"1":[27,14],"2":[1,13],"3":[1,12],"4":[1,11],"5":[2,9],"6":[11,10],"7":[1,8],"8":[9,1],"9":[27,5],"10":[0,1],"11":[0,1],"12":[0,1],"13":[0,1],"14":[0,8],"15":[0,8],"16":[0,41]},"_coverageSchema":"1a1c01bbd47fc00a2c39e90264f33305004495a9","hash":"b2822a984a5c66c5a78891c6d62f3697c3f224b0"}
,"D:\\VisualStudioCode\\CodebaseWinter2025\\CUOIKI\\JS-TaskManager\\adapters\\repositories\\SqlTaskRepository.js": {"path":"D:\\VisualStudioCode\\CodebaseWinter2025\\CUOIKI\\JS-TaskManager\\adapters\\repositories\\SqlTaskRepository.js","statementMap":{"0":{"start":{"line":1,"column":27},"end":{"line":1,"column":73}},"1":{"start":{"line":2,"column":17},"end":{"line":2,"column":54}},"2":{"start":{"line":3,"column":22},"end":{"line":3,"column":79}},"3":{"start":{"line":7,"column":8},"end":{"line":7,"column":16}},"4":{"start":{"line":8,"column":8},"end":{"line":8,"column":33}},"5":{"start":{"line":12,"column":8},"end":{"line":12,"column":39}},"6":{"start":{"line":16,"column":21},"end":{"line":16,"column":35}},"7":{"start":{"line":17,"column":25},"end":{"line":24,"column":10}},"8":{"start":{"line":25,"column":8},"end":{"line":25,"column":39}},"9":{"start":{"line":29,"column":21},"end":{"line":29,"column":35}},"10":{"start":{"line":30,"column":20},"end":{"line":30,"column":58}},"11":{"start":{"line":31,"column":8},"end":{"line":31,"column":47}},"12":{"start":{"line":35,"column":21},"end":{"line":35,"column":35}},"13":{"start":{"line":36,"column":21},"end":{"line":36,"column":63}},"14":{"start":{"line":37,"column":8},"end":{"line":37,"column":51}},"15":{"start":{"line":37,"column":31},"end":{"line":37,"column":49}},"16":{"start":{"line":41,"column":21},"end":{"line":41,"column":35}},"17":{"start":{"line":42,"column":21},"end":{"line":42,"column":80}},"18":{"start":{"line":43,"column":8},"end":{"line":43,"column":51}},"19":{"start":{"line":43,"column":31},"end":{"line":43,"column":49}},"20":{"start":{"line":47,"column":21},"end":{"line":47,"column":35}},"21":{"start":{"line":50,"column":25},"end":{"line":55,"column":10}},"22":{"start":{"line":57,"column":8},"end":{"line":59,"column":9}},"23":{"start":{"line":58,"column":12},"end":{"line":58,"column":70}},"24":{"start":{"line":62,"column":8},"end":{"line":62,"column":88}},"25":{"start":{"line":64,"column":8},"end":{"line":64,"column":41}},"26":{"start":{"line":68,"column":21},"end":{"line":68,"column":35}},"27":{"start":{"line":69,"column":8},"end":{"line":69,"column":45}},"28":{"start":{"line":70,"column":8},"end":{"line":70,"column":20}},"29":{"start":{"line":74,"column":21},"end":{"line":74,"column":35}},"30":{"start":{"line":75,"column":8},"end":{"line":75,"column":53}},"31":{"start":{"line":76,"column":8},"end":{"line":76,"column":20}},"32":{"start":{"line":80,"column":21},"end":{"line":80,"column":35}},"33":{"start":{"line":81,"column":8},"end":{"line":81,"column":76}},"34":{"start":{"line":85,"column":31},"end":{"line":85,"column":78}},"35":{"start":{"line":89,"column":26},"end":{"line":89,"column":88}},"36":{"start":{"line":90,"column":25},"end":{"line":90,"column":73}},"37":{"start":{"line":92,"column":8},"end":{"line":102,"column":10}},"38":{"start":{"line":106,"column":0},"end":{"line":106,"column":39}}},"fnMap":{"0":{"name":"(anonymous_0)","decl":{"start":{"line":6,"column":4},"end":{"line":6,"column":5}},"loc":{"start":{"line":6,"column":26},"end":{"line":9,"column":5}},"line":6},"1":{"name":"(anonymous_1)","decl":{"start":{"line":11,"column":4},"end":{"line":11,"column":5}},"loc":{"start":{"line":11,"column":14},"end":{"line":13,"column":5}},"line":11},"2":{"name":"(anonymous_2)","decl":{"start":{"line":15,"column":4},"end":{"line":15,"column":5}},"loc":{"start":{"line":15,"column":21},"end":{"line":26,"column":5}},"line":15},"3":{"name":"(anonymous_3)","decl":{"start":{"line":28,"column":4},"end":{"line":28,"column":5}},"loc":{"start":{"line":28,"column":27},"end":{"line":32,"column":5}},"line":28},"4":{"name":"(anonymous_4)","decl":{"start":{"line":34,"column":4},"end":{"line":34,"column":5}},"loc":{"start":{"line":34,"column":31},"end":{"line":38,"column":5}},"line":34},"5":{"name":"(anonymous_5)","decl":{"start":{"line":37,"column":24},"end":{"line":37,"column":25}},"loc":{"start":{"line":37,"column":31},"end":{"line":37,"column":49}},"line":37},"6":{"name":"(anonymous_6)","decl":{"start":{"line":40,"column":4},"end":{"line":40,"column":5}},"loc":{"start":{"line":40,"column":48},"end":{"line":44,"column":5}},"line":40},"7":{"name":"(anonymous_7)","decl":{"start":{"line":43,"column":24},"end":{"line":43,"column":25}},"loc":{"start":{"line":43,"column":31},"end":{"line":43,"column":49}},"line":43},"8":{"name":"(anonymous_8)","decl":{"start":{"line":46,"column":4},"end":{"line":46,"column":5}},"loc":{"start":{"line":46,"column":23},"end":{"line":65,"column":5}},"line":46},"9":{"name":"(anonymous_9)","decl":{"start":{"line":67,"column":4},"end":{"line":67,"column":5}},"loc":{"start":{"line":67,"column":25},"end":{"line":71,"column":5}},"line":67},"10":{"name":"(anonymous_10)","decl":{"start":{"line":73,"column":4},"end":{"line":73,"column":5}},"loc":{"start":{"line":73,"column":33},"end":{"line":77,"column":5}},"line":73},"11":{"name":"(anonymous_11)","decl":{"start":{"line":79,"column":4},"end":{"line":79,"column":5}},"loc":{"start":{"line":79,"column":49},"end":{"line":82,"column":5}},"line":79},"12":{"name":"(anonymous_12)","decl":{"start":{"line":84,"column":4},"end":{"line":84,"column":5}},"loc":{"start":{"line":84,"column":18},"end":{"line":103,"column":5}},"line":84}},"branchMap":{"0":{"loc":{"start":{"line":31,"column":15},"end":{"line":31,"column":46}},"type":"cond-expr","locations":[{"start":{"line":31,"column":21},"end":{"line":31,"column":39}},{"start":{"line":31,"column":42},"end":{"line":31,"column":46}}],"line":31},"1":{"loc":{"start":{"line":57,"column":8},"end":{"line":59,"column":9}},"type":"if","locations":[{"start":{"line":57,"column":8},"end":{"line":59,"column":9}},{"start":{},"end":{}}],"line":57},"2":{"loc":{"start":{"line":89,"column":26},"end":{"line":89,"column":88}},"type":"cond-expr","locations":[{"start":{"line":89,"column":57},"end":{"line":89,"column":71}},{"start":{"line":89,"column":74},"end":{"line":89,"column":88}}],"line":89},"3":{"loc":{"start":{"line":90,"column":25},"end":{"line":90,"column":73}},"type":"cond-expr","locations":[{"start":{"line":90,"column":54},"end":{"line":90,"column":66}},{"start":{"line":90,"column":69},"end":{"line":90,"column":73}}],"line":90}},"s":{"0":2,"1":2,"2":2,"3":2,"4":2,"5":65,"6":8,"7":8,"8":8,"9":29,"10":29,"11":29,"12":3,"13":3,"14":3,"15":144,"16":3,"17":3,"18":3,"19":2,"20":13,"21":13,"22":13,"23":0,"24":13,"25":13,"26":1,"27":1,"28":1,"29":0,"30":0,"31":0,"32":8,"33":8,"34":190,"35":190,"36":190,"37":190,"38":2},"f":{"0":2,"1":65,"2":8,"3":29,"4":3,"5":144,"6":3,"7":2,"8":13,"9":1,"10":0,"11":8,"12":190},"b":{"0":[23,6],"1":[0,13],"2":[190,0],"3":[190,0]},"_coverageSchema":"1a1c01bbd47fc00a2c39e90264f33305004495a9","hash":"dd6e3557c571baf15e42baeb330a609190fe3cad"}
,"D:\\VisualStudioCode\\CodebaseWinter2025\\CUOIKI\\JS-TaskManager\\adapters\\repositories\\SqlUserRepository.js": {"path":"D:\\VisualStudioCode\\CodebaseWinter2025\\CUOIKI\\JS-TaskManager\\adapters\\repositories\\SqlUserRepository.js","statementMap":{"0":{"start":{"line":1,"column":27},"end":{"line":1,"column":73}},"1":{"start":{"line":2,"column":17},"end":{"line":2,"column":54}},"2":{"start":{"line":3,"column":22},"end":{"line":3,"column":79}},"3":{"start":{"line":7,"column":8},"end":{"line":7,"column":16}},"4":{"start":{"line":8,"column":8},"end":{"line":8,"column":33}},"5":{"start":{"line":12,"column":8},"end":{"line":12,"column":39}},"6":{"start":{"line":16,"column":21},"end":{"line":16,"column":35}},"7":{"start":{"line":17,"column":25},"end":{"line":21,"column":10}},"8":{"start":{"line":22,"column":8},"end":{"line":22,"column":39}},"9":{"start":{"line":26,"column":21},"end":{"line":26,"column":35}},"10":{"start":{"line":27,"column":20},"end":{"line":27,"column":58}},"11":{"start":{"line":28,"column":8},"end":{"line":28,"column":47}},"12":{"start":{"line":32,"column":21},"end":{"line":32,"column":35}},"13":{"start":{"line":33,"column":20},"end":{"line":33,"column":60}},"14":{"start":{"line":34,"column":8},"end":{"line":34,"column":47}},"15":{"start":{"line":38,"column":21},"end":{"line":38,"column":35}},"16":{"start":{"line":39,"column":20},"end":{"line":39,"column":66}},"17":{"start":{"line":40,"column":8},"end":{"line":40,"column":47}},"18":{"start":{"line":44,"column":21},"end":{"line":44,"column":35}},"19":{"start":{"line":45,"column":27},"end":{"line":48,"column":10}},"20":{"start":{"line":50,"column":8},"end":{"line":52,"column":9}},"21":{"start":{"line":51,"column":12},"end":{"line":51,"column":70}},"22":{"start":{"line":55,"column":8},"end":{"line":57,"column":9}},"23":{"start":{"line":56,"column":12},"end":{"line":56,"column":83}},"24":{"start":{"line":59,"column":8},"end":{"line":59,"column":41}},"25":{"start":{"line":63,"column":21},"end":{"line":63,"column":35}},"26":{"start":{"line":64,"column":8},"end":{"line":64,"column":45}},"27":{"start":{"line":65,"column":8},"end":{"line":65,"column":20}},"28":{"start":{"line":69,"column":21},"end":{"line":69,"column":35}},"29":{"start":{"line":70,"column":8},"end":{"line":70,"column":58}},"30":{"start":{"line":74,"column":21},"end":{"line":74,"column":35}},"31":{"start":{"line":75,"column":8},"end":{"line":75,"column":64}},"32":{"start":{"line":79,"column":8},"end":{"line":86,"column":10}},"33":{"start":{"line":90,"column":0},"end":{"line":90,"column":39}}},"fnMap":{"0":{"name":"(anonymous_0)","decl":{"start":{"line":6,"column":4},"end":{"line":6,"column":5}},"loc":{"start":{"line":6,"column":26},"end":{"line":9,"column":5}},"line":6},"1":{"name":"(anonymous_1)","decl":{"start":{"line":11,"column":4},"end":{"line":11,"column":5}},"loc":{"start":{"line":11,"column":14},"end":{"line":13,"column":5}},"line":11},"2":{"name":"(anonymous_2)","decl":{"start":{"line":15,"column":4},"end":{"line":15,"column":5}},"loc":{"start":{"line":15,"column":21},"end":{"line":23,"column":5}},"line":15},"3":{"name":"(anonymous_3)","decl":{"start":{"line":25,"column":4},"end":{"line":25,"column":5}},"loc":{"start":{"line":25,"column":27},"end":{"line":29,"column":5}},"line":25},"4":{"name":"(anonymous_4)","decl":{"start":{"line":31,"column":4},"end":{"line":31,"column":5}},"loc":{"start":{"line":31,"column":29},"end":{"line":35,"column":5}},"line":31},"5":{"name":"(anonymous_5)","decl":{"start":{"line":37,"column":4},"end":{"line":37,"column":5}},"loc":{"start":{"line":37,"column":35},"end":{"line":41,"column":5}},"line":37},"6":{"name":"(anonymous_6)","decl":{"start":{"line":43,"column":4},"end":{"line":43,"column":5}},"loc":{"start":{"line":43,"column":23},"end":{"line":60,"column":5}},"line":43},"7":{"name":"(anonymous_7)","decl":{"start":{"line":62,"column":4},"end":{"line":62,"column":5}},"loc":{"start":{"line":62,"column":25},"end":{"line":66,"column":5}},"line":62},"8":{"name":"(anonymous_8)","decl":{"start":{"line":68,"column":4},"end":{"line":68,"column":5}},"loc":{"start":{"line":68,"column":31},"end":{"line":71,"column":5}},"line":68},"9":{"name":"(anonymous_9)","decl":{"start":{"line":73,"column":4},"end":{"line":73,"column":5}},"loc":{"start":{"line":73,"column":37},"end":{"line":76,"column":5}},"line":73},"10":{"name":"(anonymous_10)","decl":{"start":{"line":78,"column":4},"end":{"line":78,"column":5}},"loc":{"start":{"line":78,"column":18},"end":{"line":87,"column":5}},"line":78}},"branchMap":{"0":{"loc":{"start":{"line":28,"column":15},"end":{"line":28,"column":46}},"type":"cond-expr","locations":[{"start":{"line":28,"column":21},"end":{"line":28,"column":39}},{"start":{"line":28,"column":42},"end":{"line":28,"column":46}}],"line":28},"1":{"loc":{"start":{"line":34,"column":15},"end":{"line":34,"column":46}},"type":"cond-expr","locations":[{"start":{"line":34,"column":21},"end":{"line":34,"column":39}},{"start":{"line":34,"column":42},"end":{"line":34,"column":46}}],"line":34},"2":{"loc":{"start":{"line":40,"column":15},"end":{"line":40,"column":46}},"type":"cond-expr","locations":[{"start":{"line":40,"column":21},"end":{"line":40,"column":39}},{"start":{"line":40,"column":42},"end":{"line":40,"column":46}}],"line":40},"3":{"loc":{"start":{"line":50,"column":8},"end":{"line":52,"column":9}},"type":"if","locations":[{"start":{"line":50,"column":8},"end":{"line":52,"column":9}},{"start":{},"end":{}}],"line":50},"4":{"loc":{"start":{"line":55,"column":8},"end":{"line":57,"column":9}},"type":"if","locations":[{"start":{"line":55,"column":8},"end":{"line":57,"column":9}},{"start":{},"end":{}}],"line":55}},"s":{"0":3,"1":3,"2":3,"3":4,"4":4,"5":58,"6":3,"7":3,"8":3,"9":44,"10":44,"11":44,"12":4,"13":4,"14":4,"15":0,"16":0,"17":0,"18":0,"19":0,"20":0,"21":0,"22":0,"23":0,"24":0,"25":3,"26":3,"27":3,"28":2,"29":2,"30":2,"31":2,"32":48,"33":3},"f":{"0":4,"1":58,"2":3,"3":44,"4":4,"5":0,"6":0,"7":3,"8":2,"9":2,"10":48},"b":{"0":[42,2],"1":[3,1],"2":[0,0],"3":[0,0],"4":[0,0]},"_coverageSchema":"1a1c01bbd47fc00a2c39e90264f33305004495a9","hash":"237e42b48adf4872d3d8e8c7c524bad505107004"}
,"D:\\VisualStudioCode\\CodebaseWinter2025\\CUOIKI\\JS-TaskManager\\business\\index.js": {"path":"D:\\VisualStudioCode\\CodebaseWinter2025\\CUOIKI\\JS-TaskManager\\business\\index.js","statementMap":{"0":{"start":{"line":4,"column":0},"end":{"line":40,"column":2}}},"fnMap":{},"branchMap":{},"s":{"0":1},"f":{},"b":{},"_coverageSchema":"1a1c01bbd47fc00a2c39e90264f33305004495a9","hash":"e8d4e1845338199fc23d5d37cfa0baa0f7e8dfe2"}
,"D:\\VisualStudioCode\\CodebaseWinter2025\\CUOIKI\\JS-TaskManager\\business\\dto\\ChangeTaskStatusDTO.js": {"path":"D:\\VisualStudioCode\\CodebaseWinter2025\\CUOIKI\\JS-TaskManager\\business\\dto\\ChangeTaskStatusDTO.js","statementMap":{"0":{"start":{"line":4,"column":8},"end":{"line":4,"column":29}},"1":{"start":{"line":5,"column":8},"end":{"line":5,"column":29}},"2":{"start":{"line":6,"column":8},"end":{"line":6,"column":29}},"3":{"start":{"line":12,"column":8},"end":{"line":12,"column":29}},"4":{"start":{"line":13,"column":8},"end":{"line":13,"column":27}},"5":{"start":{"line":14,"column":8},"end":{"line":14,"column":39}},"6":{"start":{"line":15,"column":8},"end":{"line":15,"column":29}},"7":{"start":{"line":16,"column":8},"end":{"line":16,"column":29}},"8":{"start":{"line":17,"column":8},"end":{"line":17,"column":35}},"9":{"start":{"line":18,"column":8},"end":{"line":18,"column":33}},"10":{"start":{"line":19,"column":8},"end":{"line":19,"column":33}},"11":{"start":{"line":20,"column":8},"end":{"line":20,"column":35}},"12":{"start":{"line":21,"column":8},"end":{"line":21,"column":35}},"13":{"start":{"line":25,"column":8},"end":{"line":36,"column":10}},"14":{"start":{"line":40,"column":0},"end":{"line":40,"column":73}}},"fnMap":{"0":{"name":"(anonymous_0)","decl":{"start":{"line":3,"column":4},"end":{"line":3,"column":5}},"loc":{"start":{"line":3,"column":40},"end":{"line":7,"column":5}},"line":3},"1":{"name":"(anonymous_1)","decl":{"start":{"line":11,"column":4},"end":{"line":11,"column":5}},"loc":{"start":{"line":11,"column":113},"end":{"line":22,"column":5}},"line":11},"2":{"name":"(anonymous_2)","decl":{"start":{"line":24,"column":4},"end":{"line":24,"column":5}},"loc":{"start":{"line":24,"column":26},"end":{"line":37,"column":5}},"line":24}},"branchMap":{},"s":{"0":0,"1":0,"2":0,"3":8,"4":8,"5":8,"6":8,"7":8,"8":8,"9":8,"10":8,"11":8,"12":8,"13":8,"14":2},"f":{"0":0,"1":8,"2":8},"b":{},"_coverageSchema":"1a1c01bbd47fc00a2c39e90264f33305004495a9","hash":"f19dbc73365856460b365b9804c1c6c646424060"}
,"D:\\VisualStudioCode\\CodebaseWinter2025\\CUOIKI\\JS-TaskManager\\business\\dto\\CreateTaskDTO.js": {"path":"D:\\VisualStudioCode\\CodebaseWinter2025\\CUOIKI\\JS-TaskManager\\business\\dto\\CreateTaskDTO.js","statementMap":{"0":{"start":{"line":4,"column":8},"end":{"line":4,"column":27}},"1":{"start":{"line":5,"column":8},"end":{"line":5,"column":39}},"2":{"start":{"line":6,"column":8},"end":{"line":6,"column":29}},"3":{"start":{"line":7,"column":8},"end":{"line":7,"column":35}},"4":{"start":{"line":8,"column":8},"end":{"line":8,"column":33}},"5":{"start":{"line":14,"column":8},"end":{"line":14,"column":29}},"6":{"start":{"line":15,"column":8},"end":{"line":15,"column":27}},"7":{"start":{"line":16,"column":8},"end":{"line":16,"column":39}},"8":{"start":{"line":17,"column":8},"end":{"line":17,"column":29}},"9":{"start":{"line":18,"column":8},"end":{"line":18,"column":29}},"10":{"start":{"line":19,"column":8},"end":{"line":19,"column":35}},"11":{"start":{"line":20,"column":8},"end":{"line":20,"column":33}},"12":{"start":{"line":21,"column":8},"end":{"line":21,"column":35}},"13":{"start":{"line":25,"column":8},"end":{"line":34,"column":10}},"14":{"start":{"line":38,"column":0},"end":{"line":38,"column":61}}},"fnMap":{"0":{"name":"(anonymous_0)","decl":{"start":{"line":3,"column":4},"end":{"line":3,"column":5}},"loc":{"start":{"line":3,"column":79},"end":{"line":9,"column":5}},"line":3},"1":{"name":"(anonymous_1)","decl":{"start":{"line":13,"column":4},"end":{"line":13,"column":5}},"loc":{"start":{"line":13,"column":92},"end":{"line":22,"column":5}},"line":13},"2":{"name":"(anonymous_2)","decl":{"start":{"line":24,"column":4},"end":{"line":24,"column":5}},"loc":{"start":{"line":24,"column":26},"end":{"line":35,"column":5}},"line":24}},"branchMap":{"0":{"loc":{"start":{"line":3,"column":44},"end":{"line":3,"column":60}},"type":"default-arg","locations":[{"start":{"line":3,"column":56},"end":{"line":3,"column":60}}],"line":3},"1":{"loc":{"start":{"line":3,"column":62},"end":{"line":3,"column":77}},"type":"default-arg","locations":[{"start":{"line":3,"column":73},"end":{"line":3,"column":77}}],"line":3}},"s":{"0":12,"1":12,"2":12,"3":12,"4":12,"5":9,"6":9,"7":9,"8":9,"9":9,"10":9,"11":9,"12":9,"13":9,"14":2},"f":{"0":12,"1":9,"2":9},"b":{"0":[4],"1":[4]},"_coverageSchema":"1a1c01bbd47fc00a2c39e90264f33305004495a9","hash":"24518e34bb184f81e10c47871df172565c3ad2f6"}
,"D:\\VisualStudioCode\\CodebaseWinter2025\\CUOIKI\\JS-TaskManager\\business\\dto\\DeleteTaskDTO.js": {"path":"D:\\VisualStudioCode\\CodebaseWinter2025\\CUOIKI\\JS-TaskManager\\business\\dto\\DeleteTaskDTO.js","statementMap":{"0":{"start":{"line":4,"column":8},"end":{"line":4,"column":29}},"1":{"start":{"line":5,"column":8},"end":{"line":5,"column":29}},"2":{"start":{"line":11,"column":8},"end":{"line":11,"column":29}},"3":{"start":{"line":12,"column":8},"end":{"line":12,"column":31}},"4":{"start":{"line":13,"column":8},"end":{"line":13,"column":31}},"5":{"start":{"line":17,"column":0},"end":{"line":17,"column":61}}},"fnMap":{"0":{"name":"(anonymous_0)","decl":{"start":{"line":3,"column":4},"end":{"line":3,"column":5}},"loc":{"start":{"line":3,"column":32},"end":{"line":6,"column":5}},"line":3},"1":{"name":"(anonymous_1)","decl":{"start":{"line":10,"column":4},"end":{"line":10,"column":5}},"loc":{"start":{"line":10,"column":42},"end":{"line":14,"column":5}},"line":10}},"branchMap":{},"s":{"0":13,"1":13,"2":8,"3":8,"4":8,"5":2},"f":{"0":13,"1":8},"b":{},"_coverageSchema":"1a1c01bbd47fc00a2c39e90264f33305004495a9","hash":"0b8434a8ec3026b823ba143530e92b0ab1883061"}
,"D:\\VisualStudioCode\\CodebaseWinter2025\\CUOIKI\\JS-TaskManager\\business\\dto\\GetTaskDTO.js": {"path":"D:\\VisualStudioCode\\CodebaseWinter2025\\CUOIKI\\JS-TaskManager\\business\\dto\\GetTaskDTO.js","statementMap":{"0":{"start":{"line":4,"column":8},"end":{"line":4,"column":29}},"1":{"start":{"line":5,"column":8},"end":{"line":5,"column":29}},"2":{"start":{"line":11,"column":8},"end":{"line":23,"column":12}},"3":{"start":{"line":11,"column":40},"end":{"line":23,"column":9}},"4":{"start":{"line":24,"column":8},"end":{"line":24,"column":34}},"5":{"start":{"line":30,"column":8},"end":{"line":30,"column":29}},"6":{"start":{"line":31,"column":8},"end":{"line":31,"column":29}},"7":{"start":{"line":37,"column":8},"end":{"line":37,"column":35}},"8":{"start":{"line":38,"column":8},"end":{"line":38,"column":37}},"9":{"start":{"line":39,"column":8},"end":{"line":39,"column":49}},"10":{"start":{"line":40,"column":8},"end":{"line":40,"column":39}},"11":{"start":{"line":41,"column":8},"end":{"line":41,"column":39}},"12":{"start":{"line":42,"column":8},"end":{"line":42,"column":45}},"13":{"start":{"line":43,"column":8},"end":{"line":43,"column":43}},"14":{"start":{"line":44,"column":8},"end":{"line":44,"column":53}},"15":{"start":{"line":45,"column":8},"end":{"line":45,"column":42}},"16":{"start":{"line":46,"column":8},"end":{"line":46,"column":45}},"17":{"start":{"line":47,"column":8},"end":{"line":47,"column":45}},"18":{"start":{"line":51,"column":0},"end":{"line":56,"column":2}}},"fnMap":{"0":{"name":"(anonymous_0)","decl":{"start":{"line":3,"column":4},"end":{"line":3,"column":5}},"loc":{"start":{"line":3,"column":39},"end":{"line":6,"column":5}},"line":3},"1":{"name":"(anonymous_1)","decl":{"start":{"line":10,"column":4},"end":{"line":10,"column":5}},"loc":{"start":{"line":10,"column":23},"end":{"line":25,"column":5}},"line":10},"2":{"name":"(anonymous_2)","decl":{"start":{"line":11,"column":31},"end":{"line":11,"column":32}},"loc":{"start":{"line":11,"column":40},"end":{"line":23,"column":9}},"line":11},"3":{"name":"(anonymous_3)","decl":{"start":{"line":29,"column":4},"end":{"line":29,"column":5}},"loc":{"start":{"line":29,"column":32},"end":{"line":32,"column":5}},"line":29},"4":{"name":"(anonymous_4)","decl":{"start":{"line":36,"column":4},"end":{"line":36,"column":5}},"loc":{"start":{"line":36,"column":22},"end":{"line":48,"column":5}},"line":36}},"branchMap":{"0":{"loc":{"start":{"line":3,"column":24},"end":{"line":3,"column":37}},"type":"default-arg","locations":[{"start":{"line":3,"column":33},"end":{"line":3,"column":37}}],"line":3}},"s":{"0":7,"1":7,"2":6,"3":147,"4":6,"5":12,"6":12,"7":7,"8":7,"9":7,"10":7,"11":7,"12":7,"13":7,"14":7,"15":7,"16":7,"17":7,"18":3},"f":{"0":7,"1":6,"2":147,"3":12,"4":7},"b":{"0":[1]},"_coverageSchema":"1a1c01bbd47fc00a2c39e90264f33305004495a9","hash":"dcfad13e3297813c5e02861baee087f594740be2"}
,"D:\\VisualStudioCode\\CodebaseWinter2025\\CUOIKI\\JS-TaskManager\\business\\dto\\GetTaskStatisticsDTO.js": {"path":"D:\\VisualStudioCode\\CodebaseWinter2025\\CUOIKI\\JS-TaskManager\\business\\dto\\GetTaskStatisticsDTO.js","statementMap":{"0":{"start":{"line":4,"column":8},"end":{"line":4,"column":29}},"1":{"start":{"line":10,"column":8},"end":{"line":10,"column":32}},"2":{"start":{"line":11,"column":8},"end":{"line":11,"column":36}},"3":{"start":{"line":12,"column":8},"end":{"line":12,"column":42}},"4":{"start":{"line":13,"column":8},"end":{"line":13,"column":40}},"5":{"start":{"line":14,"column":8},"end":{"line":14,"column":45}},"6":{"start":{"line":18,"column":0},"end":{"line":18,"column":75}}},"fnMap":{"0":{"name":"(anonymous_0)","decl":{"start":{"line":3,"column":4},"end":{"line":3,"column":5}},"loc":{"start":{"line":3,"column":24},"end":{"line":5,"column":5}},"line":3},"1":{"name":"(anonymous_1)","decl":{"start":{"line":9,"column":4},"end":{"line":9,"column":5}},"loc":{"start":{"line":9,"column":71},"end":{"line":15,"column":5}},"line":9}},"branchMap":{},"s":{"0":0,"1":4,"2":4,"3":4,"4":4,"5":4,"6":2},"f":{"0":0,"1":4},"b":{},"_coverageSchema":"1a1c01bbd47fc00a2c39e90264f33305004495a9","hash":"98202cac4ea5691bb2dc2a065a4692c8b7abfa4e"}
,"D:\\VisualStudioCode\\CodebaseWinter2025\\CUOIKI\\JS-TaskManager\\business\\dto\\LoginUserDTO.js": {"path":"D:\\VisualStudioCode\\CodebaseWinter2025\\CUOIKI\\JS-TaskManager\\business\\dto\\LoginUserDTO.js","statementMap":{"0":{"start":{"line":4,"column":8},"end":{"line":4,"column":27}},"1":{"start":{"line":5,"column":8},"end":{"line":5,"column":33}},"2":{"start":{"line":11,"column":8},"end":{"line":11,"column":27}},"3":{"start":{"line":12,"column":8},"end":{"line":16,"column":10}},"4":{"start":{"line":20,"column":0},"end":{"line":20,"column":59}}},"fnMap":{"0":{"name":"(anonymous_0)","decl":{"start":{"line":3,"column":4},"end":{"line":3,"column":5}},"loc":{"start":{"line":3,"column":33},"end":{"line":6,"column":5}},"line":3},"1":{"name":"(anonymous_1)","decl":{"start":{"line":10,"column":4},"end":{"line":10,"column":5}},"loc":{"start":{"line":10,"column":29},"end":{"line":17,"column":5}},"line":10}},"branchMap":{},"s":{"0":9,"1":9,"2":3,"3":3,"4":3},"f":{"0":9,"1":3},"b":{},"_coverageSchema":"1a1c01bbd47fc00a2c39e90264f33305004495a9","hash":"748b9c641556931bc5e327876530c3cc4d4f1def"}
,"D:\\VisualStudioCode\\CodebaseWinter2025\\CUOIKI\\JS-TaskManager\\business\\dto\\RegisterUserDTO.js": {"path":"D:\\VisualStudioCode\\CodebaseWinter2025\\CUOIKI\\JS-TaskManager\\business\\dto\\RegisterUserDTO.js","statementMap":{"0":{"start":{"line":4,"column":8},"end":{"line":4,"column":33}},"1":{"start":{"line":5,"column":8},"end":{"line":5,"column":27}},"2":{"start":{"line":6,"column":8},"end":{"line":6,"column":33}},"3":{"start":{"line":12,"column":8},"end":{"line":12,"column":29}},"4":{"start":{"line":13,"column":8},"end":{"line":13,"column":33}},"5":{"start":{"line":14,"column":8},"end":{"line":14,"column":27}},"6":{"start":{"line":15,"column":8},"end":{"line":15,"column":35}},"7":{"start":{"line":19,"column":8},"end":{"line":24,"column":10}},"8":{"start":{"line":28,"column":0},"end":{"line":28,"column":65}}},"fnMap":{"0":{"name":"(anonymous_0)","decl":{"start":{"line":3,"column":4},"end":{"line":3,"column":5}},"loc":{"start":{"line":3,"column":43},"end":{"line":7,"column":5}},"line":3},"1":{"name":"(anonymous_1)","decl":{"start":{"line":11,"column":4},"end":{"line":11,"column":5}},"loc":{"start":{"line":11,"column":52},"end":{"line":16,"column":5}},"line":11},"2":{"name":"(anonymous_2)","decl":{"start":{"line":18,"column":4},"end":{"line":18,"column":5}},"loc":{"start":{"line":18,"column":26},"end":{"line":25,"column":5}},"line":18}},"branchMap":{},"s":{"0":10,"1":10,"2":10,"3":1,"4":1,"5":1,"6":1,"7":1,"8":3},"f":{"0":10,"1":1,"2":1},"b":{},"_coverageSchema":"1a1c01bbd47fc00a2c39e90264f33305004495a9","hash":"e14b7ec10ea7add6ddfccdf90aa1ca7277af9025"}
,"D:\\VisualStudioCode\\CodebaseWinter2025\\CUOIKI\\JS-TaskManager\\business\\dto\\StatisticsDisplayDTO.js": {"path":"D:\\VisualStudioCode\\CodebaseWinter2025\\CUOIKI\\JS-TaskManager\\business\\dto\\StatisticsDisplayDTO.js","statementMap":{"0":{"start":{"line":16,"column":8},"end":{"line":16,"column":37}},"1":{"start":{"line":17,"column":8},"end":{"line":17,"column":45}},"2":{"start":{"line":18,"column":8},"end":{"line":18,"column":41}},"3":{"start":{"line":19,"column":8},"end":{"line":19,"column":47}},"4":{"start":{"line":20,"column":8},"end":{"line":20,"column":45}},"5":{"start":{"line":21,"column":8},"end":{"line":21,"column":39}},"6":{"start":{"line":22,"column":8},"end":{"line":22,"column":45}},"7":{"start":{"line":23,"column":8},"end":{"line":23,"column":41}},"8":{"start":{"line":24,"column":8},"end":{"line":24,"column":45}},"9":{"start":{"line":26,"column":8},"end":{"line":26,"column":69}},"10":{"start":{"line":27,"column":8},"end":{"line":27,"column":89}},"11":{"start":{"line":28,"column":8},"end":{"line":28,"column":86}},"12":{"start":{"line":29,"column":8},"end":{"line":29,"column":91}},"13":{"start":{"line":30,"column":8},"end":{"line":30,"column":91}},"14":{"start":{"line":31,"column":8},"end":{"line":31,"column":91}},"15":{"start":{"line":32,"column":8},"end":{"line":32,"column":87}},"16":{"start":{"line":33,"column":8},"end":{"line":33,"column":84}},"17":{"start":{"line":34,"column":8},"end":{"line":34,"column":60}},"18":{"start":{"line":36,"column":8},"end":{"line":36,"column":66}},"19":{"start":{"line":36,"column":48},"end":{"line":36,"column":64}},"20":{"start":{"line":40,"column":8},"end":{"line":42,"column":9}},"21":{"start":{"line":41,"column":12},"end":{"line":41,"column":34}},"22":{"start":{"line":43,"column":8},"end":{"line":43,"column":37}},"23":{"start":{"line":47,"column":8},"end":{"line":69,"column":10}},"24":{"start":{"line":73,"column":0},"end":{"line":73,"column":38}}},"fnMap":{"0":{"name":"(anonymous_0)","decl":{"start":{"line":4,"column":4},"end":{"line":4,"column":5}},"loc":{"start":{"line":15,"column":7},"end":{"line":37,"column":5}},"line":15},"1":{"name":"(anonymous_1)","decl":{"start":{"line":36,"column":37},"end":{"line":36,"column":38}},"loc":{"start":{"line":36,"column":48},"end":{"line":36,"column":64}},"line":36},"2":{"name":"(anonymous_2)","decl":{"start":{"line":39,"column":4},"end":{"line":39,"column":5}},"loc":{"start":{"line":39,"column":51},"end":{"line":44,"column":5}},"line":39},"3":{"name":"(anonymous_3)","decl":{"start":{"line":46,"column":4},"end":{"line":46,"column":5}},"loc":{"start":{"line":46,"column":13},"end":{"line":70,"column":5}},"line":46}},"branchMap":{"0":{"loc":{"start":{"line":14,"column":8},"end":{"line":14,"column":21}},"type":"default-arg","locations":[{"start":{"line":14,"column":19},"end":{"line":14,"column":21}}],"line":14},"1":{"loc":{"start":{"line":39,"column":28},"end":{"line":39,"column":49}},"type":"default-arg","locations":[{"start":{"line":39,"column":38},"end":{"line":39,"column":49}}],"line":39},"2":{"loc":{"start":{"line":40,"column":8},"end":{"line":42,"column":9}},"type":"if","locations":[{"start":{"line":40,"column":8},"end":{"line":42,"column":9}},{"start":{},"end":{}}],"line":40}},"s":{"0":18,"1":18,"2":18,"3":18,"4":18,"5":18,"6":18,"7":18,"8":18,"9":18,"10":18,"11":18,"12":18,"13":18,"14":18,"15":18,"16":18,"17":18,"18":18,"19":18,"20":144,"21":100,"22":44,"23":0,"24":2},"f":{"0":18,"1":18,"2":144,"3":0},"b":{"0":[0],"1":[18],"2":[100,44]},"_coverageSchema":"1a1c01bbd47fc00a2c39e90264f33305004495a9","hash":"445b44bef09ec82172c2c9e36984ae0309d6727b"}
,"D:\\VisualStudioCode\\CodebaseWinter2025\\CUOIKI\\JS-TaskManager\\business\\dto\\TaskDisplayDTO.js": {"path":"D:\\VisualStudioCode\\CodebaseWinter2025\\CUOIKI\\JS-TaskManager\\business\\dto\\TaskDisplayDTO.js","statementMap":{"0":{"start":{"line":19,"column":8},"end":{"line":19,"column":21}},"1":{"start":{"line":20,"column":8},"end":{"line":20,"column":27}},"2":{"start":{"line":21,"column":8},"end":{"line":21,"column":39}},"3":{"start":{"line":22,"column":8},"end":{"line":22,"column":29}},"4":{"start":{"line":23,"column":8},"end":{"line":23,"column":29}},"5":{"start":{"line":24,"column":8},"end":{"line":24,"column":35}},"6":{"start":{"line":25,"column":8},"end":{"line":25,"column":35}},"7":{"start":{"line":26,"column":8},"end":{"line":26,"column":35}},"8":{"start":{"line":27,"column":8},"end":{"line":27,"column":33}},"9":{"start":{"line":28,"column":8},"end":{"line":28,"column":33}},"10":{"start":{"line":29,"column":8},"end":{"line":29,"column":35}},"11":{"start":{"line":31,"column":8},"end":{"line":31,"column":49}},"12":{"start":{"line":32,"column":8},"end":{"line":32,"column":51}},"13":{"start":{"line":33,"column":8},"end":{"line":33,"column":55}},"14":{"start":{"line":34,"column":8},"end":{"line":34,"column":65}},"15":{"start":{"line":35,"column":8},"end":{"line":35,"column":63}},"16":{"start":{"line":36,"column":8},"end":{"line":36,"column":53}},"17":{"start":{"line":37,"column":8},"end":{"line":37,"column":57}},"18":{"start":{"line":38,"column":8},"end":{"line":38,"column":61}},"19":{"start":{"line":39,"column":8},"end":{"line":39,"column":43}},"20":{"start":{"line":40,"column":8},"end":{"line":40,"column":47}},"21":{"start":{"line":41,"column":8},"end":{"line":41,"column":51}},"22":{"start":{"line":42,"column":8},"end":{"line":42,"column":37}},"23":{"start":{"line":46,"column":8},"end":{"line":71,"column":10}},"24":{"start":{"line":75,"column":0},"end":{"line":75,"column":32}}},"fnMap":{"0":{"name":"(anonymous_0)","decl":{"start":{"line":4,"column":4},"end":{"line":4,"column":5}},"loc":{"start":{"line":18,"column":7},"end":{"line":43,"column":5}},"line":18},"1":{"name":"(anonymous_1)","decl":{"start":{"line":45,"column":4},"end":{"line":45,"column":5}},"loc":{"start":{"line":45,"column":13},"end":{"line":72,"column":5}},"line":45}},"branchMap":{},"s":{"0":0,"1":0,"2":0,"3":0,"4":0,"5":0,"6":0,"7":0,"8":0,"9":0,"10":0,"11":0,"12":0,"13":0,"14":0,"15":0,"16":0,"17":0,"18":0,"19":0,"20":0,"21":0,"22":0,"23":0,"24":1},"f":{"0":0,"1":0},"b":{},"_coverageSchema":"1a1c01bbd47fc00a2c39e90264f33305004495a9","hash":"44e2aa04c18bf1b360de47f2089e3d8a7e17dfdf"}
,"D:\\VisualStudioCode\\CodebaseWinter2025\\CUOIKI\\JS-TaskManager\\business\\dto\\UpdateTaskDTO.js": {"path":"D:\\VisualStudioCode\\CodebaseWinter2025\\CUOIKI\\JS-TaskManager\\business\\dto\\UpdateTaskDTO.js","statementMap":{"0":{"start":{"line":4,"column":8},"end":{"line":4,"column":29}},"1":{"start":{"line":5,"column":8},"end":{"line":5,"column":27}},"2":{"start":{"line":6,"column":8},"end":{"line":6,"column":39}},"3":{"start":{"line":7,"column":8},"end":{"line":7,"column":29}},"4":{"start":{"line":8,"column":8},"end":{"line":8,"column":29}},"5":{"start":{"line":9,"column":8},"end":{"line":9,"column":35}},"6":{"start":{"line":10,"column":8},"end":{"line":10,"column":33}},"7":{"start":{"line":16,"column":8},"end":{"line":16,"column":29}},"8":{"start":{"line":17,"column":8},"end":{"line":17,"column":27}},"9":{"start":{"line":18,"column":8},"end":{"line":18,"column":39}},"10":{"start":{"line":19,"column":8},"end":{"line":19,"column":29}},"11":{"start":{"line":20,"column":8},"end":{"line":20,"column":29}},"12":{"start":{"line":21,"column":8},"end":{"line":21,"column":35}},"13":{"start":{"line":22,"column":8},"end":{"line":22,"column":33}},"14":{"start":{"line":23,"column":8},"end":{"line":23,"column":35}},"15":{"start":{"line":27,"column":8},"end":{"line":36,"column":10}},"16":{"start":{"line":40,"column":0},"end":{"line":40,"column":61}}},"fnMap":{"0":{"name":"(anonymous_0)","decl":{"start":{"line":3,"column":4},"end":{"line":3,"column":5}},"loc":{"start":{"line":3,"column":105},"end":{"line":11,"column":5}},"line":3},"1":{"name":"(anonymous_1)","decl":{"start":{"line":15,"column":4},"end":{"line":15,"column":5}},"loc":{"start":{"line":15,"column":92},"end":{"line":24,"column":5}},"line":15},"2":{"name":"(anonymous_2)","decl":{"start":{"line":26,"column":4},"end":{"line":26,"column":5}},"loc":{"start":{"line":26,"column":26},"end":{"line":37,"column":5}},"line":26}},"branchMap":{"0":{"loc":{"start":{"line":3,"column":60},"end":{"line":3,"column":81}},"type":"default-arg","locations":[{"start":{"line":3,"column":72},"end":{"line":3,"column":81}}],"line":3},"1":{"loc":{"start":{"line":3,"column":83},"end":{"line":3,"column":103}},"type":"default-arg","locations":[{"start":{"line":3,"column":94},"end":{"line":3,"column":103}}],"line":3}},"s":{"0":11,"1":11,"2":11,"3":11,"4":11,"5":11,"6":11,"7":5,"8":5,"9":5,"10":5,"11":5,"12":5,"13":5,"14":5,"15":5,"16":2},"f":{"0":11,"1":5,"2":5},"b":{"0":[10],"1":[9]},"_coverageSchema":"1a1c01bbd47fc00a2c39e90264f33305004495a9","hash":"90ce9cf28566f29b9a069b8054af44aa7032e083"}
,"D:\\VisualStudioCode\\CodebaseWinter2025\\CUOIKI\\JS-TaskManager\\business\\dto\\VerifyTokenDTO.js": {"path":"D:\\VisualStudioCode\\CodebaseWinter2025\\CUOIKI\\JS-TaskManager\\business\\dto\\VerifyTokenDTO.js","statementMap":{"0":{"start":{"line":4,"column":8},"end":{"line":4,"column":27}},"1":{"start":{"line":10,"column":8},"end":{"line":10,"column":29}},"2":{"start":{"line":11,"column":8},"end":{"line":11,"column":33}},"3":{"start":{"line":12,"column":8},"end":{"line":12,"column":27}},"4":{"start":{"line":16,"column":0},"end":{"line":16,"column":63}}},"fnMap":{"0":{"name":"(anonymous_0)","decl":{"start":{"line":3,"column":4},"end":{"line":3,"column":5}},"loc":{"start":{"line":3,"column":23},"end":{"line":5,"column":5}},"line":3},"1":{"name":"(anonymous_1)","decl":{"start":{"line":9,"column":4},"end":{"line":9,"column":5}},"loc":{"start":{"line":9,"column":41},"end":{"line":13,"column":5}},"line":9}},"branchMap":{},"s":{"0":0,"1":0,"2":0,"3":0,"4":2},"f":{"0":0,"1":0},"b":{},"_coverageSchema":"1a1c01bbd47fc00a2c39e90264f33305004495a9","hash":"3cc5e583a449505a5437141f75cdffc1f6f4eafb"}
,"D:\\VisualStudioCode\\CodebaseWinter2025\\CUOIKI\\JS-TaskManager\\business\\ports\\PasswordService.js": {"path":"D:\\VisualStudioCode\\CodebaseWinter2025\\CUOIKI\\JS-TaskManager\\business\\ports\\PasswordService.js","statementMap":{"0":{"start":{"line":5,"column":8},"end":{"line":5,"column":50}},"1":{"start":{"line":9,"column":8},"end":{"line":9,"column":50}},"2":{"start":{"line":13,"column":0},"end":{"line":13,"column":37}}},"fnMap":{"0":{"name":"(anonymous_0)","decl":{"start":{"line":4,"column":4},"end":{"line":4,"column":5}},"loc":{"start":{"line":4,"column":30},"end":{"line":6,"column":5}},"line":4},"1":{"name":"(anonymous_1)","decl":{"start":{"line":8,"column":4},"end":{"line":8,"column":5}},"loc":{"start":{"line":8,"column":48},"end":{"line":10,"column":5}},"line":8}},"branchMap":{},"s":{"0":0,"1":0,"2":2},"f":{"0":0,"1":0},"b":{},"_coverageSchema":"1a1c01bbd47fc00a2c39e90264f33305004495a9","hash":"6854c2a2e7a1b76bc2ee28425c181f349cdb8d6f"}
,"D:\\VisualStudioCode\\CodebaseWinter2025\\CUOIKI\\JS-TaskManager\\business\\ports\\TaskRepository.js": {"path":"D:\\VisualStudioCode\\CodebaseWinter2025\\CUOIKI\\JS-TaskManager\\business\\ports\\TaskRepository.js","statementMap":{"0":{"start":{"line":4,"column":23},"end":{"line":4,"column":65}},"1":{"start":{"line":6,"column":29},"end":{"line":6,"column":71}},"2":{"start":{"line":8,"column":33},"end":{"line":8,"column":75}},"3":{"start":{"line":10,"column":50},"end":{"line":10,"column":92}},"4":{"start":{"line":12,"column":25},"end":{"line":12,"column":67}},"5":{"start":{"line":14,"column":27},"end":{"line":14,"column":69}},"6":{"start":{"line":16,"column":35},"end":{"line":16,"column":77}},"7":{"start":{"line":18,"column":51},"end":{"line":18,"column":93}},"8":{"start":{"line":21,"column":0},"end":{"line":21,"column":36}}},"fnMap":{"0":{"name":"(anonymous_0)","decl":{"start":{"line":4,"column":4},"end":{"line":4,"column":5}},"loc":{"start":{"line":4,"column":21},"end":{"line":4,"column":67}},"line":4},"1":{"name":"(anonymous_1)","decl":{"start":{"line":6,"column":4},"end":{"line":6,"column":5}},"loc":{"start":{"line":6,"column":27},"end":{"line":6,"column":73}},"line":6},"2":{"name":"(anonymous_2)","decl":{"start":{"line":8,"column":4},"end":{"line":8,"column":5}},"loc":{"start":{"line":8,"column":31},"end":{"line":8,"column":77}},"line":8},"3":{"name":"(anonymous_3)","decl":{"start":{"line":10,"column":4},"end":{"line":10,"column":5}},"loc":{"start":{"line":10,"column":48},"end":{"line":10,"column":94}},"line":10},"4":{"name":"(anonymous_4)","decl":{"start":{"line":12,"column":4},"end":{"line":12,"column":5}},"loc":{"start":{"line":12,"column":23},"end":{"line":12,"column":69}},"line":12},"5":{"name":"(anonymous_5)","decl":{"start":{"line":14,"column":4},"end":{"line":14,"column":5}},"loc":{"start":{"line":14,"column":25},"end":{"line":14,"column":71}},"line":14},"6":{"name":"(anonymous_6)","decl":{"start":{"line":16,"column":4},"end":{"line":16,"column":5}},"loc":{"start":{"line":16,"column":33},"end":{"line":16,"column":79}},"line":16},"7":{"name":"(anonymous_7)","decl":{"start":{"line":18,"column":4},"end":{"line":18,"column":5}},"loc":{"start":{"line":18,"column":49},"end":{"line":18,"column":95}},"line":18}},"branchMap":{},"s":{"0":0,"1":0,"2":0,"3":0,"4":0,"5":0,"6":0,"7":0,"8":2},"f":{"0":0,"1":0,"2":0,"3":0,"4":0,"5":0,"6":0,"7":0},"b":{},"_coverageSchema":"1a1c01bbd47fc00a2c39e90264f33305004495a9","hash":"2a12f068dea8fc4b846605dff34fc1dfbd376f23"}
,"D:\\VisualStudioCode\\CodebaseWinter2025\\CUOIKI\\JS-TaskManager\\business\\ports\\TokenService.js": {"path":"D:\\VisualStudioCode\\CodebaseWinter2025\\CUOIKI\\JS-TaskManager\\business\\ports\\TokenService.js","statementMap":{"0":{"start":{"line":4,"column":30},"end":{"line":4,"column":72}},"1":{"start":{"line":6,"column":26},"end":{"line":6,"column":68}},"2":{"start":{"line":8,"column":20},"end":{"line":8,"column":62}},"3":{"start":{"line":11,"column":0},"end":{"line":11,"column":34}}},"fnMap":{"0":{"name":"(anonymous_0)","decl":{"start":{"line":4,"column":4},"end":{"line":4,"column":5}},"loc":{"start":{"line":4,"column":28},"end":{"line":4,"column":74}},"line":4},"1":{"name":"(anonymous_1)","decl":{"start":{"line":6,"column":4},"end":{"line":6,"column":5}},"loc":{"start":{"line":6,"column":24},"end":{"line":6,"column":70}},"line":6},"2":{"name":"(anonymous_2)","decl":{"start":{"line":8,"column":4},"end":{"line":8,"column":5}},"loc":{"start":{"line":8,"column":18},"end":{"line":8,"column":64}},"line":8}},"branchMap":{},"s":{"0":0,"1":0,"2":0,"3":2},"f":{"0":0,"1":0,"2":0},"b":{},"_coverageSchema":"1a1c01bbd47fc00a2c39e90264f33305004495a9","hash":"8d1f02987244f209f099b6369420926b234f280b"}
,"D:\\VisualStudioCode\\CodebaseWinter2025\\CUOIKI\\JS-TaskManager\\business\\ports\\UserRepository.js": {"path":"D:\\VisualStudioCode\\CodebaseWinter2025\\CUOIKI\\JS-TaskManager\\business\\ports\\UserRepository.js","statementMap":{"0":{"start":{"line":4,"column":23},"end":{"line":4,"column":65}},"1":{"start":{"line":6,"column":29},"end":{"line":6,"column":71}},"2":{"start":{"line":8,"column":31},"end":{"line":8,"column":73}},"3":{"start":{"line":10,"column":37},"end":{"line":10,"column":79}},"4":{"start":{"line":12,"column":25},"end":{"line":12,"column":67}},"5":{"start":{"line":14,"column":27},"end":{"line":14,"column":69}},"6":{"start":{"line":16,"column":33},"end":{"line":16,"column":75}},"7":{"start":{"line":18,"column":39},"end":{"line":18,"column":81}},"8":{"start":{"line":21,"column":0},"end":{"line":21,"column":36}}},"fnMap":{"0":{"name":"(anonymous_0)","decl":{"start":{"line":4,"column":4},"end":{"line":4,"column":5}},"loc":{"start":{"line":4,"column":21},"end":{"line":4,"column":67}},"line":4},"1":{"name":"(anonymous_1)","decl":{"start":{"line":6,"column":4},"end":{"line":6,"column":5}},"loc":{"start":{"line":6,"column":27},"end":{"line":6,"column":73}},"line":6},"2":{"name":"(anonymous_2)","decl":{"start":{"line":8,"column":4},"end":{"line":8,"column":5}},"loc":{"start":{"line":8,"column":29},"end":{"line":8,"column":75}},"line":8},"3":{"name":"(anonymous_3)","decl":{"start":{"line":10,"column":4},"end":{"line":10,"column":5}},"loc":{"start":{"line":10,"column":35},"end":{"line":10,"column":81}},"line":10},"4":{"name":"(anonymous_4)","decl":{"start":{"line":12,"column":4},"end":{"line":12,"column":5}},"loc":{"start":{"line":12,"column":23},"end":{"line":12,"column":69}},"line":12},"5":{"name":"(anonymous_5)","decl":{"start":{"line":14,"column":4},"end":{"line":14,"column":5}},"loc":{"start":{"line":14,"column":25},"end":{"line":14,"column":71}},"line":14},"6":{"name":"(anonymous_6)","decl":{"start":{"line":16,"column":4},"end":{"line":16,"column":5}},"loc":{"start":{"line":16,"column":31},"end":{"line":16,"column":77}},"line":16},"7":{"name":"(anonymous_7)","decl":{"start":{"line":18,"column":4},"end":{"line":18,"column":5}},"loc":{"start":{"line":18,"column":37},"end":{"line":18,"column":83}},"line":18}},"branchMap":{},"s":{"0":0,"1":0,"2":0,"3":0,"4":0,"5":0,"6":0,"7":0,"8":3},"f":{"0":0,"1":0,"2":0,"3":0,"4":0,"5":0,"6":0,"7":0},"b":{},"_coverageSchema":"1a1c01bbd47fc00a2c39e90264f33305004495a9","hash":"a6fe013f4ceb3db58c16cda1f17dcedd637e439d"}
[...]
column":8},"end":{"line":165,"column":68}},"46":{"start":{"line":172,"column":24},"end":{"line":172,"column":38}},"47":{"start":{"line":173,"column":8},"end":{"line":175,"column":77}},"48":{"start":{"line":182,"column":24},"end":{"line":182,"column":38}},"49":{"start":{"line":183,"column":23},"end":{"line":189,"column":14}},"50":{"start":{"line":190,"column":8},"end":{"line":190,"column":41}},"51":{"start":{"line":197,"column":24},"end":{"line":197,"column":38}},"52":{"start":{"line":198,"column":23},"end":{"line":213,"column":14}},"53":{"start":{"line":214,"column":8},"end":{"line":214,"column":35}},"54":{"start":{"line":218,"column":0},"end":{"line":218,"column":31}}},"fnMap":{"0":{"name":"(anonymous_0)","decl":{"start":{"line":26,"column":4},"end":{"line":26,"column":5}},"loc":{"start":{"line":26,"column":105},"end":{"line":54,"column":5}},"line":26},"1":{"name":"(anonymous_1)","decl":{"start":{"line":59,"column":4},"end":{"line":59,"column":5}},"loc":{"start":{"line":59,"column":36},"end":{"line":65,"column":5}},"line":59},"2":{"name":"(anonymous_2)","decl":{"start":{"line":70,"column":4},"end":{"line":70,"column":5}},"loc":{"start":{"line":70,"column":44},"end":{"line":80,"column":5}},"line":70},"3":{"name":"(anonymous_3)","decl":{"start":{"line":85,"column":4},"end":{"line":85,"column":5}},"loc":{"start":{"line":85,"column":61},"end":{"line":96,"column":5}},"line":85},"4":{"name":"(anonymous_4)","decl":{"start":{"line":101,"column":4},"end":{"line":101,"column":5}},"loc":{"start":{"line":101,"column":80},"end":{"line":137,"column":5}},"line":101},"5":{"name":"(anonymous_5)","decl":{"start":{"line":142,"column":4},"end":{"line":142,"column":5}},"loc":{"start":{"line":142,"column":48},"end":{"line":156,"column":5}},"line":142},"6":{"name":"(anonymous_6)","decl":{"start":{"line":161,"column":4},"end":{"line":161,"column":5}},"loc":{"start":{"line":161,"column":34},"end":{"line":166,"column":5}},"line":161},"7":{"name":"(anonymous_7)","decl":{"start":{"line":171,"column":4},"end":{"line":171,"column":5}},"loc":{"start":{"line":171,"column":46},"end":{"line":176,"column":5}},"line":171},"8":{"name":"(anonymous_8)","decl":{"start":{"line":181,"column":4},"end":{"line":181,"column":5}},"loc":{"start":{"line":181,"column":62},"end":{"line":191,"column":5}},"line":181},"9":{"name":"(anonymous_9)","decl":{"start":{"line":196,"column":4},"end":{"line":196,"column":5}},"loc":{"start":{"line":196,"column":45},"end":{"line":215,"column":5}},"line":196}},"branchMap":{"0":{"loc":{"start":{"line":26,"column":61},"end":{"line":26,"column":79}},"type":"default-arg","locations":[{"start":{"line":26,"column":70},"end":{"line":26,"column":79}}],"line":26},"1":{"loc":{"start":{"line":31,"column":8},"end":{"line":33,"column":9}},"type":"if","locations":[{"start":{"line":31,"column":8},"end":{"line":33,"column":9}},{"start":{},"end":{}}],"line":31},"2":{"loc":{"start":{"line":31,"column":12},"end":{"line":31,"column":87}},"type":"binary-expr","locations":[{"start":{"line":31,"column":12},"end":{"line":31,"column":23}},{"start":{"line":31,"column":27},"end":{"line":31,"column":56}},{"start":{"line":31,"column":60},"end":{"line":31,"column":87}}],"line":31},"3":{"loc":{"start":{"line":37,"column":8},"end":{"line":39,"column":9}},"type":"if","locations":[{"start":{"line":37,"column":8},"end":{"line":39,"column":9}},{"start":{},"end":{}}],"line":37},"4":{"loc":{"start":{"line":37,"column":12},"end":{"line":37,"column":78}},"type":"binary-expr","locations":[{"start":{"line":37,"column":12},"end":{"line":37,"column":20}},{"start":{"line":37,"column":24},"end":{"line":37,"column":48}},{"start":{"line":37,"column":52},"end":{"line":37,"column":78}}],"line":37},"5":{"loc":{"start":{"line":44,"column":54},"end":{"line":44,"column":71}},"type":"binary-expr","locations":[{"start":{"line":44,"column":54},"end":{"line":44,"column":65}},{"start":{"line":44,"column":69},"end":{"line":44,"column":71}}],"line":44},"6":{"loc":{"start":{"line":64,"column":15},"end":{"line":64,"column":42}},"type":"binary-expr","locations":[{"start":{"line":64,"column":15},"end":{"line":64,"column":34}},{"start":{"line":64,"column":38},"end":{"line":64,"column":42}}],"line":64},"7":{"loc":{"start":{"line":108,"column":8},"end":{"line":111,"column":9}},"type":"if","locations":[{"start":{"line":108,"column":8},"end":{"line":111,"column":9}},{"start":{},"end":{}}],"line":108},"8":{"loc":{"start":{"line":112,"column":8},"end":{"line":115,"column":9}},"type":"if","locations":[{"start":{"line":112,"column":8},"end":{"line":115,"column":9}},{"start":{},"end":{}}],"line":112},"9":{"loc":{"start":{"line":113,"column":61},"end":{"line":113,"column":78}},"type":"binary-expr","locations":[{"start":{"line":113,"column":61},"end":{"line":113,"column":72}},{"start":{"line":113,"column":76},"end":{"line":113,"column":78}}],"line":113},"10":{"loc":{"start":{"line":116,"column":8},"end":{"line":119,"column":9}},"type":"if","locations":[{"start":{"line":116,"column":8},"end":{"line":119,"column":9}},{"start":{},"end":{}}],"line":116},"11":{"loc":{"start":{"line":120,"column":8},"end":{"line":123,"column":9}},"type":"if","locations":[{"start":{"line":120,"column":8},"end":{"line":123,"column":9}},{"start":{},"end":{}}],"line":120},"12":{"loc":{"start":{"line":125,"column":8},"end":{"line":127,"column":9}},"type":"if","locations":[{"start":{"line":125,"column":8},"end":{"line":127,"column":9}},{"start":{},"end":{}}],"line":125}},"s":{"0":2,"1":2,"2":8,"3":8,"4":8,"5":0,"6":8,"7":8,"8":4,"9":8,"10":8,"11":55,"12":55,"13":55,"14":3,"15":3,"16":3,"17":3,"18":3,"19":3,"20":13,"21":13,"22":13,"23":13,"24":13,"25":13,"26":13,"27":13,"28":13,"29":13,"30":13,"31":13,"32":13,"33":13,"34":13,"35":13,"36":0,"37":13,"38":13,"39":13,"40":13,"41":13,"42":13,"43":13,"44":1,"45":1,"46":0,"47":0,"48":8,"49":8,"50":8,"51":0,"52":0,"53":0,"54":2},"f":{"0":8,"1":55,"2":3,"3":3,"4":13,"5":13,"6":1,"7":0,"8":8,"9":0},"b":{"0":[0],"1":[0,8],"2":[8,8,8],"3":[4,4],"4":[8,4,4],"5":[8,1],"6":[55,6],"7":[13,0],"8":[13,0],"9":[13,1],"10":[13,0],"11":[13,0],"12":[0,13]},"_coverageSchema":"1a1c01bbd47fc00a2c39e90264f33305004495a9","hash":"587ceae2215185f36dda928cbda749ac5fb5bae6"}
,"D:\\VisualStudioCode\\CodebaseWinter2025\\CUOIKI\\JS-TaskManager\\infrastructure\\database\\models\\UserModel.js": {"path":"D:\\VisualStudioCode\\CodebaseWinter2025\\CUOIKI\\JS-TaskManager\\infrastructure\\database\\models\\UserModel.js","statementMap":{"0":{"start":{"line":1,"column":12},"end":{"line":1,"column":28}},"1":{"start":{"line":18,"column":24},"end":{"line":18,"column":31}},"2":{"start":{"line":24,"column":24},"end":{"line":24,"column":38}},"3":{"start":{"line":25,"column":23},"end":{"line":33,"column":14}},"4":{"start":{"line":34,"column":8},"end":{"line":34,"column":35}},"5":{"start":{"line":41,"column":24},"end":{"line":41,"column":38}},"6":{"start":{"line":42,"column":23},"end":{"line":44,"column":69}},"7":{"start":{"line":45,"column":8},"end":{"line":45,"column":43}},"8":{"start":{"line":52,"column":24},"end":{"line":52,"column":38}},"9":{"start":{"line":53,"column":23},"end":{"line":55,"column":75}},"10":{"start":{"line":56,"column":8},"end":{"line":56,"column":43}},"11":{"start":{"line":63,"column":24},"end":{"line":63,"column":38}},"12":{"start":{"line":64,"column":23},"end":{"line":66,"column":81}},"13":{"start":{"line":67,"column":8},"end":{"line":67,"column":43}},"14":{"start":{"line":74,"column":24},"end":{"line":74,"column":38}},"15":{"start":{"line":75,"column":23},"end":{"line":77,"column":91}},"16":{"start":{"line":78,"column":8},"end":{"line":78,"column":45}},"17":{"start":{"line":85,"column":24},"end":{"line":85,"column":38}},"18":{"start":{"line":86,"column":23},"end":{"line":88,"column":97}},"19":{"start":{"line":89,"column":8},"end":{"line":89,"column":45}},"20":{"start":{"line":96,"column":24},"end":{"line":96,"column":38}},"21":{"start":{"line":98,"column":8},"end":{"line":106,"column":15}},"22":{"start":{"line":109,"column":8},"end":{"line":109,"column":45}},"23":{"start":{"line":116,"column":24},"end":{"line":116,"column":38}},"24":{"start":{"line":118,"column":8},"end":{"line":125,"column":15}},"25":{"start":{"line":128,"column":8},"end":{"line":128,"column":45}},"26":{"start":{"line":135,"column":24},"end":{"line":135,"column":38}},"27":{"start":{"line":136,"column":8},"end":{"line":138,"column":68}},"28":{"start":{"line":142,"column":0},"end":{"line":142,"column":31}}},"fnMap":{"0":{"name":"(anonymous_0)","decl":{"start":{"line":23,"column":4},"end":{"line":23,"column":5}},"loc":{"start":{"line":23,"column":61},"end":{"line":35,"column":5}},"line":23},"1":{"name":"(anonymous_1)","decl":{"start":{"line":40,"column":4},"end":{"line":40,"column":5}},"loc":{"start":{"line":40,"column":36},"end":{"line":46,"column":5}},"line":40},"2":{"name":"(anonymous_2)","decl":{"start":{"line":51,"column":4},"end":{"line":51,"column":5}},"loc":{"start":{"line":51,"column":42},"end":{"line":57,"column":5}},"line":51},"3":{"name":"(anonymous_3)","decl":{"start":{"line":62,"column":4},"end":{"line":62,"column":5}},"loc":{"start":{"line":62,"column":48},"end":{"line":68,"column":5}},"line":62},"4":{"name":"(anonymous_4)","decl":{"start":{"line":73,"column":4},"end":{"line":73,"column":5}},"loc":{"start":{"line":73,"column":44},"end":{"line":79,"column":5}},"line":73},"5":{"name":"(anonymous_5)","decl":{"start":{"line":84,"column":4},"end":{"line":84,"column":5}},"loc":{"start":{"line":84,"column":50},"end":{"line":90,"column":5}},"line":84},"6":{"name":"(anonymous_6)","decl":{"start":{"line":95,"column":4},"end":{"line":95,"column":5}},"loc":{"start":{"line":95,"column":55},"end":{"line":110,"column":5}},"line":95},"7":{"name":"(anonymous_7)","decl":{"start":{"line":115,"column":4},"end":{"line":115,"column":5}},"loc":{"start":{"line":115,"column":58},"end":{"line":129,"column":5}},"line":115},"8":{"name":"(anonymous_8)","decl":{"start":{"line":134,"column":4},"end":{"line":134,"column":5}},"loc":{"start":{"line":134,"column":34},"end":{"line":139,"column":5}},"line":134}},"branchMap":{"0":{"loc":{"start":{"line":45,"column":15},"end":{"line":45,"column":42}},"type":"binary-expr","locations":[{"start":{"line":45,"column":15},"end":{"line":45,"column":34}},{"start":{"line":45,"column":38},"end":{"line":45,"column":42}}],"line":45},"1":{"loc":{"start":{"line":56,"column":15},"end":{"line":56,"column":42}},"type":"binary-expr","locations":[{"start":{"line":56,"column":15},"end":{"line":56,"column":34}},{"start":{"line":56,"column":38},"end":{"line":56,"column":42}}],"line":56},"2":{"loc":{"start":{"line":67,"column":15},"end":{"line":67,"column":42}},"type":"binary-expr","locations":[{"start":{"line":67,"column":15},"end":{"line":67,"column":34}},{"start":{"line":67,"column":38},"end":{"line":67,"column":42}}],"line":67}},"s":{"0":3,"1":3,"2":3,"3":3,"4":3,"5":44,"6":44,"7":44,"8":4,"9":4,"10":4,"11":0,"12":0,"13":0,"14":2,"15":2,"16":2,"17":2,"18":2,"19":2,"20":0,"21":0,"22":0,"23":0,"24":0,"25":0,"26":3,"27":3,"28":3},"f":{"0":3,"1":44,"2":4,"3":0,"4":2,"5":2,"6":0,"7":0,"8":3},"b":{"0":[44,2],"1":[4,1],"2":[0,0]},"_coverageSchema":"1a1c01bbd47fc00a2c39e90264f33305004495a9","hash":"44e31bdaac5329760ee34b23a6c84b25b5033438"}
,"D:\\VisualStudioCode\\CodebaseWinter2025\\CUOIKI\\JS-TaskManager\\infrastructure\\routes\\taskDisplayRoutes.js": {"path":"D:\\VisualStudioCode\\CodebaseWinter2025\\CUOIKI\\JS-TaskManager\\infrastructure\\routes\\taskDisplayRoutes.js","statementMap":{"0":{"start":{"line":12,"column":16},"end":{"line":12,"column":34}},"1":{"start":{"line":13,"column":15},"end":{"line":13,"column":31}},"2":{"start":{"line":23,"column":51},"end":{"line":23,"column":63}},"3":{"start":{"line":33,"column":4},"end":{"line":37,"column":6}},"4":{"start":{"line":36,"column":28},"end":{"line":36,"column":89}},"5":{"start":{"line":53,"column":4},"end":{"line":57,"column":6}},"6":{"start":{"line":56,"column":28},"end":{"line":56,"column":87}},"7":{"start":{"line":70,"column":4},"end":{"line":74,"column":6}},"8":{"start":{"line":73,"column":28},"end":{"line":73,"column":83}},"9":{"start":{"line":76,"column":4},"end":{"line":76,"column":18}},"10":{"start":{"line":79,"column":0},"end":{"line":79,"column":44}}},"fnMap":{"0":{"name":"configureTaskDisplayRoutes","decl":{"start":{"line":22,"column":9},"end":{"line":22,"column":35}},"loc":{"start":{"line":22,"column":50},"end":{"line":77,"column":1}},"line":22},"1":{"name":"(anonymous_1)","decl":{"start":{"line":36,"column":8},"end":{"line":36,"column":9}},"loc":{"start":{"line":36,"column":28},"end":{"line":36,"column":89}},"line":36},"2":{"name":"(anonymous_2)","decl":{"start":{"line":56,"column":8},"end":{"line":56,"column":9}},"loc":{"start":{"line":56,"column":28},"end":{"line":56,"column":87}},"line":56},"3":{"name":"(anonymous_3)","decl":{"start":{"line":73,"column":8},"end":{"line":73,"column":9}},"loc":{"start":{"line":73,"column":28},"end":{"line":73,"column":83}},"line":73}},"branchMap":{},"s":{"0":0,"1":0,"2":0,"3":0,"4":0,"5":0,"6":0,"7":0,"8":0,"9":0,"10":0},"f":{"0":0,"1":0,"2":0,"3":0},"b":{}}
,"D:\\VisualStudioCode\\CodebaseWinter2025\\CUOIKI\\JS-TaskManager\\infrastructure\\security\\BcryptPasswordService.js": {"path":"D:\\VisualStudioCode\\CodebaseWinter2025\\CUOIKI\\JS-TaskManager\\infrastructure\\security\\BcryptPasswordService.js","statementMap":{"0":{"start":{"line":1,"column":15},"end":{"line":1,"column":32}},"1":{"start":{"line":2,"column":28},"end":{"line":2,"column":75}},"2":{"start":{"line":10,"column":8},"end":{"line":10,"column":16}},"3":{"start":{"line":11,"column":8},"end":{"line":11,"column":37}},"4":{"start":{"line":18,"column":8},"end":{"line":20,"column":9}},"5":{"start":{"line":19,"column":12},"end":{"line":19,"column":64}},"6":{"start":{"line":21,"column":8},"end":{"line":21,"column":65}},"7":{"start":{"line":28,"column":8},"end":{"line":30,"column":9}},"8":{"start":{"line":29,"column":12},"end":{"line":29,"column":25}},"9":{"start":{"line":31,"column":8},"end":{"line":31,"column":67}},"10":{"start":{"line":35,"column":0},"end":{"line":35,"column":43}}},"fnMap":{"0":{"name":"(anonymous_0)","decl":{"start":{"line":9,"column":4},"end":{"line":9,"column":5}},"loc":{"start":{"line":9,"column":33},"end":{"line":12,"column":5}},"line":9},"1":{"name":"(anonymous_1)","decl":{"start":{"line":17,"column":4},"end":{"line":17,"column":5}},"loc":{"start":{"line":17,"column":30},"end":{"line":22,"column":5}},"line":17},"2":{"name":"(anonymous_2)","decl":{"start":{"line":27,"column":4},"end":{"line":27,"column":5}},"loc":{"start":{"line":27,"column":48},"end":{"line":32,"column":5}},"line":27}},"branchMap":{"0":{"loc":{"start":{"line":9,"column":16},"end":{"line":9,"column":31}},"type":"default-arg","locations":[{"start":{"line":9,"column":29},"end":{"line":9,"column":31}}],"line":9},"1":{"loc":{"start":{"line":18,"column":8},"end":{"line":20,"column":9}},"type":"if","locations":[{"start":{"line":18,"column":8},"end":{"line":20,"column":9}},{"start":{},"end":{}}],"line":18},"2":{"loc":{"start":{"line":28,"column":8},"end":{"line":30,"column":9}},"type":"if","locations":[{"start":{"line":28,"column":8},"end":{"line":30,"column":9}},{"start":{},"end":{}}],"line":28},"3":{"loc":{"start":{"line":28,"column":12},"end":{"line":28,"column":45}},"type":"binary-expr","locations":[{"start":{"line":28,"column":12},"end":{"line":28,"column":26}},{"start":{"line":28,"column":30},"end":{"line":28,"column":45}}],"line":28}},"s":{"0":2,"1":2,"2":54,"3":54,"4":41,"5":3,"6":38,"7":39,"8":6,"9":33,"10":2},"f":{"0":54,"1":41,"2":39},"b":{"0":[42],"1":[3,38],"2":[6,33],"3":[39,36]},"_coverageSchema":"1a1c01bbd47fc00a2c39e90264f33305004495a9","hash":"843549541b1db9d167963c4b5cf192286c398c95"}
,"D:\\VisualStudioCode\\CodebaseWinter2025\\CUOIKI\\JS-TaskManager\\infrastructure\\security\\JwtTokenService.js": {"path":"D:\\VisualStudioCode\\CodebaseWinter2025\\CUOIKI\\JS-TaskManager\\infrastructure\\security\\JwtTokenService.js","statementMap":{"0":{"start":{"line":1,"column":12},"end":{"line":1,"column":35}},"1":{"start":{"line":2,"column":25},"end":{"line":2,"column":69}},"2":{"start":{"line":10,"column":8},"end":{"line":10,"column":16}},"3":{"start":{"line":11,"column":8},"end":{"line":13,"column":9}},"4":{"start":{"line":12,"column":12},"end":{"line":12,"column":54}},"5":{"start":{"line":14,"column":8},"end":{"line":14,"column":29}},"6":{"start":{"line":15,"column":8},"end":{"line":15,"column":35}},"7":{"start":{"line":22,"column":8},"end":{"line":24,"column":9}},"8":{"start":{"line":23,"column":12},"end":{"line":23,"column":72}},"9":{"start":{"line":26,"column":8},"end":{"line":28,"column":11}},"10":{"start":{"line":35,"column":8},"end":{"line":37,"column":9}},"11":{"start":{"line":36,"column":12},"end":{"line":36,"column":66}},"12":{"start":{"line":39,"column":8},"end":{"line":49,"column":9}},"13":{"start":{"line":40,"column":12},"end":{"line":40,"column":50}},"14":{"start":{"line":42,"column":12},"end":{"line":44,"column":13}},"15":{"start":{"line":43,"column":16},"end":{"line":43,"column":53}},"16":{"start":{"line":45,"column":12},"end":{"line":47,"column":13}},"17":{"start":{"line":46,"column":16},"end":{"line":46,"column":49}},"18":{"start":{"line":48,"column":12},"end":{"line":48,"column":24}},"19":{"start":{"line":56,"column":8},"end":{"line":58,"column":9}},"20":{"start":{"line":57,"column":12},"end":{"line":57,"column":24}},"21":{"start":{"line":59,"column":8},"end":{"line":59,"column":33}},"22":{"start":{"line":63,"column":0},"end":{"line":63,"column":37}}},"fnMap":{"0":{"name":"(anonymous_0)","decl":{"start":{"line":9,"column":4},"end":{"line":9,"column":5}},"loc":{"start":{"line":9,"column":42},"end":{"line":16,"column":5}},"line":9},"1":{"name":"(anonymous_1)","decl":{"start":{"line":21,"column":4},"end":{"line":21,"column":5}},"loc":{"start":{"line":21,"column":28},"end":{"line":29,"column":5}},"line":21},"2":{"name":"(anonymous_2)","decl":{"start":{"line":34,"column":4},"end":{"line":34,"column":5}},"loc":{"start":{"line":34,"column":24},"end":{"line":50,"column":5}},"line":34},"3":{"name":"(anonymous_3)","decl":{"start":{"line":55,"column":4},"end":{"line":55,"column":5}},"loc":{"start":{"line":55,"column":18},"end":{"line":60,"column":5}},"line":55}},"branchMap":{"0":{"loc":{"start":{"line":9,"column":24},"end":{"line":9,"column":40}},"type":"default-arg","locations":[{"start":{"line":9,"column":36},"end":{"line":9,"column":40}}],"line":9},"1":{"loc":{"start":{"line":11,"column":8},"end":{"line":13,"column":9}},"type":"if","locations":[{"start":{"line":11,"column":8},"end":{"line":13,"column":9}},{"start":{},"end":{}}],"line":11},"2":{"loc":{"start":{"line":22,"column":8},"end":{"line":24,"column":9}},"type":"if","locations":[{"start":{"line":22,"column":8},"end":{"line":24,"column":9}},{"start":{},"end":{}}],"line":22},"3":{"loc":{"start":{"line":35,"column":8},"end":{"line":37,"column":9}},"type":"if","locations":[{"start":{"line":35,"column":8},"end":{"line":37,"column":9}},{"start":{},"end":{}}],"line":35},"4":{"loc":{"start":{"line":42,"column":12},"end":{"line":44,"column":13}},"type":"if","locations":[{"start":{"line":42,"column":12},"end":{"line":44,"column":13}},{"start":{},"end":{}}],"line":42},"5":{"loc":{"start":{"line":45,"column":12},"end":{"line":47,"column":13}},"type":"if","locations":[{"start":{"line":45,"column":12},"end":{"line":47,"column":13}},{"start":{},"end":{}}],"line":45},"6":{"loc":{"start":{"line":56,"column":8},"end":{"line":58,"column":9}},"type":"if","locations":[{"start":{"line":56,"column":8},"end":{"line":58,"column":9}},{"start":{},"end":{}}],"line":56}},"s":{"0":2,"1":2,"2":49,"3":49,"4":3,"5":46,"6":46,"7":23,"8":2,"9":21,"10":59,"11":3,"12":56,"13":56,"14":4,"15":1,"16":3,"17":3,"18":0,"19":10,"20":3,"21":7,"22":2},"f":{"0":49,"1":23,"2":59,"3":10},"b":{"0":[5],"1":[3,46],"2":[2,21],"3":[3,56],"4":[1,3],"5":[3,0],"6":[3,7]},"_coverageSchema":"1a1c01bbd47fc00a2c39e90264f33305004495a9","hash":"7ef26eddd334f2adbee60723d26c513ff8175082"}
}
