{"D:\\VisualStudioCode\\CodebaseWinter2025\\CUOIKI\\JS-TaskManager\\adapters\\controllers\\AuthController.js": {"path":"D:\\VisualStudioCode\\CodebaseWinter2025\\CUOIKI\\JS-TaskManager\\adapters\\controllers\\AuthController.js","statementMap":{"0":{"start":{"line":1,"column":33},"end":{"line":1,"column":78}},"1":{"start":{"line":2,"column":30},"end":{"line":2,"column":72}},"2":{"start":{"line":3,"column":28},"end":{"line":3,"column":78}},"3":{"start":{"line":11,"column":8},"end":{"line":11,"column":47}},"4":{"start":{"line":12,"column":8},"end":{"line":12,"column":41}},"5":{"start":{"line":13,"column":8},"end":{"line":13,"column":53}},"6":{"start":{"line":20,"column":8},"end":{"line":48,"column":9}},"7":{"start":{"line":21,"column":50},"end":{"line":21,"column":58}},"8":{"start":{"line":24,"column":12},"end":{"line":29,"column":13}},"9":{"start":{"line":25,"column":16},"end":{"line":28,"column":19}},"10":{"start":{"line":32,"column":29},"end":{"line":32,"column":80}},"11":{"start":{"line":35,"column":30},"end":{"line":35,"column":74}},"12":{"start":{"line":38,"column":12},"end":{"line":44,"column":15}},"13":{"start":{"line":47,"column":12},"end":{"line":47,"column":48}},"14":{"start":{"line":55,"column":8},"end":{"line":81,"column":9}},"15":{"start":{"line":56,"column":40},"end":{"line":56,"column":48}},"16":{"start":{"line":59,"column":12},"end":{"line":64,"column":13}},"17":{"start":{"line":60,"column":16},"end":{"line":63,"column":19}},"18":{"start":{"line":67,"column":29},"end":{"line":67,"column":67}},"19":{"start":{"line":70,"column":30},"end":{"line":70,"column":71}},"20":{"start":{"line":73,"column":12},"end":{"line":77,"column":15}},"21":{"start":{"line":80,"column":12},"end":{"line":80,"column":48}},"22":{"start":{"line":89,"column":8},"end":{"line":112,"column":9}},"23":{"start":{"line":91,"column":31},"end":{"line":91,"column":56}},"24":{"start":{"line":92,"column":12},"end":{"line":97,"column":13}},"25":{"start":{"line":93,"column":16},"end":{"line":96,"column":19}},"26":{"start":{"line":99,"column":26},"end":{"line":99,"column":49}},"27":{"start":{"line":102,"column":25},"end":{"line":102,"column":69}},"28":{"start":{"line":105,"column":12},"end":{"line":108,"column":15}},"29":{"start":{"line":111,"column":12},"end":{"line":111,"column":48}},"30":{"start":{"line":120,"column":8},"end":{"line":123,"column":11}},"31":{"start":{"line":130,"column":8},"end":{"line":137,"column":9}},"32":{"start":{"line":131,"column":31},"end":{"line":131,"column":74}},"33":{"start":{"line":132,"column":12},"end":{"line":136,"column":15}},"34":{"start":{"line":140,"column":8},"end":{"line":140,"column":50}},"35":{"start":{"line":141,"column":8},"end":{"line":144,"column":11}},"36":{"start":{"line":151,"column":26},"end":{"line":151,"column":50}},"37":{"start":{"line":152,"column":8},"end":{"line":163,"column":9}},"38":{"start":{"line":154,"column":16},"end":{"line":154,"column":27}},"39":{"start":{"line":156,"column":16},"end":{"line":156,"column":27}},"40":{"start":{"line":158,"column":16},"end":{"line":158,"column":27}},"41":{"start":{"line":160,"column":16},"end":{"line":160,"column":27}},"42":{"start":{"line":162,"column":16},"end":{"line":162,"column":27}},"43":{"start":{"line":167,"column":0},"end":{"line":167,"column":36}}},"fnMap":{"0":{"name":"(anonymous_0)","decl":{"start":{"line":10,"column":4},"end":{"line":10,"column":5}},"loc":{"start":{"line":10,"column":67},"end":{"line":14,"column":5}},"line":10},"1":{"name":"(anonymous_1)","decl":{"start":{"line":19,"column":4},"end":{"line":19,"column":5}},"loc":{"start":{"line":19,"column":29},"end":{"line":49,"column":5}},"line":19},"2":{"name":"(anonymous_2)","decl":{"start":{"line":54,"column":4},"end":{"line":54,"column":5}},"loc":{"start":{"line":54,"column":26},"end":{"line":82,"column":5}},"line":54},"3":{"name":"(anonymous_3)","decl":{"start":{"line":88,"column":4},"end":{"line":88,"column":5}},"loc":{"start":{"line":88,"column":35},"end":{"line":113,"column":5}},"line":88},"4":{"name":"(anonymous_4)","decl":{"start":{"line":119,"column":4},"end":{"line":119,"column":5}},"loc":{"start":{"line":119,"column":21},"end":{"line":124,"column":5}},"line":119},"5":{"name":"(anonymous_5)","decl":{"start":{"line":129,"column":4},"end":{"line":129,"column":5}},"loc":{"start":{"line":129,"column":28},"end":{"line":145,"column":5}},"line":129},"6":{"name":"(anonymous_6)","decl":{"start":{"line":150,"column":4},"end":{"line":150,"column":5}},"loc":{"start":{"line":150,"column":47},"end":{"line":164,"column":5}},"line":150}},"branchMap":{"0":{"loc":{"start":{"line":24,"column":12},"end":{"line":29,"column":13}},"type":"if","locations":[{"start":{"line":24,"column":12},"end":{"line":29,"column":13}},{"start":{},"end":{}}],"line":24},"1":{"loc":{"start":{"line":24,"column":16},"end":{"line":24,"column":48}},"type":"binary-expr","locations":[{"start":{"line":24,"column":16},"end":{"line":24,"column":25}},{"start":{"line":24,"column":29},"end":{"line":24,"column":35}},{"start":{"line":24,"column":39},"end":{"line":24,"column":48}}],"line":24},"2":{"loc":{"start":{"line":59,"column":12},"end":{"line":64,"column":13}},"type":"if","locations":[{"start":{"line":59,"column":12},"end":{"line":64,"column":13}},{"start":{},"end":{}}],"line":59},"3":{"loc":{"start":{"line":59,"column":16},"end":{"line":59,"column":35}},"type":"binary-expr","locations":[{"start":{"line":59,"column":16},"end":{"line":59,"column":22}},{"start":{"line":59,"column":26},"end":{"line":59,"column":35}}],"line":59},"4":{"loc":{"start":{"line":92,"column":12},"end":{"line":97,"column":13}},"type":"if","locations":[{"start":{"line":92,"column":12},"end":{"line":97,"column":13}},{"start":{},"end":{}}],"line":92},"5":{"loc":{"start":{"line":92,"column":16},"end":{"line":92,"column":64}},"type":"binary-expr","locations":[{"start":{"line":92,"column":16},"end":{"line":92,"column":27}},{"start":{"line":92,"column":31},"end":{"line":92,"column":64}}],"line":92},"6":{"loc":{"start":{"line":130,"column":8},"end":{"line":137,"column":9}},"type":"if","locations":[{"start":{"line":130,"column":8},"end":{"line":137,"column":9}},{"start":{},"end":{}}],"line":130},"7":{"loc":{"start":{"line":152,"column":8},"end":{"line":163,"column":9}},"type":"switch","locations":[{"start":{"line":153,"column":12},"end":{"line":154,"column":27}},{"start":{"line":155,"column":12},"end":{"line":156,"column":27}},{"start":{"line":157,"column":12},"end":{"line":158,"column":27}},{"start":{"line":159,"column":12},"end":{"line":160,"column":27}},{"start":{"line":161,"column":12},"end":{"line":162,"column":27}}],"line":152}},"s":{"0":2,"1":2,"2":2,"3":23,"4":23,"5":23,"6":9,"7":9,"8":9,"9":5,"10":4,"11":4,"12":1,"13":3,"14":5,"15":5,"16":5,"17":2,"18":3,"19":3,"20":2,"21":1,"22":6,"23":6,"24":6,"25":3,"26":3,"27":3,"28":2,"29":1,"30":1,"31":7,"32":4,"33":4,"34":3,"35":3,"36":4,"37":4,"38":0,"39":2,"40":1,"41":1,"42":0,"43":2},"f":{"0":23,"1":9,"2":5,"3":6,"4":1,"5":7,"6":4},"b":{"0":[5,4],"1":[9,6,5],"2":[2,3],"3":[5,4],"4":[3,3],"5":[6,4],"6":[4,3],"7":[0,2,1,1,0]},"_coverageSchema":"1a1c01bbd47fc00a2c39e90264f33305004495a9","hash":"6ea43ed16672a8720993d256a482b13365be3560"}
,"D:\\VisualStudioCode\\CodebaseWinter2025\\CUOIKI\\JS-TaskManager\\adapters\\controllers\\TaskController.js": {"path":"D:\\VisualStudioCode\\CodebaseWinter2025\\CUOIKI\\JS-TaskManager\\adapters\\controllers\\TaskController.js","statementMap":{"0":{"start":{"line":7,"column":4},"end":{"line":7,"column":29}},"1":{"start":{"line":8,"column":28},"end":{"line":8,"column":78}},"2":{"start":{"line":24,"column":8},"end":{"line":24,"column":51}},"3":{"start":{"line":25,"column":8},"end":{"line":25,"column":47}},"4":{"start":{"line":26,"column":8},"end":{"line":26,"column":53}},"5":{"start":{"line":27,"column":8},"end":{"line":27,"column":51}},"6":{"start":{"line":28,"column":8},"end":{"line":28,"column":51}},"7":{"start":{"line":29,"column":8},"end":{"line":29,"column":63}},"8":{"start":{"line":30,"column":8},"end":{"line":30,"column":65}},"9":{"start":{"line":38,"column":8},"end":{"line":92,"column":9}},"10":{"start":{"line":39,"column":64},"end":{"line":39,"column":72}},"11":{"start":{"line":40,"column":27},"end":{"line":40,"column":42}},"12":{"start":{"line":42,"column":12},"end":{"line":47,"column":13}},"13":{"start":{"line":43,"column":16},"end":{"line":46,"column":19}},"14":{"start":{"line":50,"column":34},"end":{"line":50,"column":44}},"15":{"start":{"line":51,"column":12},"end":{"line":56,"column":13}},"16":{"start":{"line":52,"column":33},"end":{"line":52,"column":52}},"17":{"start":{"line":53,"column":16},"end":{"line":55,"column":17}},"18":{"start":{"line":54,"column":20},"end":{"line":54,"column":47}},"19":{"start":{"line":59,"column":33},"end":{"line":59,"column":37}},"20":{"start":{"line":60,"column":12},"end":{"line":65,"column":13}},"21":{"start":{"line":61,"column":33},"end":{"line":61,"column":51}},"22":{"start":{"line":62,"column":16},"end":{"line":64,"column":17}},"23":{"start":{"line":63,"column":20},"end":{"line":63,"column":46}},"24":{"start":{"line":67,"column":29},"end":{"line":73,"column":13}},"25":{"start":{"line":74,"column":30},"end":{"line":74,"column":76}},"26":{"start":{"line":76,"column":12},"end":{"line":88,"column":15}},"27":{"start":{"line":91,"column":12},"end":{"line":91,"column":48}},"28":{"start":{"line":100,"column":8},"end":{"line":130,"column":9}},"29":{"start":{"line":101,"column":27},"end":{"line":101,"column":42}},"30":{"start":{"line":102,"column":31},"end":{"line":102,"column":40}},"31":{"start":{"line":104,"column":29},"end":{"line":104,"column":65}},"32":{"start":{"line":105,"column":30},"end":{"line":105,"column":74}},"33":{"start":{"line":108,"column":26},"end":{"line":120,"column":15}},"34":{"start":{"line":108,"column":55},"end":{"line":120,"column":13}},"35":{"start":{"line":122,"column":12},"end":{"line":126,"column":15}},"36":{"start":{"line":129,"column":12},"end":{"line":129,"column":48}},"37":{"start":{"line":138,"column":8},"end":{"line":163,"column":9}},"38":{"start":{"line":139,"column":27},"end":{"line":139,"column":40}},"39":{"start":{"line":140,"column":27},"end":{"line":140,"column":42}},"40":{"start":{"line":142,"column":29},"end":{"line":142,"column":64}},"41":{"start":{"line":143,"column":30},"end":{"line":143,"column":77}},"42":{"start":{"line":145,"column":12},"end":{"line":159,"column":15}},"43":{"start":{"line":162,"column":12},"end":{"line":162,"column":48}},"44":{"start":{"line":171,"column":8},"end":{"line":222,"column":9}},"45":{"start":{"line":172,"column":27},"end":{"line":172,"column":40}},"46":{"start":{"line":173,"column":27},"end":{"line":173,"column":42}},"47":{"start":{"line":174,"column":72},"end":{"line":174,"column":80}},"48":{"start":{"line":177,"column":34},"end":{"line":177,"column":43}},"49":{"start":{"line":178,"column":12},"end":{"line":183,"column":13}},"50":{"start":{"line":179,"column":33},"end":{"line":179,"column":52}},"51":{"start":{"line":180,"column":16},"end":{"line":182,"column":17}},"52":{"start":{"line":181,"column":20},"end":{"line":181,"column":47}},"53":{"start":{"line":185,"column":33},"end":{"line":185,"column":42}},"54":{"start":{"line":186,"column":12},"end":{"line":193,"column":13}},"55":{"start":{"line":187,"column":33},"end":{"line":187,"column":51}},"56":{"start":{"line":188,"column":16},"end":{"line":190,"column":17}},"57":{"start":{"line":189,"column":20},"end":{"line":189,"column":46}},"58":{"start":{"line":191,"column":19},"end":{"line":193,"column":13}},"59":{"start":{"line":192,"column":16},"end":{"line":192,"column":38}},"60":{"start":{"line":195,"column":29},"end":{"line":203,"column":13}},"61":{"start":{"line":204,"column":30},"end":{"line":204,"column":76}},"62":{"start":{"line":206,"column":12},"end":{"line":218,"column":15}},"63":{"start":{"line":221,"column":12},"end":{"line":221,"column":48}},"64":{"start":{"line":230,"column":8},"end":{"line":244,"column":9}},"65":{"start":{"line":231,"column":27},"end":{"line":231,"column":40}},"66":{"start":{"line":232,"column":27},"end":{"line":232,"column":42}},"67":{"start":{"line":234,"column":29},"end":{"line":234,"column":67}},"68":{"start":{"line":235,"column":30},"end":{"line":235,"column":76}},"69":{"start":{"line":237,"column":12},"end":{"line":240,"column":15}},"70":{"start":{"line":243,"column":12},"end":{"line":243,"column":48}},"71":{"start":{"line":252,"column":8},"end":{"line":285,"column":9}},"72":{"start":{"line":253,"column":27},"end":{"line":253,"column":40}},"73":{"start":{"line":254,"column":27},"end":{"line":254,"column":42}},"74":{"start":{"line":255,"column":31},"end":{"line":255,"column":39}},"75":{"start":{"line":257,"column":12},"end":{"line":262,"column":13}},"76":{"start":{"line":258,"column":16},"end":{"line":261,"column":19}},"77":{"start":{"line":264,"column":27},"end":{"line":264,"column":93}},"78":{"start":{"line":266,"column":12},"end":{"line":281,"column":15}},"79":{"start":{"line":284,"column":12},"end":{"line":284,"column":48}},"80":{"start":{"line":293,"column":8},"end":{"line":305,"column":9}},"81":{"start":{"line":294,"column":27},"end":{"line":294,"column":42}},"82":{"start":{"line":296,"column":31},"end":{"line":296,"column":82}},"83":{"start":{"line":298,"column":12},"end":{"line":301,"column":15}},"84":{"start":{"line":304,"column":12},"end":{"line":304,"column":48}},"85":{"start":{"line":312,"column":8},"end":{"line":319,"column":9}},"86":{"start":{"line":313,"column":31},"end":{"line":313,"column":74}},"87":{"start":{"line":314,"column":12},"end":{"line":318,"column":15}},"88":{"start":{"line":321,"column":8},"end":{"line":321,"column":50}},"89":{"start":{"line":322,"column":8},"end":{"line":325,"column":11}},"90":{"start":{"line":332,"column":26},"end":{"line":332,"column":50}},"91":{"start":{"line":333,"column":8},"end":{"line":344,"column":9}},"92":{"start":{"line":335,"column":16},"end":{"line":335,"column":27}},"93":{"start":{"line":337,"column":16},"end":{"line":337,"column":27}},"94":{"start":{"line":339,"column":16},"end":{"line":339,"column":27}},"95":{"start":{"line":341,"column":16},"end":{"line":341,"column":27}},"96":{"start":{"line":343,"column":16},"end":{"line":343,"column":27}},"97":{"start":{"line":348,"column":0},"end":{"line":348,"column":36}}},"fnMap":{"0":{"name":"(anonymous_0)","decl":{"start":{"line":15,"column":4},"end":{"line":15,"column":5}},"loc":{"start":{"line":23,"column":6},"end":{"line":31,"column":5}},"line":23},"1":{"name":"(anonymous_1)","decl":{"start":{"line":37,"column":4},"end":{"line":37,"column":5}},"loc":{"start":{"line":37,"column":31},"end":{"line":93,"column":5}},"line":37},"2":{"name":"(anonymous_2)","decl":{"start":{"line":99,"column":4},"end":{"line":99,"column":5}},"loc":{"start":{"line":99,"column":29},"end":{"line":131,"column":5}},"line":99},"3":{"name":"(anonymous_3)","decl":{"start":{"line":108,"column":46},"end":{"line":108,"column":47}},"loc":{"start":{"line":108,"column":55},"end":{"line":120,"column":13}},"line":108},"4":{"name":"(anonymous_4)","decl":{"start":{"line":137,"column":4},"end":{"line":137,"column":5}},"loc":{"start":{"line":137,"column":32},"end":{"line":164,"column":5}},"line":137},"5":{"name":"(anonymous_5)","decl":{"start":{"line":170,"column":4},"end":{"line":170,"column":5}},"loc":{"start":{"line":170,"column":31},"end":{"line":223,"column":5}},"line":170},"6":{"name":"(anonymous_6)","decl":{"start":{"line":229,"column":4},"end":{"line":229,"column":5}},"loc":{"start":{"line":229,"column":31},"end":{"line":245,"column":5}},"line":229},"7":{"name":"(anonymous_7)","decl":{"start":{"line":251,"column":4},"end":{"line":251,"column":5}},"loc":{"start":{"line":251,"column":33},"end":{"line":286,"column":5}},"line":251},"8":{"name":"(anonymous_8)","decl":{"start":{"line":292,"column":4},"end":{"line":292,"column":5}},"loc":{"start":{"line":292,"column":34},"end":{"line":306,"column":5}},"line":292},"9":{"name":"(anonymous_9)","decl":{"start":{"line":311,"column":4},"end":{"line":311,"column":5}},"loc":{"start":{"line":311,"column":28},"end":{"line":326,"column":5}},"line":311},"10":{"name":"(anonymous_10)","decl":{"start":{"line":331,"column":4},"end":{"line":331,"column":5}},"loc":{"start":{"line":331,"column":47},"end":{"line":345,"column":5}},"line":331}},"branchMap":{"0":{"loc":{"start":{"line":42,"column":12},"end":{"line":47,"column":13}},"type":"if","locations":[{"start":{"line":42,"column":12},"end":{"line":47,"column":13}},{"start":{},"end":{}}],"line":42},"1":{"loc":{"start":{"line":51,"column":12},"end":{"line":56,"column":13}},"type":"if","locations":[{"start":{"line":51,"column":12},"end":{"line":56,"column":13}},{"start":{},"end":{}}],"line":51},"2":{"loc":{"start":{"line":51,"column":16},"end":{"line":51,"column":52}},"type":"binary-expr","locations":[{"start":{"line":51,"column":16},"end":{"line":51,"column":25}},{"start":{"line":51,"column":29},"end":{"line":51,"column":52}}],"line":51},"3":{"loc":{"start":{"line":53,"column":16},"end":{"line":55,"column":17}},"type":"if","locations":[{"start":{"line":53,"column":16},"end":{"line":55,"column":17}},{"start":{},"end":{}}],"line":53},"4":{"loc":{"start":{"line":60,"column":12},"end":{"line":65,"column":13}},"type":"if","locations":[{"start":{"line":60,"column":12},"end":{"line":65,"column":13}},{"start":{},"end":{}}],"line":60},"5":{"loc":{"start":{"line":60,"column":16},"end":{"line":60,"column":50}},"type":"binary-expr","locations":[{"start":{"line":60,"column":16},"end":{"line":60,"column":24}},{"start":{"line":60,"column":28},"end":{"line":60,"column":50}}],"line":60},"6":{"loc":{"start":{"line":62,"column":16},"end":{"line":64,"column":17}},"type":"if","locations":[{"start":{"line":62,"column":16},"end":{"line":64,"column":17}},{"start":{},"end":{}}],"line":62},"7":{"loc":{"start":{"line":178,"column":12},"end":{"line":183,"column":13}},"type":"if","locations":[{"start":{"line":178,"column":12},"end":{"line":183,"column":13}},{"start":{},"end":{}}],"line":178},"8":{"loc":{"start":{"line":178,"column":16},"end":{"line":178,"column":85}},"type":"binary-expr","locations":[{"start":{"line":178,"column":16},"end":{"line":178,"column":25}},{"start":{"line":178,"column":29},"end":{"line":178,"column":58}},{"start":{"line":178,"column":62},"end":{"line":178,"column":85}}],"line":178},"9":{"loc":{"start":{"line":180,"column":16},"end":{"line":182,"column":17}},"type":"if","locations":[{"start":{"line":180,"column":16},"end":{"line":182,"column":17}},{"start":{},"end":{}}],"line":180},"10":{"loc":{"start":{"line":186,"column":12},"end":{"line":193,"column":13}},"type":"if","locations":[{"start":{"line":186,"column":12},"end":{"line":193,"column":13}},{"start":{"line":191,"column":19},"end":{"line":193,"column":13}}],"line":186},"11":{"loc":{"start":{"line":186,"column":16},"end":{"line":186,"column":82}},"type":"binary-expr","locations":[{"start":{"line":186,"column":16},"end":{"line":186,"column":24}},{"start":{"line":186,"column":28},"end":{"line":186,"column":56}},{"start":{"line":186,"column":60},"end":{"line":186,"column":82}}],"line":186},"12":{"loc":{"start":{"line":188,"column":16},"end":{"line":190,"column":17}},"type":"if","locations":[{"start":{"line":188,"column":16},"end":{"line":190,"column":17}},{"start":{},"end":{}}],"line":188},"13":{"loc":{"start":{"line":191,"column":19},"end":{"line":193,"column":13}},"type":"if","locations":[{"start":{"line":191,"column":19},"end":{"line":193,"column":13}},{"start":{},"end":{}}],"line":191},"14":{"loc":{"start":{"line":191,"column":23},"end":{"line":191,"column":59}},"type":"binary-expr","locations":[{"start":{"line":191,"column":23},"end":{"line":191,"column":40}},{"start":{"line":191,"column":44},"end":{"line":191,"column":59}}],"line":191},"15":{"loc":{"start":{"line":257,"column":12},"end":{"line":262,"column":13}},"type":"if","locations":[{"start":{"line":257,"column":12},"end":{"line":262,"column":13}},{"start":{},"end":{}}],"line":257},"16":{"loc":{"start":{"line":312,"column":8},"end":{"line":319,"column":9}},"type":"if","locations":[{"start":{"line":312,"column":8},"end":{"line":319,"column":9}},{"start":{},"end":{}}],"line":312},"17":{"loc":{"start":{"line":333,"column":8},"end":{"line":344,"column":9}},"type":"switch","locations":[{"start":{"line":334,"column":12},"end":{"line":335,"column":27}},{"start":{"line":336,"column":12},"end":{"line":337,"column":27}},{"start":{"line":338,"column":12},"end":{"line":339,"column":27}},{"start":{"line":340,"column":12},"end":{"line":341,"column":27}},{"start":{"line":342,"column":12},"end":{"line":343,"column":27}}],"line":333}},"s":{"0":1,"1":1,"2":1,"3":1,"4":1,"5":1,"6":1,"7":1,"8":1,"9":9,"10":9,"11":9,"12":9,"13":1,"14":8,"15":8,"16":5,"17":5,"18":5,"19":8,"20":8,"21":5,"22":5,"23":5,"24":8,"25":8,"26":7,"27":1,"28":2,"29":2,"30":2,"31":2,"32":2,"33":2,"34":116,"35":2,"36":0,"37":7,"38":7,"39":7,"40":7,"41":7,"42":6,"43":1,"44":5,"45":5,"46":5,"47":5,"48":5,"49":5,"50":1,"51":1,"52":1,"53":5,"54":5,"55":2,"56":2,"57":2,"58":3,"59":0,"60":5,"61":5,"62":3,"63":2,"64":8,"65":8,"66":8,"67":8,"68":8,"69":7,"70":1,"71":6,"72":6,"73":6,"74":6,"75":6,"76":0,"77":6,"78":3,"79":3,"80":1,"81":1,"82":1,"83":1,"84":0,"85":8,"86":8,"87":8,"88":0,"89":0,"90":8,"91":8,"92":3,"93":1,"94":0,"95":4,"96":0,"97":1},"f":{"0":1,"1":9,"2":2,"3":116,"4":7,"5":5,"6":8,"7":6,"8":1,"9":8,"10":8},"b":{"0":[1,8],"1":[5,3],"2":[8,5],"3":[5,0],"4":[5,3],"5":[8,5],"6":[5,0],"7":[1,4],"8":[5,1,1],"9":[1,0],"10":[2,3],"11":[5,2,2],"12":[2,0],"13":[0,3],"14":[3,3],"15":[0,6],"16":[8,0],"17":[3,1,0,4,0]},"_coverageSchema":"1a1c01bbd47fc00a2c39e90264f33305004495a9","hash":"6deb90aeb641d522a76b08ef5f68491ac8ccaf8b"}
,"D:\\VisualStudioCode\\CodebaseWinter2025\\CUOIKI\\JS-TaskManager\\adapters\\controllers\\TaskDisplayController.js": {"path":"D:\\VisualStudioCode\\CodebaseWinter2025\\CUOIKI\\JS-TaskManager\\adapters\\controllers\\TaskDisplayController.js","statementMap":{"0":{"start":{"line":23,"column":8},"end":{"line":23,"column":65}},"1":{"start":{"line":24,"column":8},"end":{"line":24,"column":73}},"2":{"start":{"line":25,"column":8},"end":{"line":25,"column":77}},"3":{"start":{"line":36,"column":8},"end":{"line":50,"column":9}},"4":{"start":{"line":37,"column":27},"end":{"line":37,"column":40}},"5":{"start":{"line":38,"column":27},"end":{"line":38,"column":42}},"6":{"start":{"line":41,"column":28},"end":{"line":41,"column":87}},"7":{"start":{"line":44,"column":12},"end":{"line":47,"column":15}},"8":{"start":{"line":49,"column":12},"end":{"line":49,"column":24}},"9":{"start":{"line":61,"column":8},"end":{"line":78,"column":9}},"10":{"start":{"line":62,"column":27},"end":{"line":62,"column":42}},"11":{"start":{"line":63,"column":33},"end":{"line":63,"column":57}},"12":{"start":{"line":66,"column":27},"end":{"line":66,"column":96}},"13":{"start":{"line":69,"column":12},"end":{"line":75,"column":15}},"14":{"start":{"line":71,"column":47},"end":{"line":71,"column":59}},"15":{"start":{"line":77,"column":12},"end":{"line":77,"column":24}},"16":{"start":{"line":89,"column":8},"end":{"line":102,"column":9}},"17":{"start":{"line":90,"column":27},"end":{"line":90,"column":42}},"18":{"start":{"line":93,"column":34},"end":{"line":93,"column":91}},"19":{"start":{"line":96,"column":12},"end":{"line":99,"column":15}},"20":{"start":{"line":101,"column":12},"end":{"line":101,"column":24}},"21":{"start":{"line":106,"column":0},"end":{"line":106,"column":39}}},"fnMap":{"0":{"name":"(anonymous_0)","decl":{"start":{"line":18,"column":4},"end":{"line":18,"column":5}},"loc":{"start":{"line":22,"column":6},"end":{"line":26,"column":5}},"line":22},"1":{"name":"(anonymous_1)","decl":{"start":{"line":35,"column":4},"end":{"line":35,"column":5}},"loc":{"start":{"line":35,"column":44},"end":{"line":51,"column":5}},"line":35},"2":{"name":"(anonymous_2)","decl":{"start":{"line":60,"column":4},"end":{"line":60,"column":5}},"loc":{"start":{"line":60,"column":48},"end":{"line":79,"column":5}},"line":60},"3":{"name":"(anonymous_3)","decl":{"start":{"line":71,"column":40},"end":{"line":71,"column":41}},"loc":{"start":{"line":71,"column":47},"end":{"line":71,"column":59}},"line":71},"4":{"name":"(anonymous_4)","decl":{"start":{"line":88,"column":4},"end":{"line":88,"column":5}},"loc":{"start":{"line":88,"column":50},"end":{"line":103,"column":5}},"line":88}},"branchMap":{"0":{"loc":{"start":{"line":63,"column":33},"end":{"line":63,"column":57}},"type":"binary-expr","locations":[{"start":{"line":63,"column":33},"end":{"line":63,"column":49}},{"start":{"line":63,"column":53},"end":{"line":63,"column":57}}],"line":63}},"s":{"0":1,"1":1,"2":1,"3":0,"4":0,"5":0,"6":0,"7":0,"8":0,"9":0,"10":0,"11":0,"12":0,"13":0,"14":0,"15":0,"16":0,"17":0,"18":0,"19":0,"20":0,"21":1},"f":{"0":1,"1":0,"2":0,"3":0,"4":0},"b":{"0":[0,0]},"_coverageSchema":"1a1c01bbd47fc00a2c39e90264f33305004495a9","hash":"e23075b549362d7dc0f17e92c641dfc9c0a6a7fd"}
,"D:\\VisualStudioCode\\CodebaseWinter2025\\CUOIKI\\JS-TaskManager\\adapters\\middleware\\AuthMiddleware.js": {"path":"D:\\VisualStudioCode\\CodebaseWinter2025\\CUOIKI\\JS-TaskManager\\adapters\\middleware\\AuthMiddleware.js","statementMap":{"0":{"start":{"line":7,"column":8},"end":{"line":7,"column":53}},"1":{"start":{"line":14,"column":8},"end":{"line":43,"column":10}},"2":{"start":{"line":15,"column":12},"end":{"line":42,"column":13}},"3":{"start":{"line":17,"column":35},"end":{"line":17,"column":60}},"4":{"start":{"line":19,"column":16},"end":{"line":24,"column":17}},"5":{"start":{"line":20,"column":20},"end":{"line":23,"column":23}},"6":{"start":{"line":26,"column":30},"end":{"line":26,"column":53}},"7":{"start":{"line":29,"column":29},"end":{"line":29,"column":73}},"8":{"start":{"line":32,"column":16},"end":{"line":32,"column":32}},"9":{"start":{"line":35,"column":16},"end":{"line":35,"column":23}},"10":{"start":{"line":38,"column":16},"end":{"line":41,"column":19}},"11":{"start":{"line":47,"column":0},"end":{"line":47,"column":36}}},"fnMap":{"0":{"name":"(anonymous_0)","decl":{"start":{"line":6,"column":4},"end":{"line":6,"column":5}},"loc":{"start":{"line":6,"column":36},"end":{"line":8,"column":5}},"line":6},"1":{"name":"(anonymous_1)","decl":{"start":{"line":13,"column":4},"end":{"line":13,"column":5}},"loc":{"start":{"line":13,"column":19},"end":{"line":44,"column":5}},"line":13},"2":{"name":"(anonymous_2)","decl":{"start":{"line":14,"column":15},"end":{"line":14,"column":16}},"loc":{"start":{"line":14,"column":41},"end":{"line":43,"column":9}},"line":14}},"branchMap":{"0":{"loc":{"start":{"line":19,"column":16},"end":{"line":24,"column":17}},"type":"if","locations":[{"start":{"line":19,"column":16},"end":{"line":24,"column":17}},{"start":{},"end":{}}],"line":19},"1":{"loc":{"start":{"line":19,"column":20},"end":{"line":19,"column":68}},"type":"binary-expr","locations":[{"start":{"line":19,"column":20},"end":{"line":19,"column":31}},{"start":{"line":19,"column":35},"end":{"line":19,"column":68}}],"line":19},"2":{"loc":{"start":{"line":40,"column":27},"end":{"line":40,"column":70}},"type":"binary-expr","locations":[{"start":{"line":40,"column":27},"end":{"line":40,"column":40}},{"start":{"line":40,"column":44},"end":{"line":40,"column":70}}],"line":40}},"s":{"0":17,"1":16,"2":59,"3":59,"4":59,"5":10,"6":49,"7":49,"8":43,"9":43,"10":6,"11":2},"f":{"0":17,"1":16,"2":59},"b":{"0":[10,49],"1":[59,52],"2":[6,1]},"_coverageSchema":"1a1c01bbd47fc00a2c39e90264f33305004495a9","hash":"25057763776af8db26dd46ecbee43351572f8511"}
,"D:\\VisualStudioCode\\CodebaseWinter2025\\CUOIKI\\JS-TaskManager\\adapters\\middleware\\ErrorHandlerMiddleware.js": {"path":"D:\\VisualStudioCode\\CodebaseWinter2025\\CUOIKI\\JS-TaskManager\\adapters\\middleware\\ErrorHandlerMiddleware.js","statementMap":{"0":{"start":{"line":1,"column":28},"end":{"line":1,"column":78}},"1":{"start":{"line":2,"column":19},"end":{"line":2,"column":64}},"2":{"start":{"line":18,"column":8},"end":{"line":23,"column":9}},"3":{"start":{"line":19,"column":12},"end":{"line":22,"column":15}},"4":{"start":{"line":26,"column":8},"end":{"line":26,"column":50}},"5":{"start":{"line":29,"column":8},"end":{"line":31,"column":9}},"6":{"start":{"line":30,"column":12},"end":{"line":30,"column":74}},"7":{"start":{"line":34,"column":8},"end":{"line":39,"column":9}},"8":{"start":{"line":35,"column":12},"end":{"line":38,"column":15}},"9":{"start":{"line":41,"column":8},"end":{"line":46,"column":9}},"10":{"start":{"line":42,"column":12},"end":{"line":45,"column":15}},"11":{"start":{"line":49,"column":8},"end":{"line":54,"column":9}},"12":{"start":{"line":50,"column":12},"end":{"line":53,"column":15}},"13":{"start":{"line":57,"column":8},"end":{"line":62,"column":9}},"14":{"start":{"line":58,"column":12},"end":{"line":61,"column":15}},"15":{"start":{"line":65,"column":8},"end":{"line":67,"column":9}},"16":{"start":{"line":66,"column":12},"end":{"line":66,"column":72}},"17":{"start":{"line":70,"column":8},"end":{"line":70,"column":63}},"18":{"start":{"line":80,"column":30},"end":{"line":95,"column":9}},"19":{"start":{"line":97,"column":27},"end":{"line":97,"column":62}},"20":{"start":{"line":99,"column":8},"end":{"line":103,"column":11}},"21":{"start":{"line":112,"column":8},"end":{"line":116,"column":11}},"22":{"start":{"line":119,"column":8},"end":{"line":124,"column":9}},"23":{"start":{"line":120,"column":12},"end":{"line":123,"column":15}},"24":{"start":{"line":126,"column":8},"end":{"line":131,"column":9}},"25":{"start":{"line":127,"column":12},"end":{"line":130,"column":15}},"26":{"start":{"line":133,"column":8},"end":{"line":138,"column":9}},"27":{"start":{"line":134,"column":12},"end":{"line":137,"column":15}},"28":{"start":{"line":140,"column":8},"end":{"line":143,"column":11}},"29":{"start":{"line":152,"column":8},"end":{"line":156,"column":11}},"30":{"start":{"line":159,"column":8},"end":{"line":169,"column":9}},"31":{"start":{"line":160,"column":12},"end":{"line":168,"column":15}},"32":{"start":{"line":172,"column":8},"end":{"line":175,"column":11}},"33":{"start":{"line":184,"column":25},"end":{"line":196,"column":9}},"34":{"start":{"line":200,"column":8},"end":{"line":200,"column":76}},"35":{"start":{"line":209,"column":8},"end":{"line":213,"column":11}},"36":{"start":{"line":217,"column":0},"end":{"line":217,"column":44}}},"fnMap":{"0":{"name":"(anonymous_0)","decl":{"start":{"line":16,"column":4},"end":{"line":16,"column":5}},"loc":{"start":{"line":16,"column":39},"end":{"line":71,"column":5}},"line":16},"1":{"name":"(anonymous_1)","decl":{"start":{"line":78,"column":4},"end":{"line":78,"column":5}},"loc":{"start":{"line":78,"column":43},"end":{"line":104,"column":5}},"line":78},"2":{"name":"(anonymous_2)","decl":{"start":{"line":111,"column":4},"end":{"line":111,"column":5}},"loc":{"start":{"line":111,"column":41},"end":{"line":144,"column":5}},"line":111},"3":{"name":"(anonymous_3)","decl":{"start":{"line":151,"column":4},"end":{"line":151,"column":5}},"loc":{"start":{"line":151,"column":43},"end":{"line":176,"column":5}},"line":151},"4":{"name":"(anonymous_4)","decl":{"start":{"line":183,"column":4},"end":{"line":183,"column":5}},"loc":{"start":{"line":183,"column":30},"end":{"line":201,"column":5}},"line":183},"5":{"name":"(anonymous_5)","decl":{"start":{"line":208,"column":4},"end":{"line":208,"column":5}},"loc":{"start":{"line":208,"column":30},"end":{"line":214,"column":5}},"line":208}},"branchMap":{"0":{"loc":{"start":{"line":18,"column":8},"end":{"line":23,"column":9}},"type":"if","locations":[{"start":{"line":18,"column":8},"end":{"line":23,"column":9}},{"start":{},"end":{}}],"line":18},"1":{"loc":{"start":{"line":29,"column":8},"end":{"line":31,"column":9}},"type":"if","locations":[{"start":{"line":29,"column":8},"end":{"line":31,"column":9}},{"start":{},"end":{}}],"line":29},"2":{"loc":{"start":{"line":34,"column":8},"end":{"line":39,"column":9}},"type":"if","locations":[{"start":{"line":34,"column":8},"end":{"line":39,"column":9}},{"start":{},"end":{}}],"line":34},"3":{"loc":{"start":{"line":41,"column":8},"end":{"line":46,"column":9}},"type":"if","locations":[{"start":{"line":41,"column":8},"end":{"line":46,"column":9}},{"start":{},"end":{}}],"line":41},"4":{"loc":{"start":{"line":49,"column":8},"end":{"line":54,"column":9}},"type":"if","locations":[{"start":{"line":49,"column":8},"end":{"line":54,"column":9}},{"start":{},"end":{}}],"line":49},"5":{"loc":{"start":{"line":57,"column":8},"end":{"line":62,"column":9}},"type":"if","locations":[{"start":{"line":57,"column":8},"end":{"line":62,"column":9}},{"start":{},"end":{}}],"line":57},"6":{"loc":{"start":{"line":57,"column":12},"end":{"line":57,"column":67}},"type":"binary-expr","locations":[{"start":{"line":57,"column":12},"end":{"line":57,"column":39}},{"start":{"line":57,"column":43},"end":{"line":57,"column":67}}],"line":57},"7":{"loc":{"start":{"line":65,"column":8},"end":{"line":67,"column":9}},"type":"if","locations":[{"start":{"line":65,"column":8},"end":{"line":67,"column":9}},{"start":{},"end":{}}],"line":65},"8":{"loc":{"start":{"line":65,"column":12},"end":{"line":65,"column":48}},"type":"binary-expr","locations":[{"start":{"line":65,"column":12},"end":{"line":65,"column":20}},{"start":{"line":65,"column":24},"end":{"line":65,"column":48}}],"line":65},"9":{"loc":{"start":{"line":97,"column":27},"end":{"line":97,"column":62}},"type":"binary-expr","locations":[{"start":{"line":97,"column":27},"end":{"line":97,"column":55}},{"start":{"line":97,"column":59},"end":{"line":97,"column":62}}],"line":97},"10":{"loc":{"start":{"line":115,"column":19},"end":{"line":115,"column":76}},"type":"cond-expr","locations":[{"start":{"line":115,"column":55},"end":{"line":115,"column":64}},{"start":{"line":115,"column":67},"end":{"line":115,"column":76}}],"line":115},"11":{"loc":{"start":{"line":119,"column":8},"end":{"line":124,"column":9}},"type":"if","locations":[{"start":{"line":119,"column":8},"end":{"line":124,"column":9}},{"start":{},"end":{}}],"line":119},"12":{"loc":{"start":{"line":126,"column":8},"end":{"line":131,"column":9}},"type":"if","locations":[{"start":{"line":126,"column":8},"end":{"line":131,"column":9}},{"start":{},"end":{}}],"line":126},"13":{"loc":{"start":{"line":133,"column":8},"end":{"line":138,"column":9}},"type":"if","locations":[{"start":{"line":133,"column":8},"end":{"line":138,"column":9}},{"start":{},"end":{}}],"line":133},"14":{"loc":{"start":{"line":155,"column":19},"end":{"line":155,"column":76}},"type":"cond-expr","locations":[{"start":{"line":155,"column":55},"end":{"line":155,"column":64}},{"start":{"line":155,"column":67},"end":{"line":155,"column":76}}],"line":155},"15":{"loc":{"start":{"line":159,"column":8},"end":{"line":169,"column":9}},"type":"if","locations":[{"start":{"line":159,"column":8},"end":{"line":169,"column":9}},{"start":{},"end":{}}],"line":159},"16":{"loc":{"start":{"line":194,"column":23},"end":{"line":194,"column":80}},"type":"cond-expr","locations":[{"start":{"line":194,"column":59},"end":{"line":194,"column":68}},{"start":{"line":194,"column":71},"end":{"line":194,"column":80}}],"line":194}},"s":{"0":2,"1":2,"2":43,"3":2,"4":41,"5":41,"6":27,"7":14,"8":1,"9":13,"10":1,"11":12,"12":1,"13":11,"14":2,"15":9,"16":1,"17":8,"18":27,"19":27,"20":27,"21":1,"22":1,"23":0,"24":1,"25":0,"26":1,"27":0,"28":1,"29":8,"30":8,"31":0,"32":8,"33":41,"34":41,"35":0,"36":2},"f":{"0":43,"1":27,"2":1,"3":8,"4":41,"5":0},"b":{"0":[2,41],"1":[27,14],"2":[1,13],"3":[1,12],"4":[1,11],"5":[2,9],"6":[11,10],"7":[1,8],"8":[9,1],"9":[27,5],"10":[0,1],"11":[0,1],"12":[0,1],"13":[0,1],"14":[0,8],"15":[0,8],"16":[0,41]},"_coverageSchema":"1a1c01bbd47fc00a2c39e90264f33305004495a9","hash":"c885381dd94b7e55884e2a66e21aa922ac9ede0c"}
,"D:\\VisualStudioCode\\CodebaseWinter2025\\CUOIKI\\JS-TaskManager\\adapters\\repositories\\SqlTaskRepository.js": {"path":"D:\\VisualStudioCode\\CodebaseWinter2025\\CUOIKI\\JS-TaskManager\\adapters\\repositories\\SqlTaskRepository.js","statementMap":{"0":{"start":{"line":1,"column":27},"end":{"line":1,"column":73}},"1":{"start":{"line":2,"column":17},"end":{"line":2,"column":54}},"2":{"start":{"line":3,"column":22},"end":{"line":3,"column":79}},"3":{"start":{"line":12,"column":8},"end":{"line":12,"column":16}},"4":{"start":{"line":13,"column":8},"end":{"line":13,"column":33}},"5":{"start":{"line":20,"column":8},"end":{"line":20,"column":39}},"6":{"start":{"line":27,"column":21},"end":{"line":27,"column":35}},"7":{"start":{"line":28,"column":25},"end":{"line":35,"column":10}},"8":{"start":{"line":36,"column":8},"end":{"line":36,"column":39}},"9":{"start":{"line":43,"column":21},"end":{"line":43,"column":35}},"10":{"start":{"line":44,"column":20},"end":{"line":44,"column":58}},"11":{"start":{"line":45,"column":8},"end":{"line":45,"column":47}},"12":{"start":{"line":52,"column":21},"end":{"line":52,"column":35}},"13":{"start":{"line":53,"column":21},"end":{"line":53,"column":63}},"14":{"start":{"line":54,"column":8},"end":{"line":54,"column":51}},"15":{"start":{"line":54,"column":31},"end":{"line":54,"column":49}},"16":{"start":{"line":61,"column":21},"end":{"line":61,"column":35}},"17":{"start":{"line":62,"column":21},"end":{"line":62,"column":80}},"18":{"start":{"line":63,"column":8},"end":{"line":63,"column":51}},"19":{"start":{"line":63,"column":31},"end":{"line":63,"column":49}},"20":{"start":{"line":70,"column":21},"end":{"line":70,"column":35}},"21":{"start":{"line":73,"column":25},"end":{"line":78,"column":10}},"22":{"start":{"line":80,"column":8},"end":{"line":82,"column":9}},"23":{"start":{"line":81,"column":12},"end":{"line":81,"column":70}},"24":{"start":{"line":85,"column":8},"end":{"line":85,"column":88}},"25":{"start":{"line":87,"column":8},"end":{"line":87,"column":41}},"26":{"start":{"line":94,"column":21},"end":{"line":94,"column":35}},"27":{"start":{"line":95,"column":8},"end":{"line":95,"column":45}},"28":{"start":{"line":96,"column":8},"end":{"line":96,"column":20}},"29":{"start":{"line":103,"column":21},"end":{"line":103,"column":35}},"30":{"start":{"line":104,"column":8},"end":{"line":104,"column":53}},"31":{"start":{"line":105,"column":8},"end":{"line":105,"column":20}},"32":{"start":{"line":112,"column":21},"end":{"line":112,"column":35}},"33":{"start":{"line":113,"column":8},"end":{"line":113,"column":76}},"34":{"start":{"line":120,"column":31},"end":{"line":120,"column":78}},"35":{"start":{"line":124,"column":26},"end":{"line":124,"column":88}},"36":{"start":{"line":125,"column":25},"end":{"line":125,"column":73}},"37":{"start":{"line":127,"column":8},"end":{"line":137,"column":10}},"38":{"start":{"line":141,"column":0},"end":{"line":141,"column":39}}},"fnMap":{"0":{"name":"(anonymous_0)","decl":{"start":{"line":11,"column":4},"end":{"line":11,"column":5}},"loc":{"start":{"line":11,"column":26},"end":{"line":14,"column":5}},"line":11},"1":{"name":"(anonymous_1)","decl":{"start":{"line":19,"column":4},"end":{"line":19,"column":5}},"loc":{"start":{"line":19,"column":14},"end":{"line":21,"column":5}},"line":19},"2":{"name":"(anonymous_2)","decl":{"start":{"line":26,"column":4},"end":{"line":26,"column":5}},"loc":{"start":{"line":26,"column":21},"end":{"line":37,"column":5}},"line":26},"3":{"name":"(anonymous_3)","decl":{"start":{"line":42,"column":4},"end":{"line":42,"column":5}},"loc":{"start":{"line":42,"column":27},"end":{"line":46,"column":5}},"line":42},"4":{"name":"(anonymous_4)","decl":{"start":{"line":51,"column":4},"end":{"line":51,"column":5}},"loc":{"start":{"line":51,"column":31},"end":{"line":55,"column":5}},"line":51},"5":{"name":"(anonymous_5)","decl":{"start":{"line":54,"column":24},"end":{"line":54,"column":25}},"loc":{"start":{"line":54,"column":31},"end":{"line":54,"column":49}},"line":54},"6":{"name":"(anonymous_6)","decl":{"start":{"line":60,"column":4},"end":{"line":60,"column":5}},"loc":{"start":{"line":60,"column":48},"end":{"line":64,"column":5}},"line":60},"7":{"name":"(anonymous_7)","decl":{"start":{"line":63,"column":24},"end":{"line":63,"column":25}},"loc":{"start":{"line":63,"column":31},"end":{"line":63,"column":49}},"line":63},"8":{"name":"(anonymous_8)","decl":{"start":{"line":69,"column":4},"end":{"line":69,"column":5}},"loc":{"start":{"line":69,"column":23},"end":{"line":88,"column":5}},"line":69},"9":{"name":"(anonymous_9)","decl":{"start":{"line":93,"column":4},"end":{"line":93,"column":5}},"loc":{"start":{"line":93,"column":25},"end":{"line":97,"column":5}},"line":93},"10":{"name":"(anonymous_10)","decl":{"start":{"line":102,"column":4},"end":{"line":102,"column":5}},"loc":{"start":{"line":102,"column":33},"end":{"line":106,"column":5}},"line":102},"11":{"name":"(anonymous_11)","decl":{"start":{"line":111,"column":4},"end":{"line":111,"column":5}},"loc":{"start":{"line":111,"column":49},"end":{"line":114,"column":5}},"line":111},"12":{"name":"(anonymous_12)","decl":{"start":{"line":119,"column":4},"end":{"line":119,"column":5}},"loc":{"start":{"line":119,"column":18},"end":{"line":138,"column":5}},"line":119}},"branchMap":{"0":{"loc":{"start":{"line":45,"column":15},"end":{"line":45,"column":46}},"type":"cond-expr","locations":[{"start":{"line":45,"column":21},"end":{"line":45,"column":39}},{"start":{"line":45,"column":42},"end":{"line":45,"column":46}}],"line":45},"1":{"loc":{"start":{"line":80,"column":8},"end":{"line":82,"column":9}},"type":"if","locations":[{"start":{"line":80,"column":8},"end":{"line":82,"column":9}},{"start":{},"end":{}}],"line":80},"2":{"loc":{"start":{"line":124,"column":26},"end":{"line":124,"column":88}},"type":"cond-expr","locations":[{"start":{"line":124,"column":57},"end":{"line":124,"column":71}},{"start":{"line":124,"column":74},"end":{"line":124,"column":88}}],"line":124},"3":{"loc":{"start":{"line":125,"column":25},"end":{"line":125,"column":73}},"type":"cond-expr","locations":[{"start":{"line":125,"column":54},"end":{"line":125,"column":66}},{"start":{"line":125,"column":69},"end":{"line":125,"column":73}}],"line":125}},"s":{"0":2,"1":2,"2":2,"3":2,"4":2,"5":65,"6":8,"7":8,"8":8,"9":29,"10":29,"11":29,"12":3,"13":3,"14":3,"15":116,"16":3,"17":3,"18":3,"19":2,"20":13,"21":13,"22":13,"23":0,"24":13,"25":13,"26":1,"27":1,"28":1,"29":0,"30":0,"31":0,"32":8,"33":8,"34":162,"35":162,"36":162,"37":162,"38":2},"f":{"0":2,"1":65,"2":8,"3":29,"4":3,"5":116,"6":3,"7":2,"8":13,"9":1,"10":0,"11":8,"12":162},"b":{"0":[23,6],"1":[0,13],"2":[162,0],"3":[162,0]},"_coverageSchema":"1a1c01bbd47fc00a2c39e90264f33305004495a9","hash":"8ebddea186f88044958e41a87bd85d495925c2ad"}
,"D:\\VisualStudioCode\\CodebaseWinter2025\\CUOIKI\\JS-TaskManager\\adapters\\repositories\\SqlUserRepository.js": {"path":"D:\\VisualStudioCode\\CodebaseWinter2025\\CUOIKI\\JS-TaskManager\\adapters\\repositories\\SqlUserRepository.js","statementMap":{"0":{"start":{"line":1,"column":27},"end":{"line":1,"column":73}},"1":{"start":{"line":2,"column":17},"end":{"line":2,"column":54}},"2":{"start":{"line":3,"column":22},"end":{"line":3,"column":79}},"3":{"start":{"line":12,"column":8},"end":{"line":12,"column":16}},"4":{"start":{"line":13,"column":8},"end":{"line":13,"column":33}},"5":{"start":{"line":20,"column":8},"end":{"line":20,"column":39}},"6":{"start":{"line":27,"column":21},"end":{"line":27,"column":35}},"7":{"start":{"line":28,"column":25},"end":{"line":32,"column":10}},"8":{"start":{"line":33,"column":8},"end":{"line":33,"column":39}},"9":{"start":{"line":40,"column":21},"end":{"line":40,"column":35}},"10":{"start":{"line":41,"column":20},"end":{"line":41,"column":58}},"11":{"start":{"line":42,"column":8},"end":{"line":42,"column":47}},"12":{"start":{"line":49,"column":21},"end":{"line":49,"column":35}},"13":{"start":{"line":50,"column":20},"end":{"line":50,"column":60}},"14":{"start":{"line":51,"column":8},"end":{"line":51,"column":47}},"15":{"start":{"line":58,"column":21},"end":{"line":58,"column":35}},"16":{"start":{"line":59,"column":20},"end":{"line":59,"column":66}},"17":{"start":{"line":60,"column":8},"end":{"line":60,"column":47}},"18":{"start":{"line":67,"column":21},"end":{"line":67,"column":35}},"19":{"start":{"line":68,"column":27},"end":{"line":71,"column":10}},"20":{"start":{"line":73,"column":8},"end":{"line":75,"column":9}},"21":{"start":{"line":74,"column":12},"end":{"line":74,"column":70}},"22":{"start":{"line":78,"column":8},"end":{"line":80,"column":9}},"23":{"start":{"line":79,"column":12},"end":{"line":79,"column":83}},"24":{"start":{"line":82,"column":8},"end":{"line":82,"column":41}},"25":{"start":{"line":89,"column":21},"end":{"line":89,"column":35}},"26":{"start":{"line":90,"column":8},"end":{"line":90,"column":45}},"27":{"start":{"line":91,"column":8},"end":{"line":91,"column":20}},"28":{"start":{"line":98,"column":21},"end":{"line":98,"column":35}},"29":{"start":{"line":99,"column":8},"end":{"line":99,"column":58}},"30":{"start":{"line":106,"column":21},"end":{"line":106,"column":35}},"31":{"start":{"line":107,"column":8},"end":{"line":107,"column":64}},"32":{"start":{"line":114,"column":8},"end":{"line":121,"column":10}},"33":{"start":{"line":125,"column":0},"end":{"line":125,"column":39}}},"fnMap":{"0":{"name":"(anonymous_0)","decl":{"start":{"line":11,"column":4},"end":{"line":11,"column":5}},"loc":{"start":{"line":11,"column":26},"end":{"line":14,"column":5}},"line":11},"1":{"name":"(anonymous_1)","decl":{"start":{"line":19,"column":4},"end":{"line":19,"column":5}},"loc":{"start":{"line":19,"column":14},"end":{"line":21,"column":5}},"line":19},"2":{"name":"(anonymous_2)","decl":{"start":{"line":26,"column":4},"end":{"line":26,"column":5}},"loc":{"start":{"line":26,"column":21},"end":{"line":34,"column":5}},"line":26},"3":{"name":"(anonymous_3)","decl":{"start":{"line":39,"column":4},"end":{"line":39,"column":5}},"loc":{"start":{"line":39,"column":27},"end":{"line":43,"column":5}},"line":39},"4":{"name":"(anonymous_4)","decl":{"start":{"line":48,"column":4},"end":{"line":48,"column":5}},"loc":{"start":{"line":48,"column":29},"end":{"line":52,"column":5}},"line":48},"5":{"name":"(anonymous_5)","decl":{"start":{"line":57,"column":4},"end":{"line":57,"column":5}},"loc":{"start":{"line":57,"column":35},"end":{"line":61,"column":5}},"line":57},"6":{"name":"(anonymous_6)","decl":{"start":{"line":66,"column":4},"end":{"line":66,"column":5}},"loc":{"start":{"line":66,"column":23},"end":{"line":83,"column":5}},"line":66},"7":{"name":"(anonymous_7)","decl":{"start":{"line":88,"column":4},"end":{"line":88,"column":5}},"loc":{"start":{"line":88,"column":25},"end":{"line":92,"column":5}},"line":88},"8":{"name":"(anonymous_8)","decl":{"start":{"line":97,"column":4},"end":{"line":97,"column":5}},"loc":{"start":{"line":97,"column":31},"end":{"line":100,"column":5}},"line":97},"9":{"name":"(anonymous_9)","decl":{"start":{"line":105,"column":4},"end":{"line":105,"column":5}},"loc":{"start":{"line":105,"column":37},"end":{"line":108,"column":5}},"line":105},"10":{"name":"(anonymous_10)","decl":{"start":{"line":113,"column":4},"end":{"line":113,"column":5}},"loc":{"start":{"line":113,"column":18},"end":{"line":122,"column":5}},"line":113}},"branchMap":{"0":{"loc":{"start":{"line":42,"column":15},"end":{"line":42,"column":46}},"type":"cond-expr","locations":[{"start":{"line":42,"column":21},"end":{"line":42,"column":39}},{"start":{"line":42,"column":42},"end":{"line":42,"column":46}}],"line":42},"1":{"loc":{"start":{"line":51,"column":15},"end":{"line":51,"column":46}},"type":"cond-expr","locations":[{"start":{"line":51,"column":21},"end":{"line":51,"column":39}},{"start":{"line":51,"column":42},"end":{"line":51,"column":46}}],"line":51},"2":{"loc":{"start":{"line":60,"column":15},"end":{"line":60,"column":46}},"type":"cond-expr","locations":[{"start":{"line":60,"column":21},"end":{"line":60,"column":39}},{"start":{"line":60,"column":42},"end":{"line":60,"column":46}}],"line":60},"3":{"loc":{"start":{"line":73,"column":8},"end":{"line":75,"column":9}},"type":"if","locations":[{"start":{"line":73,"column":8},"end":{"line":75,"column":9}},{"start":{},"end":{}}],"line":73},"4":{"loc":{"start":{"line":78,"column":8},"end":{"line":80,"column":9}},"type":"if","locations":[{"start":{"line":78,"column":8},"end":{"line":80,"column":9}},{"start":{},"end":{}}],"line":78}},"s":{"0":3,"1":3,"2":3,"3":4,"4":4,"5":58,"6":3,"7":3,"8":3,"9":44,"10":44,"11":44,"12":4,"13":4,"14":4,"15":0,"16":0,"17":0,"18":0,"19":0,"20":0,"21":0,"22":0,"23":0,"24":0,"25":3,"26":3,"27":3,"28":2,"29":2,"30":2,"31":2,"32":48,"33":3},"f":{"0":4,"1":58,"2":3,"3":44,"4":4,"5":0,"6":0,"7":3,"8":2,"9":2,"10":48},"b":{"0":[42,2],"1":[3,1],"2":[0,0],"3":[0,0],"4":[0,0]},"_coverageSchema":"1a1c01bbd47fc00a2c39e90264f33305004495a9","hash":"d494c6ca318e5a0fd4820b0f00fc2695229a2d6a"}
,"D:\\VisualStudioCode\\CodebaseWinter2025\\CUOIKI\\JS-TaskManager\\business\\index.js": {"path":"D:\\VisualStudioCode\\CodebaseWinter2025\\CUOIKI\\JS-TaskManager\\business\\index.js","statementMap":{"0":{"start":{"line":4,"column":0},"end":{"line":40,"column":2}}},"fnMap":{},"branchMap":{},"s":{"0":1},"f":{},"b":{},"_coverageSchema":"1a1c01bbd47fc00a2c39e90264f33305004495a9","hash":"e8d4e1845338199fc23d5d37cfa0baa0f7e8dfe2"}
,"D:\\VisualStudioCode\\CodebaseWinter2025\\CUOIKI\\JS-TaskManager\\business\\dto\\ChangeTaskStatusDTO.js": {"path":"D:\\VisualStudioCode\\CodebaseWinter2025\\CUOIKI\\JS-TaskManager\\business\\dto\\ChangeTaskStatusDTO.js","statementMap":{"0":{"start":{"line":6,"column":8},"end":{"line":6,"column":29}},"1":{"start":{"line":7,"column":8},"end":{"line":7,"column":29}},"2":{"start":{"line":8,"column":8},"end":{"line":8,"column":29}},"3":{"start":{"line":17,"column":8},"end":{"line":17,"column":29}},"4":{"start":{"line":18,"column":8},"end":{"line":18,"column":27}},"5":{"start":{"line":19,"column":8},"end":{"line":19,"column":39}},"6":{"start":{"line":20,"column":8},"end":{"line":20,"column":29}},"7":{"start":{"line":21,"column":8},"end":{"line":21,"column":29}},"8":{"start":{"line":22,"column":8},"end":{"line":22,"column":35}},"9":{"start":{"line":23,"column":8},"end":{"line":23,"column":33}},"10":{"start":{"line":24,"column":8},"end":{"line":24,"column":33}},"11":{"start":{"line":25,"column":8},"end":{"line":25,"column":35}},"12":{"start":{"line":26,"column":8},"end":{"line":26,"column":35}},"13":{"start":{"line":30,"column":8},"end":{"line":41,"column":10}},"14":{"start":{"line":45,"column":0},"end":{"line":45,"column":73}}},"fnMap":{"0":{"name":"(anonymous_0)","decl":{"start":{"line":5,"column":4},"end":{"line":5,"column":5}},"loc":{"start":{"line":5,"column":40},"end":{"line":9,"column":5}},"line":5},"1":{"name":"(anonymous_1)","decl":{"start":{"line":16,"column":4},"end":{"line":16,"column":5}},"loc":{"start":{"line":16,"column":113},"end":{"line":27,"column":5}},"line":16},"2":{"name":"(anonymous_2)","decl":{"start":{"line":29,"column":4},"end":{"line":29,"column":5}},"loc":{"start":{"line":29,"column":26},"end":{"line":42,"column":5}},"line":29}},"branchMap":{},"s":{"0":0,"1":0,"2":0,"3":8,"4":8,"5":8,"6":8,"7":8,"8":8,"9":8,"10":8,"11":8,"12":8,"13":8,"14":2},"f":{"0":0,"1":8,"2":8},"b":{},"_coverageSchema":"1a1c01bbd47fc00a2c39e90264f33305004495a9","hash":"5c3d555fed211c6ebd82d14c8e355b4e4b66e2ea"}
,"D:\\VisualStudioCode\\CodebaseWinter2025\\CUOIKI\\JS-TaskManager\\business\\dto\\CreateTaskDTO.js": {"path":"D:\\VisualStudioCode\\CodebaseWinter2025\\CUOIKI\\JS-TaskManager\\business\\dto\\CreateTaskDTO.js","statementMap":{"0":{"start":{"line":6,"column":8},"end":{"line":6,"column":27}},"1":{"start":{"line":7,"column":8},"end":{"line":7,"column":39}},"2":{"start":{"line":8,"column":8},"end":{"line":8,"column":29}},"3":{"start":{"line":9,"column":8},"end":{"line":9,"column":35}},"4":{"start":{"line":10,"column":8},"end":{"line":10,"column":33}},"5":{"start":{"line":19,"column":8},"end":{"line":19,"column":29}},"6":{"start":{"line":20,"column":8},"end":{"line":20,"column":27}},"7":{"start":{"line":21,"column":8},"end":{"line":21,"column":39}},"8":{"start":{"line":22,"column":8},"end":{"line":22,"column":29}},"9":{"start":{"line":23,"column":8},"end":{"line":23,"column":29}},"10":{"start":{"line":24,"column":8},"end":{"line":24,"column":35}},"11":{"start":{"line":25,"column":8},"end":{"line":25,"column":33}},"12":{"start":{"line":26,"column":8},"end":{"line":26,"column":35}},"13":{"start":{"line":30,"column":8},"end":{"line":39,"column":10}},"14":{"start":{"line":43,"column":0},"end":{"line":43,"column":61}}},"fnMap":{"0":{"name":"(anonymous_0)","decl":{"start":{"line":5,"column":4},"end":{"line":5,"column":5}},"loc":{"start":{"line":5,"column":79},"end":{"line":11,"column":5}},"line":5},"1":{"name":"(anonymous_1)","decl":{"start":{"line":18,"column":4},"end":{"line":18,"column":5}},"loc":{"start":{"line":18,"column":92},"end":{"line":27,"column":5}},"line":18},"2":{"name":"(anonymous_2)","decl":{"start":{"line":29,"column":4},"end":{"line":29,"column":5}},"loc":{"start":{"line":29,"column":26},"end":{"line":40,"column":5}},"line":29}},"branchMap":{"0":{"loc":{"start":{"line":5,"column":44},"end":{"line":5,"column":60}},"type":"default-arg","locations":[{"start":{"line":5,"column":56},"end":{"line":5,"column":60}}],"line":5},"1":{"loc":{"start":{"line":5,"column":62},"end":{"line":5,"column":77}},"type":"default-arg","locations":[{"start":{"line":5,"column":73},"end":{"line":5,"column":77}}],"line":5}},"s":{"0":12,"1":12,"2":12,"3":12,"4":12,"5":9,"6":9,"7":9,"8":9,"9":9,"10":9,"11":9,"12":9,"13":9,"14":2},"f":{"0":12,"1":9,"2":9},"b":{"0":[4],"1":[4]},"_coverageSchema":"1a1c01bbd47fc00a2c39e90264f33305004495a9","hash":"79eaac559bbc20b3718cd64dafcf0fdf32253d93"}
,"D:\\VisualStudioCode\\CodebaseWinter2025\\CUOIKI\\JS-TaskManager\\business\\dto\\DeleteTaskDTO.js": {"path":"D:\\VisualStudioCode\\CodebaseWinter2025\\CUOIKI\\JS-TaskManager\\business\\dto\\DeleteTaskDTO.js","statementMap":{"0":{"start":{"line":6,"column":8},"end":{"line":6,"column":29}},"1":{"start":{"line":7,"column":8},"end":{"line":7,"column":29}},"2":{"start":{"line":16,"column":8},"end":{"line":16,"column":29}},"3":{"start":{"line":17,"column":8},"end":{"line":17,"column":31}},"4":{"start":{"line":18,"column":8},"end":{"line":18,"column":31}},"5":{"start":{"line":22,"column":0},"end":{"line":22,"column":61}}},"fnMap":{"0":{"name":"(anonymous_0)","decl":{"start":{"line":5,"column":4},"end":{"line":5,"column":5}},"loc":{"start":{"line":5,"column":32},"end":{"line":8,"column":5}},"line":5},"1":{"name":"(anonymous_1)","decl":{"start":{"line":15,"column":4},"end":{"line":15,"column":5}},"loc":{"start":{"line":15,"column":42},"end":{"line":19,"column":5}},"line":15}},"branchMap":{},"s":{"0":13,"1":13,"2":8,"3":8,"4":8,"5":2},"f":{"0":13,"1":8},"b":{},"_coverageSchema":"1a1c01bbd47fc00a2c39e90264f33305004495a9","hash":"e8c33755fe809a3efb9087dcf2d2b24b7a62d97d"}
,"D:\\VisualStudioCode\\CodebaseWinter2025\\CUOIKI\\JS-TaskManager\\business\\dto\\GetTaskDTO.js": {"path":"D:\\VisualStudioCode\\CodebaseWinter2025\\CUOIKI\\JS-TaskManager\\business\\dto\\GetTaskDTO.js","statementMap":{"0":{"start":{"line":6,"column":8},"end":{"line":6,"column":29}},"1":{"start":{"line":7,"column":8},"end":{"line":7,"column":29}},"2":{"start":{"line":16,"column":8},"end":{"line":28,"column":12}},"3":{"start":{"line":16,"column":40},"end":{"line":28,"column":9}},"4":{"start":{"line":29,"column":8},"end":{"line":29,"column":34}},"5":{"start":{"line":38,"column":8},"end":{"line":38,"column":29}},"6":{"start":{"line":39,"column":8},"end":{"line":39,"column":29}},"7":{"start":{"line":48,"column":8},"end":{"line":48,"column":35}},"8":{"start":{"line":49,"column":8},"end":{"line":49,"column":37}},"9":{"start":{"line":50,"column":8},"end":{"line":50,"column":49}},"10":{"start":{"line":51,"column":8},"end":{"line":51,"column":39}},"11":{"start":{"line":52,"column":8},"end":{"line":52,"column":39}},"12":{"start":{"line":53,"column":8},"end":{"line":53,"column":45}},"13":{"start":{"line":54,"column":8},"end":{"line":54,"column":43}},"14":{"start":{"line":55,"column":8},"end":{"line":55,"column":53}},"15":{"start":{"line":56,"column":8},"end":{"line":56,"column":42}},"16":{"start":{"line":57,"column":8},"end":{"line":57,"column":45}},"17":{"start":{"line":58,"column":8},"end":{"line":58,"column":45}},"18":{"start":{"line":62,"column":0},"end":{"line":67,"column":2}}},"fnMap":{"0":{"name":"(anonymous_0)","decl":{"start":{"line":5,"column":4},"end":{"line":5,"column":5}},"loc":{"start":{"line":5,"column":39},"end":{"line":8,"column":5}},"line":5},"1":{"name":"(anonymous_1)","decl":{"start":{"line":15,"column":4},"end":{"line":15,"column":5}},"loc":{"start":{"line":15,"column":23},"end":{"line":30,"column":5}},"line":15},"2":{"name":"(anonymous_2)","decl":{"start":{"line":16,"column":31},"end":{"line":16,"column":32}},"loc":{"start":{"line":16,"column":40},"end":{"line":28,"column":9}},"line":16},"3":{"name":"(anonymous_3)","decl":{"start":{"line":37,"column":4},"end":{"line":37,"column":5}},"loc":{"start":{"line":37,"column":32},"end":{"line":40,"column":5}},"line":37},"4":{"name":"(anonymous_4)","decl":{"start":{"line":47,"column":4},"end":{"line":47,"column":5}},"loc":{"start":{"line":47,"column":22},"end":{"line":59,"column":5}},"line":47}},"branchMap":{"0":{"loc":{"start":{"line":5,"column":24},"end":{"line":5,"column":37}},"type":"default-arg","locations":[{"start":{"line":5,"column":33},"end":{"line":5,"column":37}}],"line":5}},"s":{"0":7,"1":7,"2":6,"3":119,"4":6,"5":12,"6":12,"7":7,"8":7,"9":7,"10":7,"11":7,"12":7,"13":7,"14":7,"15":7,"16":7,"17":7,"18":3},"f":{"0":7,"1":6,"2":119,"3":12,"4":7},"b":{"0":[1]},"_coverageSchema":"1a1c01bbd47fc00a2c39e90264f33305004495a9","hash":"121923ec81ccdbb22c73a15d4fd9e84d04b6990b"}
,"D:\\VisualStudioCode\\CodebaseWinter2025\\CUOIKI\\JS-TaskManager\\business\\dto\\GetTaskStatisticsDTO.js": {"path":"D:\\VisualStudioCode\\CodebaseWinter2025\\CUOIKI\\JS-TaskManager\\business\\dto\\GetTaskStatisticsDTO.js","statementMap":{"0":{"start":{"line":6,"column":8},"end":{"line":6,"column":29}},"1":{"start":{"line":15,"column":8},"end":{"line":15,"column":32}},"2":{"start":{"line":16,"column":8},"end":{"line":16,"column":36}},"3":{"start":{"line":17,"column":8},"end":{"line":17,"column":42}},"4":{"start":{"line":18,"column":8},"end":{"line":18,"column":40}},"5":{"start":{"line":19,"column":8},"end":{"line":19,"column":45}},"6":{"start":{"line":23,"column":0},"end":{"line":23,"column":75}}},"fnMap":{"0":{"name":"(anonymous_0)","decl":{"start":{"line":5,"column":4},"end":{"line":5,"column":5}},"loc":{"start":{"line":5,"column":24},"end":{"line":7,"column":5}},"line":5},"1":{"name":"(anonymous_1)","decl":{"start":{"line":14,"column":4},"end":{"line":14,"column":5}},"loc":{"start":{"line":14,"column":71},"end":{"line":20,"column":5}},"line":14}},"branchMap":{},"s":{"0":0,"1":4,"2":4,"3":4,"4":4,"5":4,"6":2},"f":{"0":0,"1":4},"b":{},"_coverageSchema":"1a1c01bbd47fc00a2c39e90264f33305004495a9","hash":"7d20ca51dfb0c5f6eed80daf98db5ea0c1c00a10"}
,"D:\\VisualStudioCode\\CodebaseWinter2025\\CUOIKI\\JS-TaskManager\\business\\dto\\LoginUserDTO.js": {"path":"D:\\VisualStudioCode\\CodebaseWinter2025\\CUOIKI\\JS-TaskManager\\business\\dto\\LoginUserDTO.js","statementMap":{"0":{"start":{"line":6,"column":8},"end":{"line":6,"column":27}},"1":{"start":{"line":7,"column":8},"end":{"line":7,"column":33}},"2":{"start":{"line":16,"column":8},"end":{"line":16,"column":27}},"3":{"start":{"line":17,"column":8},"end":{"line":21,"column":10}},"4":{"start":{"line":25,"column":0},"end":{"line":25,"column":59}}},"fnMap":{"0":{"name":"(anonymous_0)","decl":{"start":{"line":5,"column":4},"end":{"line":5,"column":5}},"loc":{"start":{"line":5,"column":33},"end":{"line":8,"column":5}},"line":5},"1":{"name":"(anonymous_1)","decl":{"start":{"line":15,"column":4},"end":{"line":15,"column":5}},"loc":{"start":{"line":15,"column":29},"end":{"line":22,"column":5}},"line":15}},"branchMap":{},"s":{"0":9,"1":9,"2":3,"3":3,"4":3},"f":{"0":9,"1":3},"b":{},"_coverageSchema":"1a1c01bbd47fc00a2c39e90264f33305004495a9","hash":"9f079d3e0d54ada3a5eb3bfaabf2e94586cd18fe"}
,"D:\\VisualStudioCode\\CodebaseWinter2025\\CUOIKI\\JS-TaskManager\\business\\dto\\RegisterUserDTO.js": {"path":"D:\\VisualStudioCode\\CodebaseWinter2025\\CUOIKI\\JS-TaskManager\\business\\dto\\RegisterUserDTO.js","statementMap":{"0":{"start":{"line":6,"column":8},"end":{"line":6,"column":33}},"1":{"start":{"line":7,"column":8},"end":{"line":7,"column":27}},"2":{"start":{"line":8,"column":8},"end":{"line":8,"column":33}},"3":{"start":{"line":17,"column":8},"end":{"line":17,"column":29}},"4":{"start":{"line":18,"column":8},"end":{"line":18,"column":33}},"5":{"start":{"line":19,"column":8},"end":{"line":19,"column":27}},"6":{"start":{"line":20,"column":8},"end":{"line":20,"column":35}},"7":{"start":{"line":24,"column":8},"end":{"line":29,"column":10}},"8":{"start":{"line":33,"column":0},"end":{"line":33,"column":65}}},"fnMap":{"0":{"name":"(anonymous_0)","decl":{"start":{"line":5,"column":4},"end":{"line":5,"column":5}},"loc":{"start":{"line":5,"column":43},"end":{"line":9,"column":5}},"line":5},"1":{"name":"(anonymous_1)","decl":{"start":{"line":16,"column":4},"end":{"line":16,"column":5}},"loc":{"start":{"line":16,"column":52},"end":{"line":21,"column":5}},"line":16},"2":{"name":"(anonymous_2)","decl":{"start":{"line":23,"column":4},"end":{"line":23,"column":5}},"loc":{"start":{"line":23,"column":26},"end":{"line":30,"column":5}},"line":23}},"branchMap":{},"s":{"0":10,"1":10,"2":10,"3":1,"4":1,"5":1,"6":1,"7":1,"8":3},"f":{"0":10,"1":1,"2":1},"b":{},"_coverageSchema":"1a1c01bbd47fc00a2c39e90264f33305004495a9","hash":"fc0474888b477e5e8a376f073bfa775a9df7e304"}
,"D:\\VisualStudioCode\\CodebaseWinter2025\\CUOIKI\\JS-TaskManager\\business\\dto\\StatisticsDisplayDTO.js": {"path":"D:\\VisualStudioCode\\CodebaseWinter2025\\CUOIKI\\JS-TaskManager\\business\\dto\\StatisticsDisplayDTO.js","statementMap":{"0":{"start":{"line":40,"column":8},"end":{"line":40,"column":37}},"1":{"start":{"line":41,"column":8},"end":{"line":41,"column":45}},"2":{"start":{"line":42,"column":8},"end":{"line":42,"column":41}},"3":{"start":{"line":43,"column":8},"end":{"line":43,"column":47}},"4":{"start":{"line":44,"column":8},"end":{"line":44,"column":45}},"5":{"start":{"line":45,"column":8},"end":{"line":45,"column":39}},"6":{"start":{"line":46,"column":8},"end":{"line":46,"column":45}},"7":{"start":{"line":47,"column":8},"end":{"line":47,"column":41}},"8":{"start":{"line":48,"column":8},"end":{"line":48,"column":45}},"9":{"start":{"line":51,"column":8},"end":{"line":51,"column":69}},"10":{"start":{"line":52,"column":8},"end":{"line":52,"column":89}},"11":{"start":{"line":53,"column":8},"end":{"line":53,"column":86}},"12":{"start":{"line":54,"column":8},"end":{"line":54,"column":91}},"13":{"start":{"line":55,"column":8},"end":{"line":55,"column":91}},"14":{"start":{"line":56,"column":8},"end":{"line":56,"column":91}},"15":{"start":{"line":57,"column":8},"end":{"line":57,"column":87}},"16":{"start":{"line":58,"column":8},"end":{"line":58,"column":84}},"17":{"start":{"line":59,"column":8},"end":{"line":59,"column":60}},"18":{"start":{"line":62,"column":8},"end":{"line":62,"column":66}},"19":{"start":{"line":62,"column":48},"end":{"line":62,"column":64}},"20":{"start":{"line":73,"column":8},"end":{"line":75,"column":9}},"21":{"start":{"line":74,"column":12},"end":{"line":74,"column":34}},"22":{"start":{"line":76,"column":8},"end":{"line":76,"column":37}},"23":{"start":{"line":84,"column":8},"end":{"line":109,"column":10}},"24":{"start":{"line":113,"column":0},"end":{"line":113,"column":38}}},"fnMap":{"0":{"name":"(anonymous_0)","decl":{"start":{"line":27,"column":4},"end":{"line":27,"column":5}},"loc":{"start":{"line":38,"column":7},"end":{"line":63,"column":5}},"line":38},"1":{"name":"(anonymous_1)","decl":{"start":{"line":62,"column":37},"end":{"line":62,"column":38}},"loc":{"start":{"line":62,"column":48},"end":{"line":62,"column":64}},"line":62},"2":{"name":"(anonymous_2)","decl":{"start":{"line":72,"column":4},"end":{"line":72,"column":5}},"loc":{"start":{"line":72,"column":51},"end":{"line":77,"column":5}},"line":72},"3":{"name":"(anonymous_3)","decl":{"start":{"line":83,"column":4},"end":{"line":83,"column":5}},"loc":{"start":{"line":83,"column":13},"end":{"line":110,"column":5}},"line":83}},"branchMap":{"0":{"loc":{"start":{"line":37,"column":8},"end":{"line":37,"column":21}},"type":"default-arg","locations":[{"start":{"line":37,"column":19},"end":{"line":37,"column":21}}],"line":37},"1":{"loc":{"start":{"line":72,"column":28},"end":{"line":72,"column":49}},"type":"default-arg","locations":[{"start":{"line":72,"column":38},"end":{"line":72,"column":49}}],"line":72},"2":{"loc":{"start":{"line":73,"column":8},"end":{"line":75,"column":9}},"type":"if","locations":[{"start":{"line":73,"column":8},"end":{"line":75,"column":9}},{"start":{},"end":{}}],"line":73}},"s":{"0":18,"1":18,"2":18,"3":18,"4":18,"5":18,"6":18,"7":18,"8":18,"9":18,"10":18,"11":18,"12":18,"13":18,"14":18,"15":18,"16":18,"17":18,"18":18,"19":18,"20":144,"21":100,"22":44,"23":0,"24":2},"f":{"0":18,"1":18,"2":144,"3":0},"b":{"0":[0],"1":[18],"2":[100,44]},"_coverageSchema":"1a1c01bbd47fc00a2c39e90264f33305004495a9","hash":"198f390ad0337e13d25fb1f28365d11278fea32a"}
,"D:\\VisualStudioCode\\CodebaseWinter2025\\CUOIKI\\JS-TaskManager\\business\\dto\\TaskDisplayDTO.js": {"path":"D:\\VisualStudioCode\\CodebaseWinter2025\\CUOIKI\\JS-TaskManager\\business\\dto\\TaskDisplayDTO.js","statementMap":{"0":{"start":{"line":45,"column":8},"end":{"line":45,"column":21}},"1":{"start":{"line":46,"column":8},"end":{"line":46,"column":27}},"2":{"start":{"line":47,"column":8},"end":{"line":47,"column":39}},"3":{"start":{"line":48,"column":8},"end":{"line":48,"column":29}},"4":{"start":{"line":49,"column":8},"end":{"line":49,"column":29}},"5":{"start":{"line":50,"column":8},"end":{"line":50,"column":35}},"6":{"start":{"line":51,"column":8},"end":{"line":51,"column":35}},"7":{"start":{"line":52,"column":8},"end":{"line":52,"column":35}},"8":{"start":{"line":53,"column":8},"end":{"line":53,"column":33}},"9":{"start":{"line":54,"column":8},"end":{"line":54,"column":33}},"10":{"start":{"line":55,"column":8},"end":{"line":55,"column":35}},"11":{"start":{"line":58,"column":8},"end":{"line":58,"column":49}},"12":{"start":{"line":59,"column":8},"end":{"line":59,"column":51}},"13":{"start":{"line":60,"column":8},"end":{"line":60,"column":55}},"14":{"start":{"line":61,"column":8},"end":{"line":61,"column":65}},"15":{"start":{"line":62,"column":8},"end":{"line":62,"column":63}},"16":{"start":{"line":63,"column":8},"end":{"line":63,"column":53}},"17":{"start":{"line":64,"column":8},"end":{"line":64,"column":57}},"18":{"start":{"line":65,"column":8},"end":{"line":65,"column":61}},"19":{"start":{"line":66,"column":8},"end":{"line":66,"column":43}},"20":{"start":{"line":67,"column":8},"end":{"line":67,"column":47}},"21":{"start":{"line":68,"column":8},"end":{"line":68,"column":51}},"22":{"start":{"line":69,"column":8},"end":{"line":69,"column":37}},"23":{"start":{"line":77,"column":8},"end":{"line":104,"column":10}},"24":{"start":{"line":108,"column":0},"end":{"line":108,"column":32}}},"fnMap":{"0":{"name":"(anonymous_0)","decl":{"start":{"line":30,"column":4},"end":{"line":30,"column":5}},"loc":{"start":{"line":44,"column":7},"end":{"line":70,"column":5}},"line":44},"1":{"name":"(anonymous_1)","decl":{"start":{"line":76,"column":4},"end":{"line":76,"column":5}},"loc":{"start":{"line":76,"column":13},"end":{"line":105,"column":5}},"line":76}},"branchMap":{},"s":{"0":0,"1":0,"2":0,"3":0,"4":0,"5":0,"6":0,"7":0,"8":0,"9":0,"10":0,"11":0,"12":0,"13":0,"14":0,"15":0,"16":0,"17":0,"18":0,"19":0,"20":0,"21":0,"22":0,"23":0,"24":1},"f":{"0":0,"1":0},"b":{},"_coverageSchema":"1a1c01bbd47fc00a2c39e90264f33305004495a9","hash":"84d611b8e361125c5a88b142947f5c1d1c274113"}
,"D:\\VisualStudioCode\\CodebaseWinter2025\\CUOIKI\\JS-TaskManager\\business\\dto\\UpdateTaskDTO.js": {"path":"D:\\VisualStudioCode\\CodebaseWinter2025\\CUOIKI\\JS-TaskManager\\business\\dto\\UpdateTaskDTO.js","statementMap":{"0":{"start":{"line":6,"column":8},"end":{"line":6,"column":29}},"1":{"start":{"line":7,"column":8},"end":{"line":7,"column":27}},"2":{"start":{"line":8,"column":8},"end":{"line":8,"column":39}},"3":{"start":{"line":9,"column":8},"end":{"line":9,"column":29}},"4":{"start":{"line":10,"column":8},"end":{"line":10,"column":29}},"5":{"start":{"line":11,"column":8},"end":{"line":11,"column":35}},"6":{"start":{"line":12,"column":8},"end":{"line":12,"column":33}},"7":{"start":{"line":21,"column":8},"end":{"line":21,"column":29}},"8":{"start":{"line":22,"column":8},"end":{"line":22,"column":27}},"9":{"start":{"line":23,"column":8},"end":{"line":23,"column":39}},"10":{"start":{"line":24,"column":8},"end":{"line":24,"column":29}},"11":{"start":{"line":25,"column":8},"end":{"line":25,"column":29}},"12":{"start":{"line":26,"column":8},"end":{"line":26,"column":35}},"13":{"start":{"line":27,"column":8},"end":{"line":27,"column":33}},"14":{"start":{"line":28,"column":8},"end":{"line":28,"column":35}},"15":{"start":{"line":32,"column":8},"end":{"line":41,"column":10}},"16":{"start":{"line":45,"column":0},"end":{"line":45,"column":61}}},"fnMap":{"0":{"name":"(anonymous_0)","decl":{"start":{"line":5,"column":4},"end":{"line":5,"column":5}},"loc":{"start":{"line":5,"column":105},"end":{"line":13,"column":5}},"line":5},"1":{"name":"(anonymous_1)","decl":{"start":{"line":20,"column":4},"end":{"line":20,"column":5}},"loc":{"start":{"line":20,"column":92},"end":{"line":29,"column":5}},"line":20},"2":{"name":"(anonymous_2)","decl":{"start":{"line":31,"column":4},"end":{"line":31,"column":5}},"loc":{"start":{"line":31,"column":26},"end":{"line":42,"column":5}},"line":31}},"branchMap":{"0":{"loc":{"start":{"line":5,"column":60},"end":{"line":5,"column":81}},"type":"default-arg","locations":[{"start":{"line":5,"column":72},"end":{"line":5,"column":81}}],"line":5},"1":{"loc":{"start":{"line":5,"column":83},"end":{"line":5,"column":103}},"type":"default-arg","locations":[{"start":{"line":5,"column":94},"end":{"line":5,"column":103}}],"line":5}},"s":{"0":11,"1":11,"2":11,"3":11,"4":11,"5":11,"6":11,"7":5,"8":5,"9":5,"10":5,"11":5,"12":5,"13":5,"14":5,"15":5,"16":2},"f":{"0":11,"1":5,"2":5},"b":{"0":[10],"1":[9]},"_coverageSchema":"1a1c01bbd47fc00a2c39e90264f33305004495a9","hash":"4dcc19435d7c29d93c35e47cb1c279c1c71665b7"}
,"D:\\VisualStudioCode\\CodebaseWinter2025\\CUOIKI\\JS-TaskManager\\business\\dto\\VerifyTokenDTO.js": {"path":"D:\\VisualStudioCode\\CodebaseWinter2025\\CUOIKI\\JS-TaskManager\\business\\dto\\VerifyTokenDTO.js","statementMap":{"0":{"start":{"line":6,"column":8},"end":{"line":6,"column":27}},"1":{"start":{"line":15,"column":8},"end":{"line":15,"column":29}},"2":{"start":{"line":16,"column":8},"end":{"line":16,"column":33}},"3":{"start":{"line":17,"column":8},"end":{"line":17,"column":27}},"4":{"start":{"line":21,"column":0},"end":{"line":21,"column":63}}},"fnMap":{"0":{"name":"(anonymous_0)","decl":{"start":{"line":5,"column":4},"end":{"line":5,"column":5}},"loc":{"start":{"line":5,"column":23},"end":{"line":7,"column":5}},"line":5},"1":{"name":"(anonymous_1)","decl":{"start":{"line":14,"column":4},"end":{"line":14,"column":5}},"loc":{"start":{"line":14,"column":41},"end":{"line":18,"column":5}},"line":14}},"branchMap":{},"s":{"0":0,"1":0,"2":0,"3":0,"4":2},"f":{"0":0,"1":0},"b":{},"_coverageSchema":"1a1c01bbd47fc00a2c39e90264f33305004495a9","hash":"843dea623c19c21cdc75c4ce72f5237979a2f260"}
,"D:\\VisualStudioCode\\CodebaseWinter2025\\CUOIKI\\JS-TaskManager\\business\\ports\\PasswordService.js": {"path":"D:\\VisualStudioCode\\CodebaseWinter2025\\CUOIKI\\JS-TaskManager\\business\\ports\\PasswordService.js","statementMap":{"0":{"start":{"line":13,"column":8},"end":{"line":13,"column":50}},"1":{"start":{"line":23,"column":8},"end":{"line":23,"column":50}},"2":{"start":{"line":27,"column":0},"end":{"line":27,"column":37}}},"fnMap":{"0":{"name":"(anonymous_0)","decl":{"start":{"line":12,"column":4},"end":{"line":12,"column":5}},"loc":{"start":{"line":12,"column":30},"end":{"line":14,"column":5}},"line":12},"1":{"name":"(anonymous_1)","decl":{"start":{"line":22,"column":4},"end":{"line":22,"column":5}},"loc":{"start":{"line":22,"column":48},"end":{"line":24,"column":5}},"line":22}},"branchMap":{},"s":{"0":0,"1":0,"2":2},"f":{"0":0,"1":0},"b":{},"_coverageSchema":"1a1c01bbd47fc00a2c39e90264f33305004495a9","hash":"02695430fc131025872dc5abcec96697595f3822"}
,"D:\\VisualStudioCode\\CodebaseWinter2025\\CUOIKI\\JS-TaskManager\\business\\ports\\TaskRepository.js": {"path":"D:\\VisualStudioCode\\CodebaseWinter2025\\CUOIKI\\JS-TaskManager\\business\\ports\\TaskRepository.js","statementMap":{"0":{"start":{"line":13,"column":8},"end":{"line":13,"column":50}},"1":{"start":{"line":22,"column":8},"end":{"line":22,"column":50}},"2":{"start":{"line":31,"column":8},"end":{"line":31,"column":50}},"3":{"start":{"line":41,"column":8},"end":{"line":41,"column":50}},"4":{"start":{"line":50,"column":8},"end":{"line":50,"column":50}},"5":{"start":{"line":59,"column":8},"end":{"line":59,"column":50}},"6":{"start":{"line":68,"column":8},"end":{"line":68,"column":50}},"7":{"start":{"line":78,"column":8},"end":{"line":78,"column":50}},"8":{"start":{"line":82,"column":0},"end":{"line":82,"column":36}}},"fnMap":{"0":{"name":"(anonymous_0)","decl":{"start":{"line":12,"column":4},"end":{"line":12,"column":5}},"loc":{"start":{"line":12,"column":21},"end":{"line":14,"column":5}},"line":12},"1":{"name":"(anonymous_1)","decl":{"start":{"line":21,"column":4},"end":{"line":21,"column":5}},"loc":{"start":{"line":21,"column":27},"end":{"line":23,"column":5}},"line":21},"2":{"name":"(anonymous_2)","decl":{"start":{"line":30,"column":4},"end":{"line":30,"column":5}},"loc":{"start":{"line":30,"column":31},"end":{"line":32,"column":5}},"line":30},"3":{"name":"(anonymous_3)","decl":{"start":{"line":40,"column":4},"end":{"line":40,"column":5}},"loc":{"start":{"line":40,"column":48},"end":{"line":42,"column":5}},"line":40},"4":{"name":"(anonymous_4)","decl":{"start":{"line":49,"column":4},"end":{"line":49,"column":5}},"loc":{"start":{"line":49,"column":23},"end":{"line":51,"column":5}},"line":49},"5":{"name":"(anonymous_5)","decl":{"start":{"line":58,"column":4},"end":{"line":58,"column":5}},"loc":{"start":{"line":58,"column":25},"end":{"line":60,"column":5}},"line":58},"6":{"name":"(anonymous_6)","decl":{"start":{"line":67,"column":4},"end":{"line":67,"column":5}},"loc":{"start":{"line":67,"column":33},"end":{"line":69,"column":5}},"line":67},"7":{"name":"(anonymous_7)","decl":{"start":{"line":77,"column":4},"end":{"line":77,"column":5}},"loc":{"start":{"line":77,"column":49},"end":{"line":79,"column":5}},"line":77}},"branchMap":{},"s":{"0":0,"1":0,"2":0,"3":0,"4":0,"5":0,"6":0,"7":0,"8":2},"f":{"0":0,"1":0,"2":0,"3":0,"4":0,"5":0,"6":0,"7":0},"b":{},"_coverageSchema":"1a1c01bbd47fc00a2c39e90264f33305004495a9","hash":"24b7fbf7ae42946483e4fa456eda153525664204"}
,"D:\\VisualStudioCode\\CodebaseWinter2025\\CUOIKI\\JS-TaskManager\\business\\ports\\TokenService.js": {"path":"D:\\VisualStudioCode\\CodebaseWinter2025\\CUOIKI\\JS-TaskManager\\business\\ports\\TokenService.js","statementMap":{"0":{"start":{"line":13,"column":8},"end":{"line":13,"column":50}},"1":{"start":{"line":23,"column":8},"end":{"line":23,"column":50}},"2":{"start":{"line":32,"column":8},"end":{"line":32,"column":50}},"3":{"start":{"line":36,"column":0},"end":{"line":36,"column":34}}},"fnMap":{"0":{"name":"(anonymous_0)","decl":{"start":{"line":12,"column":4},"end":{"line":12,"column":5}},"loc":{"start":{"line":12,"column":28},"end":{"line":14,"column":5}},"line":12},"1":{"name":"(anonymous_1)","decl":{"start":{"line":22,"column":4},"end":{"line":22,"column":5}},"loc":{"start":{"line":22,"column":24},"end":{"line":24,"column":5}},"line":22},"2":{"name":"(anonymous_2)","decl":{"start":{"line":31,"column":4},"end":{"line":31,"column":5}},"loc":{"start":{"line":31,"column":18},"end":{"line":33,"column":5}},"line":31}},"branchMap":{},"s":{"0":0,"1":0,"2":0,"3":2},"f":{"0":0,"1":0,"2":0},"b":{},"_coverageSchema":"1a1c01bbd47fc00a2c39e90264f33305004495a9","hash":"a52a3d62eafc92e0d07d7c9d09269a7ecbaa740e"}
,"D:\\VisualStudioCode\\CodebaseWinter2025\\CUOIKI\\JS-TaskManager\\business\\ports\\UserRepository.js": {"path":"D:\\VisualStudioCode\\CodebaseWinter2025\\CUOIKI\\JS-TaskManager\\business\\ports\\UserRepository.js","statementMap":{"0":{"start":{"line":13,"column":8},"end":{"line":13,"column":50}},"1":{"start":{"line":22,"column":8},"end":{"line":22,"column":50}},"2":{"start":{"line":31,"column":8},"end":{"line":31,"column":50}},"3":{"start":{"line":40,"column":8},"end":{"line":40,"column":50}},"4":{"start":{"line":49,"column":8},"end":{"line":49,"column":50}},"5":{"start":{"line":58,"column":8},"end":{"line":58,"column":50}},"6":{"start":{"line":67,"column":8},"end":{"line":67,"column":50}},"7":{"start":{"line":76,"column":8},"end":{"line":76,"column":50}},"8":{"start":{"line":80,"column":0},"end":{"line":80,"column":36}}},"fnMap":{"0":{"name":"(anonymous_0)","decl":{"start":{"line":12,"column":4},"end":{"line":12,"column":5}},"loc":{"start":{"line":12,"column":21},"end":{"line":14,"column":5}},"line":12},"1":{"name":"(anonymous_1)","decl":{"start":{"line":21,"column":4},"end":{"line":21,"column":5}},"loc":{"start":{"line":21,"column":27},"end":{"line":23,"column":5}},"line":21},"2":{"name":"(anonymous_2)","decl":{"start":{"line":30,"column":4},"end":{"line":30,"column":5}},"loc":{"start":{"line":30,"column":29},"end":{"line":32,"column":5}},"line":30},"3":{"name":"(anonymous_3)","decl":{"start":{"line":39,"column":4},"end":{"line":39,"column":5}},"loc":{"start":{"line":39,"column":35},"end":{"line":41,"column":5}},"line":39},"4":{"name":"(anonymous_4)","decl":{"start":{"line":48,"column":4},"end":{"line":48,"column":5}},"loc":{"start":{"line":48,"column":23},"end":{"line":50,"column":5}},"line":48},"5":{"name":"(anonymous_5)","decl":{"start":{"line":57,"column":4},"end":{"line":57,"column":5}},"loc":{"start":{"line":57,"column":25},"end":{"line":59,"column":5}},"line":57},"6":{"name":"(anonymous_6)","decl":{"start":{"line":66,"column":4},"end":{"line":66,"column":5}},"loc":{"start":{"line":66,"column":31},"end":{"line":68,"column":5}},"line":66},"7":{"name":"(anonymous_7)","decl":{"start":{"line":75,"column":4},"end":{"line":75,"column":5}},"loc":{"start":{"line":75,"column":37},"end":{"line":77,"column":5}},"line":75}},"branchMap":{},"s":{"0":0,"1":0,"2":0,"3":0,"4":0,"5":0,"6":0,"7":0,"8":3},"f":{"0":0,"1":0,"2":0,"3":0,"4":0,"5":0,"6":0,"7":0},"b":{},"_coverageSchema":"1a1c01bbd47fc00a2c39e90264f33305004495a9","hash":"7fecf8f6b605f8b85239bf75287b3b2ad73dc9c4"}
[...]
column":8},"end":{"line":165,"column":68}},"46":{"start":{"line":172,"column":24},"end":{"line":172,"column":38}},"47":{"start":{"line":173,"column":8},"end":{"line":175,"column":77}},"48":{"start":{"line":182,"column":24},"end":{"line":182,"column":38}},"49":{"start":{"line":183,"column":23},"end":{"line":189,"column":14}},"50":{"start":{"line":190,"column":8},"end":{"line":190,"column":41}},"51":{"start":{"line":197,"column":24},"end":{"line":197,"column":38}},"52":{"start":{"line":198,"column":23},"end":{"line":213,"column":14}},"53":{"start":{"line":214,"column":8},"end":{"line":214,"column":35}},"54":{"start":{"line":218,"column":0},"end":{"line":218,"column":31}}},"fnMap":{"0":{"name":"(anonymous_0)","decl":{"start":{"line":26,"column":4},"end":{"line":26,"column":5}},"loc":{"start":{"line":26,"column":105},"end":{"line":54,"column":5}},"line":26},"1":{"name":"(anonymous_1)","decl":{"start":{"line":59,"column":4},"end":{"line":59,"column":5}},"loc":{"start":{"line":59,"column":36},"end":{"line":65,"column":5}},"line":59},"2":{"name":"(anonymous_2)","decl":{"start":{"line":70,"column":4},"end":{"line":70,"column":5}},"loc":{"start":{"line":70,"column":44},"end":{"line":80,"column":5}},"line":70},"3":{"name":"(anonymous_3)","decl":{"start":{"line":85,"column":4},"end":{"line":85,"column":5}},"loc":{"start":{"line":85,"column":61},"end":{"line":96,"column":5}},"line":85},"4":{"name":"(anonymous_4)","decl":{"start":{"line":101,"column":4},"end":{"line":101,"column":5}},"loc":{"start":{"line":101,"column":80},"end":{"line":137,"column":5}},"line":101},"5":{"name":"(anonymous_5)","decl":{"start":{"line":142,"column":4},"end":{"line":142,"column":5}},"loc":{"start":{"line":142,"column":48},"end":{"line":156,"column":5}},"line":142},"6":{"name":"(anonymous_6)","decl":{"start":{"line":161,"column":4},"end":{"line":161,"column":5}},"loc":{"start":{"line":161,"column":34},"end":{"line":166,"column":5}},"line":161},"7":{"name":"(anonymous_7)","decl":{"start":{"line":171,"column":4},"end":{"line":171,"column":5}},"loc":{"start":{"line":171,"column":46},"end":{"line":176,"column":5}},"line":171},"8":{"name":"(anonymous_8)","decl":{"start":{"line":181,"column":4},"end":{"line":181,"column":5}},"loc":{"start":{"line":181,"column":62},"end":{"line":191,"column":5}},"line":181},"9":{"name":"(anonymous_9)","decl":{"start":{"line":196,"column":4},"end":{"line":196,"column":5}},"loc":{"start":{"line":196,"column":45},"end":{"line":215,"column":5}},"line":196}},"branchMap":{"0":{"loc":{"start":{"line":26,"column":61},"end":{"line":26,"column":79}},"type":"default-arg","locations":[{"start":{"line":26,"column":70},"end":{"line":26,"column":79}}],"line":26},"1":{"loc":{"start":{"line":31,"column":8},"end":{"line":33,"column":9}},"type":"if","locations":[{"start":{"line":31,"column":8},"end":{"line":33,"column":9}},{"start":{},"end":{}}],"line":31},"2":{"loc":{"start":{"line":31,"column":12},"end":{"line":31,"column":87}},"type":"binary-expr","locations":[{"start":{"line":31,"column":12},"end":{"line":31,"column":23}},{"start":{"line":31,"column":27},"end":{"line":31,"column":56}},{"start":{"line":31,"column":60},"end":{"line":31,"column":87}}],"line":31},"3":{"loc":{"start":{"line":37,"column":8},"end":{"line":39,"column":9}},"type":"if","locations":[{"start":{"line":37,"column":8},"end":{"line":39,"column":9}},{"start":{},"end":{}}],"line":37},"4":{"loc":{"start":{"line":37,"column":12},"end":{"line":37,"column":78}},"type":"binary-expr","locations":[{"start":{"line":37,"column":12},"end":{"line":37,"column":20}},{"start":{"line":37,"column":24},"end":{"line":37,"column":48}},{"start":{"line":37,"column":52},"end":{"line":37,"column":78}}],"line":37},"5":{"loc":{"start":{"line":44,"column":54},"end":{"line":44,"column":71}},"type":"binary-expr","locations":[{"start":{"line":44,"column":54},"end":{"line":44,"column":65}},{"start":{"line":44,"column":69},"end":{"line":44,"column":71}}],"line":44},"6":{"loc":{"start":{"line":64,"column":15},"end":{"line":64,"column":42}},"type":"binary-expr","locations":[{"start":{"line":64,"column":15},"end":{"line":64,"column":34}},{"start":{"line":64,"column":38},"end":{"line":64,"column":42}}],"line":64},"7":{"loc":{"start":{"line":108,"column":8},"end":{"line":111,"column":9}},"type":"if","locations":[{"start":{"line":108,"column":8},"end":{"line":111,"column":9}},{"start":{},"end":{}}],"line":108},"8":{"loc":{"start":{"line":112,"column":8},"end":{"line":115,"column":9}},"type":"if","locations":[{"start":{"line":112,"column":8},"end":{"line":115,"column":9}},{"start":{},"end":{}}],"line":112},"9":{"loc":{"start":{"line":113,"column":61},"end":{"line":113,"column":78}},"type":"binary-expr","locations":[{"start":{"line":113,"column":61},"end":{"line":113,"column":72}},{"start":{"line":113,"column":76},"end":{"line":113,"column":78}}],"line":113},"10":{"loc":{"start":{"line":116,"column":8},"end":{"line":119,"column":9}},"type":"if","locations":[{"start":{"line":116,"column":8},"end":{"line":119,"column":9}},{"start":{},"end":{}}],"line":116},"11":{"loc":{"start":{"line":120,"column":8},"end":{"line":123,"column":9}},"type":"if","locations":[{"start":{"line":120,"column":8},"end":{"line":123,"column":9}},{"start":{},"end":{}}],"line":120},"12":{"loc":{"start":{"line":125,"column":8},"end":{"line":127,"column":9}},"type":"if","locations":[{"start":{"line":125,"column":8},"end":{"line":127,"column":9}},{"start":{},"end":{}}],"line":125}},"s":{"0":2,"1":2,"2":8,"3":8,"4":8,"5":0,"6":8,"7":8,"8":4,"9":8,"10":8,"11":55,"12":55,"13":55,"14":3,"15":3,"16":3,"17":3,"18":3,"19":3,"20":13,"21":13,"22":13,"23":13,"24":13,"25":13,"26":13,"27":13,"28":13,"29":13,"30":13,"31":13,"32":13,"33":13,"34":13,"35":13,"36":0,"37":13,"38":13,"39":13,"40":13,"41":13,"42":13,"43":13,"44":1,"45":1,"46":0,"47":0,"48":8,"49":8,"50":8,"51":0,"52":0,"53":0,"54":2},"f":{"0":8,"1":55,"2":3,"3":3,"4":13,"5":13,"6":1,"7":0,"8":8,"9":0},"b":{"0":[0],"1":[0,8],"2":[8,8,8],"3":[4,4],"4":[8,4,4],"5":[8,1],"6":[55,6],"7":[13,0],"8":[13,0],"9":[13,1],"10":[13,0],"11":[13,0],"12":[0,13]},"_coverageSchema":"1a1c01bbd47fc00a2c39e90264f33305004495a9","hash":"587ceae2215185f36dda928cbda749ac5fb5bae6"}
,"D:\\VisualStudioCode\\CodebaseWinter2025\\CUOIKI\\JS-TaskManager\\infrastructure\\database\\models\\UserModel.js": {"path":"D:\\VisualStudioCode\\CodebaseWinter2025\\CUOIKI\\JS-TaskManager\\infrastructure\\database\\models\\UserModel.js","statementMap":{"0":{"start":{"line":1,"column":12},"end":{"line":1,"column":28}},"1":{"start":{"line":18,"column":24},"end":{"line":18,"column":31}},"2":{"start":{"line":24,"column":24},"end":{"line":24,"column":38}},"3":{"start":{"line":25,"column":23},"end":{"line":33,"column":14}},"4":{"start":{"line":34,"column":8},"end":{"line":34,"column":35}},"5":{"start":{"line":41,"column":24},"end":{"line":41,"column":38}},"6":{"start":{"line":42,"column":23},"end":{"line":44,"column":69}},"7":{"start":{"line":45,"column":8},"end":{"line":45,"column":43}},"8":{"start":{"line":52,"column":24},"end":{"line":52,"column":38}},"9":{"start":{"line":53,"column":23},"end":{"line":55,"column":75}},"10":{"start":{"line":56,"column":8},"end":{"line":56,"column":43}},"11":{"start":{"line":63,"column":24},"end":{"line":63,"column":38}},"12":{"start":{"line":64,"column":23},"end":{"line":66,"column":81}},"13":{"start":{"line":67,"column":8},"end":{"line":67,"column":43}},"14":{"start":{"line":74,"column":24},"end":{"line":74,"column":38}},"15":{"start":{"line":75,"column":23},"end":{"line":77,"column":91}},"16":{"start":{"line":78,"column":8},"end":{"line":78,"column":45}},"17":{"start":{"line":85,"column":24},"end":{"line":85,"column":38}},"18":{"start":{"line":86,"column":23},"end":{"line":88,"column":97}},"19":{"start":{"line":89,"column":8},"end":{"line":89,"column":45}},"20":{"start":{"line":96,"column":24},"end":{"line":96,"column":38}},"21":{"start":{"line":98,"column":8},"end":{"line":106,"column":15}},"22":{"start":{"line":109,"column":8},"end":{"line":109,"column":45}},"23":{"start":{"line":116,"column":24},"end":{"line":116,"column":38}},"24":{"start":{"line":118,"column":8},"end":{"line":125,"column":15}},"25":{"start":{"line":128,"column":8},"end":{"line":128,"column":45}},"26":{"start":{"line":135,"column":24},"end":{"line":135,"column":38}},"27":{"start":{"line":136,"column":8},"end":{"line":138,"column":68}},"28":{"start":{"line":142,"column":0},"end":{"line":142,"column":31}}},"fnMap":{"0":{"name":"(anonymous_0)","decl":{"start":{"line":23,"column":4},"end":{"line":23,"column":5}},"loc":{"start":{"line":23,"column":61},"end":{"line":35,"column":5}},"line":23},"1":{"name":"(anonymous_1)","decl":{"start":{"line":40,"column":4},"end":{"line":40,"column":5}},"loc":{"start":{"line":40,"column":36},"end":{"line":46,"column":5}},"line":40},"2":{"name":"(anonymous_2)","decl":{"start":{"line":51,"column":4},"end":{"line":51,"column":5}},"loc":{"start":{"line":51,"column":42},"end":{"line":57,"column":5}},"line":51},"3":{"name":"(anonymous_3)","decl":{"start":{"line":62,"column":4},"end":{"line":62,"column":5}},"loc":{"start":{"line":62,"column":48},"end":{"line":68,"column":5}},"line":62},"4":{"name":"(anonymous_4)","decl":{"start":{"line":73,"column":4},"end":{"line":73,"column":5}},"loc":{"start":{"line":73,"column":44},"end":{"line":79,"column":5}},"line":73},"5":{"name":"(anonymous_5)","decl":{"start":{"line":84,"column":4},"end":{"line":84,"column":5}},"loc":{"start":{"line":84,"column":50},"end":{"line":90,"column":5}},"line":84},"6":{"name":"(anonymous_6)","decl":{"start":{"line":95,"column":4},"end":{"line":95,"column":5}},"loc":{"start":{"line":95,"column":55},"end":{"line":110,"column":5}},"line":95},"7":{"name":"(anonymous_7)","decl":{"start":{"line":115,"column":4},"end":{"line":115,"column":5}},"loc":{"start":{"line":115,"column":58},"end":{"line":129,"column":5}},"line":115},"8":{"name":"(anonymous_8)","decl":{"start":{"line":134,"column":4},"end":{"line":134,"column":5}},"loc":{"start":{"line":134,"column":34},"end":{"line":139,"column":5}},"line":134}},"branchMap":{"0":{"loc":{"start":{"line":45,"column":15},"end":{"line":45,"column":42}},"type":"binary-expr","locations":[{"start":{"line":45,"column":15},"end":{"line":45,"column":34}},{"start":{"line":45,"column":38},"end":{"line":45,"column":42}}],"line":45},"1":{"loc":{"start":{"line":56,"column":15},"end":{"line":56,"column":42}},"type":"binary-expr","locations":[{"start":{"line":56,"column":15},"end":{"line":56,"column":34}},{"start":{"line":56,"column":38},"end":{"line":56,"column":42}}],"line":56},"2":{"loc":{"start":{"line":67,"column":15},"end":{"line":67,"column":42}},"type":"binary-expr","locations":[{"start":{"line":67,"column":15},"end":{"line":67,"column":34}},{"start":{"line":67,"column":38},"end":{"line":67,"column":42}}],"line":67}},"s":{"0":3,"1":3,"2":3,"3":3,"4":3,"5":44,"6":44,"7":44,"8":4,"9":4,"10":4,"11":0,"12":0,"13":0,"14":2,"15":2,"16":2,"17":2,"18":2,"19":2,"20":0,"21":0,"22":0,"23":0,"24":0,"25":0,"26":3,"27":3,"28":3},"f":{"0":3,"1":44,"2":4,"3":0,"4":2,"5":2,"6":0,"7":0,"8":3},"b":{"0":[44,2],"1":[4,1],"2":[0,0]},"_coverageSchema":"1a1c01bbd47fc00a2c39e90264f33305004495a9","hash":"44e31bdaac5329760ee34b23a6c84b25b5033438"}
,"D:\\VisualStudioCode\\CodebaseWinter2025\\CUOIKI\\JS-TaskManager\\infrastructure\\routes\\taskDisplayRoutes.js": {"path":"D:\\VisualStudioCode\\CodebaseWinter2025\\CUOIKI\\JS-TaskManager\\infrastructure\\routes\\taskDisplayRoutes.js","statementMap":{"0":{"start":{"line":12,"column":16},"end":{"line":12,"column":34}},"1":{"start":{"line":13,"column":15},"end":{"line":13,"column":31}},"2":{"start":{"line":23,"column":51},"end":{"line":23,"column":63}},"3":{"start":{"line":33,"column":4},"end":{"line":37,"column":6}},"4":{"start":{"line":36,"column":28},"end":{"line":36,"column":89}},"5":{"start":{"line":53,"column":4},"end":{"line":57,"column":6}},"6":{"start":{"line":56,"column":28},"end":{"line":56,"column":87}},"7":{"start":{"line":70,"column":4},"end":{"line":74,"column":6}},"8":{"start":{"line":73,"column":28},"end":{"line":73,"column":83}},"9":{"start":{"line":76,"column":4},"end":{"line":76,"column":18}},"10":{"start":{"line":79,"column":0},"end":{"line":79,"column":44}}},"fnMap":{"0":{"name":"configureTaskDisplayRoutes","decl":{"start":{"line":22,"column":9},"end":{"line":22,"column":35}},"loc":{"start":{"line":22,"column":50},"end":{"line":77,"column":1}},"line":22},"1":{"name":"(anonymous_1)","decl":{"start":{"line":36,"column":8},"end":{"line":36,"column":9}},"loc":{"start":{"line":36,"column":28},"end":{"line":36,"column":89}},"line":36},"2":{"name":"(anonymous_2)","decl":{"start":{"line":56,"column":8},"end":{"line":56,"column":9}},"loc":{"start":{"line":56,"column":28},"end":{"line":56,"column":87}},"line":56},"3":{"name":"(anonymous_3)","decl":{"start":{"line":73,"column":8},"end":{"line":73,"column":9}},"loc":{"start":{"line":73,"column":28},"end":{"line":73,"column":83}},"line":73}},"branchMap":{},"s":{"0":0,"1":0,"2":0,"3":0,"4":0,"5":0,"6":0,"7":0,"8":0,"9":0,"10":0},"f":{"0":0,"1":0,"2":0,"3":0},"b":{}}
,"D:\\VisualStudioCode\\CodebaseWinter2025\\CUOIKI\\JS-TaskManager\\infrastructure\\security\\BcryptPasswordService.js": {"path":"D:\\VisualStudioCode\\CodebaseWinter2025\\CUOIKI\\JS-TaskManager\\infrastructure\\security\\BcryptPasswordService.js","statementMap":{"0":{"start":{"line":1,"column":15},"end":{"line":1,"column":32}},"1":{"start":{"line":2,"column":28},"end":{"line":2,"column":75}},"2":{"start":{"line":10,"column":8},"end":{"line":10,"column":16}},"3":{"start":{"line":11,"column":8},"end":{"line":11,"column":37}},"4":{"start":{"line":18,"column":8},"end":{"line":20,"column":9}},"5":{"start":{"line":19,"column":12},"end":{"line":19,"column":64}},"6":{"start":{"line":21,"column":8},"end":{"line":21,"column":65}},"7":{"start":{"line":28,"column":8},"end":{"line":30,"column":9}},"8":{"start":{"line":29,"column":12},"end":{"line":29,"column":25}},"9":{"start":{"line":31,"column":8},"end":{"line":31,"column":67}},"10":{"start":{"line":35,"column":0},"end":{"line":35,"column":43}}},"fnMap":{"0":{"name":"(anonymous_0)","decl":{"start":{"line":9,"column":4},"end":{"line":9,"column":5}},"loc":{"start":{"line":9,"column":33},"end":{"line":12,"column":5}},"line":9},"1":{"name":"(anonymous_1)","decl":{"start":{"line":17,"column":4},"end":{"line":17,"column":5}},"loc":{"start":{"line":17,"column":30},"end":{"line":22,"column":5}},"line":17},"2":{"name":"(anonymous_2)","decl":{"start":{"line":27,"column":4},"end":{"line":27,"column":5}},"loc":{"start":{"line":27,"column":48},"end":{"line":32,"column":5}},"line":27}},"branchMap":{"0":{"loc":{"start":{"line":9,"column":16},"end":{"line":9,"column":31}},"type":"default-arg","locations":[{"start":{"line":9,"column":29},"end":{"line":9,"column":31}}],"line":9},"1":{"loc":{"start":{"line":18,"column":8},"end":{"line":20,"column":9}},"type":"if","locations":[{"start":{"line":18,"column":8},"end":{"line":20,"column":9}},{"start":{},"end":{}}],"line":18},"2":{"loc":{"start":{"line":28,"column":8},"end":{"line":30,"column":9}},"type":"if","locations":[{"start":{"line":28,"column":8},"end":{"line":30,"column":9}},{"start":{},"end":{}}],"line":28},"3":{"loc":{"start":{"line":28,"column":12},"end":{"line":28,"column":45}},"type":"binary-expr","locations":[{"start":{"line":28,"column":12},"end":{"line":28,"column":26}},{"start":{"line":28,"column":30},"end":{"line":28,"column":45}}],"line":28}},"s":{"0":2,"1":2,"2":54,"3":54,"4":41,"5":3,"6":38,"7":39,"8":6,"9":33,"10":2},"f":{"0":54,"1":41,"2":39},"b":{"0":[42],"1":[3,38],"2":[6,33],"3":[39,36]},"_coverageSchema":"1a1c01bbd47fc00a2c39e90264f33305004495a9","hash":"843549541b1db9d167963c4b5cf192286c398c95"}
,"D:\\VisualStudioCode\\CodebaseWinter2025\\CUOIKI\\JS-TaskManager\\infrastructure\\security\\JwtTokenService.js": {"path":"D:\\VisualStudioCode\\CodebaseWinter2025\\CUOIKI\\JS-TaskManager\\infrastructure\\security\\JwtTokenService.js","statementMap":{"0":{"start":{"line":1,"column":12},"end":{"line":1,"column":35}},"1":{"start":{"line":2,"column":25},"end":{"line":2,"column":69}},"2":{"start":{"line":10,"column":8},"end":{"line":10,"column":16}},"3":{"start":{"line":11,"column":8},"end":{"line":13,"column":9}},"4":{"start":{"line":12,"column":12},"end":{"line":12,"column":54}},"5":{"start":{"line":14,"column":8},"end":{"line":14,"column":29}},"6":{"start":{"line":15,"column":8},"end":{"line":15,"column":35}},"7":{"start":{"line":22,"column":8},"end":{"line":24,"column":9}},"8":{"start":{"line":23,"column":12},"end":{"line":23,"column":72}},"9":{"start":{"line":26,"column":8},"end":{"line":28,"column":11}},"10":{"start":{"line":35,"column":8},"end":{"line":37,"column":9}},"11":{"start":{"line":36,"column":12},"end":{"line":36,"column":66}},"12":{"start":{"line":39,"column":8},"end":{"line":49,"column":9}},"13":{"start":{"line":40,"column":12},"end":{"line":40,"column":50}},"14":{"start":{"line":42,"column":12},"end":{"line":44,"column":13}},"15":{"start":{"line":43,"column":16},"end":{"line":43,"column":53}},"16":{"start":{"line":45,"column":12},"end":{"line":47,"column":13}},"17":{"start":{"line":46,"column":16},"end":{"line":46,"column":49}},"18":{"start":{"line":48,"column":12},"end":{"line":48,"column":24}},"19":{"start":{"line":56,"column":8},"end":{"line":58,"column":9}},"20":{"start":{"line":57,"column":12},"end":{"line":57,"column":24}},"21":{"start":{"line":59,"column":8},"end":{"line":59,"column":33}},"22":{"start":{"line":63,"column":0},"end":{"line":63,"column":37}}},"fnMap":{"0":{"name":"(anonymous_0)","decl":{"start":{"line":9,"column":4},"end":{"line":9,"column":5}},"loc":{"start":{"line":9,"column":42},"end":{"line":16,"column":5}},"line":9},"1":{"name":"(anonymous_1)","decl":{"start":{"line":21,"column":4},"end":{"line":21,"column":5}},"loc":{"start":{"line":21,"column":28},"end":{"line":29,"column":5}},"line":21},"2":{"name":"(anonymous_2)","decl":{"start":{"line":34,"column":4},"end":{"line":34,"column":5}},"loc":{"start":{"line":34,"column":24},"end":{"line":50,"column":5}},"line":34},"3":{"name":"(anonymous_3)","decl":{"start":{"line":55,"column":4},"end":{"line":55,"column":5}},"loc":{"start":{"line":55,"column":18},"end":{"line":60,"column":5}},"line":55}},"branchMap":{"0":{"loc":{"start":{"line":9,"column":24},"end":{"line":9,"column":40}},"type":"default-arg","locations":[{"start":{"line":9,"column":36},"end":{"line":9,"column":40}}],"line":9},"1":{"loc":{"start":{"line":11,"column":8},"end":{"line":13,"column":9}},"type":"if","locations":[{"start":{"line":11,"column":8},"end":{"line":13,"column":9}},{"start":{},"end":{}}],"line":11},"2":{"loc":{"start":{"line":22,"column":8},"end":{"line":24,"column":9}},"type":"if","locations":[{"start":{"line":22,"column":8},"end":{"line":24,"column":9}},{"start":{},"end":{}}],"line":22},"3":{"loc":{"start":{"line":35,"column":8},"end":{"line":37,"column":9}},"type":"if","locations":[{"start":{"line":35,"column":8},"end":{"line":37,"column":9}},{"start":{},"end":{}}],"line":35},"4":{"loc":{"start":{"line":42,"column":12},"end":{"line":44,"column":13}},"type":"if","locations":[{"start":{"line":42,"column":12},"end":{"line":44,"column":13}},{"start":{},"end":{}}],"line":42},"5":{"loc":{"start":{"line":45,"column":12},"end":{"line":47,"column":13}},"type":"if","locations":[{"start":{"line":45,"column":12},"end":{"line":47,"column":13}},{"start":{},"end":{}}],"line":45},"6":{"loc":{"start":{"line":56,"column":8},"end":{"line":58,"column":9}},"type":"if","locations":[{"start":{"line":56,"column":8},"end":{"line":58,"column":9}},{"start":{},"end":{}}],"line":56}},"s":{"0":2,"1":2,"2":49,"3":49,"4":3,"5":46,"6":46,"7":23,"8":2,"9":21,"10":59,"11":3,"12":56,"13":56,"14":4,"15":1,"16":3,"17":3,"18":0,"19":10,"20":3,"21":7,"22":2},"f":{"0":49,"1":23,"2":59,"3":10},"b":{"0":[5],"1":[3,46],"2":[2,21],"3":[3,56],"4":[1,3],"5":[3,0],"6":[3,7]},"_coverageSchema":"1a1c01bbd47fc00a2c39e90264f33305004495a9","hash":"7ef26eddd334f2adbee60723d26c513ff8175082"}
}
