TN:
SF:adapters\controllers\AuthController.js
FN:10,(anonymous_0)
FN:19,(anonymous_1)
FN:54,(anonymous_2)
FN:88,(anonymous_3)
FN:119,(anonymous_4)
FN:129,(anonymous_5)
FN:150,(anonymous_6)
FNF:7
FNH:7
FNDA:23,(anonymous_0)
FNDA:9,(anonymous_1)
FNDA:5,(anonymous_2)
FNDA:6,(anonymous_3)
FNDA:1,(anonymous_4)
FNDA:7,(anonymous_5)
FNDA:4,(anonymous_6)
DA:1,2
DA:2,2
DA:3,2
DA:11,23
DA:12,23
DA:13,23
DA:20,9
DA:21,9
DA:24,9
DA:25,5
DA:32,4
DA:35,4
DA:38,1
DA:47,3
DA:55,5
DA:56,5
DA:59,5
DA:60,2
DA:67,3
DA:70,3
DA:73,2
DA:80,1
DA:89,6
DA:91,6
DA:92,6
DA:93,3
DA:99,3
DA:102,3
DA:105,2
DA:111,1
DA:120,1
DA:130,7
DA:131,4
DA:132,4
DA:140,3
DA:141,3
DA:151,4
DA:152,4
DA:154,0
DA:156,2
DA:158,1
DA:160,1
DA:162,0
DA:167,2
LF:44
LH:42
BRDA:24,0,0,5
BRDA:24,0,1,4
BRDA:24,1,0,9
BRDA:24,1,1,6
BRDA:24,1,2,5
BRDA:59,2,0,2
BRDA:59,2,1,3
BRDA:59,3,0,5
BRDA:59,3,1,4
BRDA:92,4,0,3
BRDA:92,4,1,3
BRDA:92,5,0,6
BRDA:92,5,1,4
BRDA:130,6,0,4
BRDA:130,6,1,3
BRDA:152,7,0,0
BRDA:152,7,1,2
BRDA:152,7,2,1
BRDA:152,7,3,1
BRDA:152,7,4,0
BRF:20
BRH:18
end_of_record
TN:
SF:adapters\controllers\TaskController.js
FN:15,(anonymous_0)
FN:37,(anonymous_1)
FN:99,(anonymous_2)
FN:108,(anonymous_3)
FN:137,(anonymous_4)
FN:170,(anonymous_5)
FN:229,(anonymous_6)
FN:251,(anonymous_7)
FN:292,(anonymous_8)
FN:311,(anonymous_9)
FN:331,(anonymous_10)
FNF:11
FNH:11
FNDA:1,(anonymous_0)
FNDA:9,(anonymous_1)
FNDA:2,(anonymous_2)
FNDA:116,(anonymous_3)
FNDA:7,(anonymous_4)
FNDA:5,(anonymous_5)
FNDA:8,(anonymous_6)
FNDA:6,(anonymous_7)
FNDA:1,(anonymous_8)
FNDA:8,(anonymous_9)
FNDA:8,(anonymous_10)
DA:7,1
DA:8,1
DA:24,1
DA:25,1
DA:26,1
DA:27,1
DA:28,1
DA:29,1
DA:30,1
DA:38,9
DA:39,9
DA:40,9
DA:42,9
DA:43,1
DA:50,8
DA:51,8
DA:52,5
DA:53,5
DA:54,5
DA:59,8
DA:60,8
DA:61,5
DA:62,5
DA:63,5
DA:67,8
DA:74,8
DA:76,7
DA:91,1
DA:100,2
DA:101,2
DA:102,2
DA:104,2
DA:105,2
DA:108,116
DA:122,2
DA:129,0
DA:138,7
DA:139,7
DA:140,7
DA:142,7
DA:143,7
DA:145,6
DA:162,1
DA:171,5
DA:172,5
DA:173,5
DA:174,5
DA:177,5
DA:178,5
DA:179,1
DA:180,1
DA:181,1
DA:185,5
DA:186,5
DA:187,2
DA:188,2
DA:189,2
DA:191,3
DA:192,0
DA:195,5
DA:204,5
DA:206,3
DA:221,2
DA:230,8
DA:231,8
DA:232,8
DA:234,8
DA:235,8
DA:237,7
DA:243,1
DA:252,6
DA:253,6
DA:254,6
DA:255,6
DA:257,6
DA:258,0
DA:264,6
DA:266,3
DA:284,3
DA:293,1
DA:294,1
DA:296,1
DA:298,1
DA:304,0
DA:312,8
DA:313,8
DA:314,8
DA:321,0
DA:322,0
DA:332,8
DA:333,8
DA:335,3
DA:337,1
DA:339,0
DA:341,4
DA:343,0
DA:348,1
LF:97
LH:89
BRDA:42,0,0,1
BRDA:42,0,1,8
BRDA:51,1,0,5
BRDA:51,1,1,3
BRDA:51,2,0,8
BRDA:51,2,1,5
BRDA:53,3,0,5
BRDA:53,3,1,0
BRDA:60,4,0,5
BRDA:60,4,1,3
BRDA:60,5,0,8
BRDA:60,5,1,5
BRDA:62,6,0,5
BRDA:62,6,1,0
BRDA:178,7,0,1
BRDA:178,7,1,4
BRDA:178,8,0,5
BRDA:178,8,1,1
BRDA:178,8,2,1
BRDA:180,9,0,1
BRDA:180,9,1,0
BRDA:186,10,0,2
BRDA:186,10,1,3
BRDA:186,11,0,5
BRDA:186,11,1,2
BRDA:186,11,2,2
BRDA:188,12,0,2
BRDA:188,12,1,0
BRDA:191,13,0,0
BRDA:191,13,1,3
BRDA:191,14,0,3
BRDA:191,14,1,3
BRDA:257,15,0,0
BRDA:257,15,1,6
BRDA:312,16,0,8
BRDA:312,16,1,0
BRDA:333,17,0,3
BRDA:333,17,1,1
BRDA:333,17,2,0
BRDA:333,17,3,4
BRDA:333,17,4,0
BRF:41
BRH:32
end_of_record
TN:
SF:adapters\controllers\TaskDisplayController.js
FN:18,(anonymous_0)
FN:35,(anonymous_1)
FN:60,(anonymous_2)
FN:71,(anonymous_3)
FN:88,(anonymous_4)
FNF:5
FNH:1
FNDA:1,(anonymous_0)
FNDA:0,(anonymous_1)
FNDA:0,(anonymous_2)
FNDA:0,(anonymous_3)
FNDA:0,(anonymous_4)
DA:23,1
DA:24,1
DA:25,1
DA:36,0
DA:37,0
DA:38,0
DA:41,0
DA:44,0
DA:49,0
DA:61,0
DA:62,0
DA:63,0
DA:66,0
DA:69,0
DA:71,0
DA:77,0
DA:89,0
DA:90,0
DA:93,0
DA:96,0
DA:101,0
DA:106,1
LF:22
LH:4
BRDA:63,0,0,0
BRDA:63,0,1,0
BRF:2
BRH:0
end_of_record
TN:
SF:adapters\middleware\AuthMiddleware.js
FN:6,(anonymous_0)
FN:13,(anonymous_1)
FN:14,(anonymous_2)
FNF:3
FNH:3
FNDA:17,(anonymous_0)
FNDA:16,(anonymous_1)
FNDA:59,(anonymous_2)
DA:7,17
DA:14,16
DA:15,59
DA:17,59
DA:19,59
DA:20,10
DA:26,49
DA:29,49
DA:32,43
DA:35,43
DA:38,6
DA:47,2
LF:12
LH:12
BRDA:19,0,0,10
BRDA:19,0,1,49
BRDA:19,1,0,59
BRDA:19,1,1,52
BRDA:40,2,0,6
BRDA:40,2,1,1
BRF:6
BRH:6
end_of_record
TN:
SF:adapters\middleware\ErrorHandlerMiddleware.js
FN:16,(anonymous_0)
FN:78,(anonymous_1)
FN:111,(anonymous_2)
FN:151,(anonymous_3)
FN:183,(anonymous_4)
FN:208,(anonymous_5)
FNF:6
FNH:5
FNDA:43,(anonymous_0)
FNDA:27,(anonymous_1)
FNDA:1,(anonymous_2)
FNDA:8,(anonymous_3)
FNDA:41,(anonymous_4)
FNDA:0,(anonymous_5)
DA:1,2
DA:2,2
DA:18,43
DA:19,2
DA:26,41
DA:29,41
DA:30,27
DA:34,14
DA:35,1
DA:41,13
DA:42,1
DA:49,12
DA:50,1
DA:57,11
DA:58,2
DA:65,9
DA:66,1
DA:70,8
DA:80,27
DA:97,27
DA:99,27
DA:112,1
DA:119,1
DA:120,0
DA:126,1
DA:127,0
DA:133,1
DA:134,0
DA:140,1
DA:152,8
DA:159,8
DA:160,0
DA:172,8
DA:184,41
DA:200,41
DA:209,0
DA:217,2
LF:37
LH:32
BRDA:18,0,0,2
BRDA:18,0,1,41
BRDA:29,1,0,27
BRDA:29,1,1,14
BRDA:34,2,0,1
BRDA:34,2,1,13
BRDA:41,3,0,1
BRDA:41,3,1,12
BRDA:49,4,0,1
BRDA:49,4,1,11
BRDA:57,5,0,2
BRDA:57,5,1,9
BRDA:57,6,0,11
BRDA:57,6,1,10
BRDA:65,7,0,1
BRDA:65,7,1,8
BRDA:65,8,0,9
BRDA:65,8,1,1
BRDA:97,9,0,27
BRDA:97,9,1,5
BRDA:115,10,0,0
BRDA:115,10,1,1
BRDA:119,11,0,0
BRDA:119,11,1,1
BRDA:126,12,0,0
BRDA:126,12,1,1
BRDA:133,13,0,0
BRDA:133,13,1,1
BRDA:155,14,0,0
BRDA:155,14,1,8
BRDA:159,15,0,0
BRDA:159,15,1,8
BRDA:194,16,0,0
BRDA:194,16,1,41
BRF:34
BRH:27
end_of_record
TN:
SF:adapters\repositories\SqlTaskRepository.js
FN:11,(anonymous_0)
FN:19,(anonymous_1)
FN:26,(anonymous_2)
FN:42,(anonymous_3)
FN:51,(anonymous_4)
FN:54,(anonymous_5)
FN:60,(anonymous_6)
FN:63,(anonymous_7)
FN:69,(anonymous_8)
FN:93,(anonymous_9)
FN:102,(anonymous_10)
FN:111,(anonymous_11)
FN:119,(anonymous_12)
FNF:13
FNH:12
FNDA:2,(anonymous_0)
FNDA:65,(anonymous_1)
FNDA:8,(anonymous_2)
FNDA:29,(anonymous_3)
FNDA:3,(anonymous_4)
FNDA:116,(anonymous_5)
FNDA:3,(anonymous_6)
FNDA:2,(anonymous_7)
FNDA:13,(anonymous_8)
FNDA:1,(anonymous_9)
FNDA:0,(anonymous_10)
FNDA:8,(anonymous_11)
FNDA:162,(anonymous_12)
DA:1,2
DA:2,2
DA:3,2
DA:12,2
DA:13,2
DA:20,65
DA:27,8
DA:28,8
DA:36,8
DA:43,29
DA:44,29
DA:45,29
DA:52,3
DA:53,3
DA:54,116
DA:61,3
DA:62,3
DA:63,3
DA:70,13
DA:73,13
DA:80,13
DA:81,0
DA:85,13
DA:87,13
DA:94,1
DA:95,1
DA:96,1
DA:103,0
DA:104,0
DA:105,0
DA:112,8
DA:113,8
DA:120,162
DA:124,162
DA:125,162
DA:127,162
DA:141,2
LF:37
LH:33
BRDA:45,0,0,23
BRDA:45,0,1,6
BRDA:80,1,0,0
BRDA:80,1,1,13
BRDA:124,2,0,162
BRDA:124,2,1,0
BRDA:125,3,0,162
BRDA:125,3,1,0
BRF:8
BRH:5
end_of_record
TN:
SF:adapters\repositories\SqlUserRepository.js
FN:11,(anonymous_0)
FN:19,(anonymous_1)
FN:26,(anonymous_2)
FN:39,(anonymous_3)
FN:48,(anonymous_4)
FN:57,(anonymous_5)
FN:66,(anonymous_6)
FN:88,(anonymous_7)
FN:97,(anonymous_8)
FN:105,(anonymous_9)
FN:113,(anonymous_10)
FNF:11
FNH:9
FNDA:4,(anonymous_0)
FNDA:58,(anonymous_1)
FNDA:3,(anonymous_2)
FNDA:44,(anonymous_3)
FNDA:4,(anonymous_4)
FNDA:0,(anonymous_5)
FNDA:0,(anonymous_6)
FNDA:3,(anonymous_7)
FNDA:2,(anonymous_8)
FNDA:2,(anonymous_9)
FNDA:48,(anonymous_10)
DA:1,3
DA:2,3
DA:3,3
DA:12,4
DA:13,4
DA:20,58
DA:27,3
DA:28,3
DA:33,3
DA:40,44
DA:41,44
DA:42,44
DA:49,4
DA:50,4
DA:51,4
DA:58,0
DA:59,0
DA:60,0
DA:67,0
DA:68,0
DA:73,0
DA:74,0
DA:78,0
DA:79,0
DA:82,0
DA:89,3
DA:90,3
DA:91,3
DA:98,2
DA:99,2
DA:106,2
DA:107,2
DA:114,48
DA:125,3
LF:34
LH:24
BRDA:42,0,0,42
BRDA:42,0,1,2
BRDA:51,1,0,3
BRDA:51,1,1,1
BRDA:60,2,0,0
BRDA:60,2,1,0
BRDA:73,3,0,0
BRDA:73,3,1,0
BRDA:78,4,0,0
BRDA:78,4,1,0
BRF:10
BRH:4
end_of_record
TN:
SF:business\index.js
FNF:0
FNH:0
DA:4,1
LF:1
LH:1
BRF:0
BRH:0
end_of_record
TN:
SF:business\dto\ChangeTaskStatusDTO.js
FN:5,(anonymous_0)
FN:16,(anonymous_1)
FN:29,(anonymous_2)
FNF:3
FNH:2
FNDA:0,(anonymous_0)
FNDA:8,(anonymous_1)
FNDA:8,(anonymous_2)
DA:6,0
DA:7,0
DA:8,0
DA:17,8
DA:18,8
DA:19,8
DA:20,8
DA:21,8
DA:22,8
DA:23,8
DA:24,8
DA:25,8
DA:26,8
DA:30,8
DA:45,2
LF:15
LH:12
BRF:0
BRH:0
end_of_record
TN:
SF:business\dto\CreateTaskDTO.js
FN:5,(anonymous_0)
FN:18,(anonymous_1)
FN:29,(anonymous_2)
FNF:3
FNH:3
FNDA:12,(anonymous_0)
FNDA:9,(anonymous_1)
FNDA:9,(anonymous_2)
DA:6,12
DA:7,12
DA:8,12
DA:9,12
DA:10,12
DA:19,9
DA:20,9
DA:21,9
DA:22,9
DA:23,9
DA:24,9
DA:25,9
DA:26,9
DA:30,9
DA:43,2
LF:15
LH:15
BRDA:5,0,0,4
BRDA:5,1,0,4
BRF:2
BRH:2
end_of_record
TN:
SF:business\dto\DeleteTaskDTO.js
FN:5,(anonymous_0)
FN:15,(anonymous_1)
FNF:2
FNH:2
FNDA:13,(anonymous_0)
FNDA:8,(anonymous_1)
DA:6,13
DA:7,13
DA:16,8
DA:17,8
DA:18,8
DA:22,2
LF:6
LH:6
BRF:0
BRH:0
end_of_record
TN:
SF:business\dto\GetTaskDTO.js
FN:5,(anonymous_0)
FN:15,(anonymous_1)
FN:16,(anonymous_2)
FN:37,(anonymous_3)
FN:47,(anonymous_4)
FNF:5
FNH:5
FNDA:7,(anonymous_0)
FNDA:6,(anonymous_1)
FNDA:119,(anonymous_2)
FNDA:12,(anonymous_3)
FNDA:7,(anonymous_4)
DA:6,7
DA:7,7
DA:16,119
DA:29,6
DA:38,12
DA:39,12
DA:48,7
DA:49,7
DA:50,7
DA:51,7
DA:52,7
DA:53,7
DA:54,7
DA:55,7
DA:56,7
DA:57,7
DA:58,7
DA:62,3
LF:18
LH:18
BRDA:5,0,0,1
BRF:1
BRH:1
end_of_record
TN:
SF:business\dto\GetTaskStatisticsDTO.js
FN:5,(anonymous_0)
FN:14,(anonymous_1)
FNF:2
FNH:1
FNDA:0,(anonymous_0)
FNDA:4,(anonymous_1)
DA:6,0
DA:15,4
DA:16,4
DA:17,4
DA:18,4
DA:19,4
DA:23,2
LF:7
LH:6
BRF:0
BRH:0
end_of_record
TN:
SF:business\dto\LoginUserDTO.js
FN:5,(anonymous_0)
FN:15,(anonymous_1)
FNF:2
FNH:2
FNDA:9,(anonymous_0)
FNDA:3,(anonymous_1)
DA:6,9
DA:7,9
DA:16,3
DA:17,3
DA:25,3
LF:5
LH:5
BRF:0
BRH:0
end_of_record
TN:
SF:business\dto\RegisterUserDTO.js
FN:5,(anonymous_0)
FN:16,(anonymous_1)
FN:23,(anonymous_2)
FNF:3
FNH:3
FNDA:10,(anonymous_0)
FNDA:1,(anonymous_1)
FNDA:1,(anonymous_2)
DA:6,10
DA:7,10
DA:8,10
DA:17,1
DA:18,1
DA:19,1
DA:20,1
DA:24,1
DA:33,3
LF:9
LH:9
BRF:0
BRH:0
end_of_record
TN:
SF:business\dto\StatisticsDisplayDTO.js
FN:27,(anonymous_0)
FN:62,(anonymous_1)
FN:72,(anonymous_2)
FN:83,(anonymous_3)
FNF:4
FNH:3
FNDA:18,(anonymous_0)
FNDA:18,(anonymous_1)
FNDA:144,(anonymous_2)
FNDA:0,(anonymous_3)
DA:40,18
DA:41,18
DA:42,18
DA:43,18
DA:44,18
DA:45,18
DA:46,18
DA:47,18
DA:48,18
DA:51,18
DA:52,18
DA:53,18
DA:54,18
DA:55,18
DA:56,18
DA:57,18
DA:58,18
DA:59,18
DA:62,18
DA:73,144
DA:74,100
DA:76,44
DA:84,0
DA:113,2
LF:24
LH:23
BRDA:37,0,0,0
BRDA:72,1,0,18
BRDA:73,2,0,100
BRDA:73,2,1,44
BRF:4
BRH:3
end_of_record
TN:
SF:business\dto\TaskDisplayDTO.js
FN:30,(anonymous_0)
FN:76,(anonymous_1)
FNF:2
FNH:0
FNDA:0,(anonymous_0)
FNDA:0,(anonymous_1)
DA:45,0
DA:46,0
DA:47,0
DA:48,0
DA:49,0
DA:50,0
DA:51,0
DA:52,0
DA:53,0
DA:54,0
DA:55,0
DA:58,0
DA:59,0
DA:60,0
DA:61,0
DA:62,0
DA:63,0
DA:64,0
DA:65,0
DA:66,0
DA:67,0
DA:68,0
DA:69,0
DA:77,0
DA:108,1
LF:25
LH:1
BRF:0
BRH:0
end_of_record
TN:
SF:business\dto\UpdateTaskDTO.js
FN:5,(anonymous_0)
FN:20,(anonymous_1)
FN:31,(anonymous_2)
FNF:3
FNH:3
FNDA:11,(anonymous_0)
FNDA:5,(anonymous_1)
FNDA:5,(anonymous_2)
DA:6,11
DA:7,11
DA:8,11
DA:9,11
DA:10,11
DA:11,11
DA:12,11
DA:21,5
DA:22,5
DA:23,5
DA:24,5
DA:25,5
DA:26,5
DA:27,5
DA:28,5
DA:32,5
DA:45,2
LF:17
LH:17
BRDA:5,0,0,10
BRDA:5,1,0,9
BRF:2
BRH:2
end_of_record
TN:
SF:business\dto\VerifyTokenDTO.js
FN:5,(anonymous_0)
FN:14,(anonymous_1)
FNF:2
FNH:0
FNDA:0,(anonymous_0)
FNDA:0,(anonymous_1)
DA:6,0
DA:15,0
DA:16,0
DA:17,0
DA:21,2
LF:5
LH:1
BRF:0
BRH:0
end_of_record
TN:
SF:business\ports\PasswordService.js
FN:12,(anonymous_0)
FN:22,(anonymous_1)
FNF:2
FNH:0
FNDA:0,(anonymous_0)
FNDA:0,(anonymous_1)
DA:13,0
DA:23,0
DA:27,2
LF:3
LH:1
BRF:0
BRH:0
end_of_record
TN:
SF:business\ports\TaskRepository.js
FN:12,(anonymous_0)
FN:21,(anonymous_1)
FN:30,(anonymous_2)
FN:40,(anonymous_3)
FN:49,(anonymous_4)
FN:58,(anonymous_5)
FN:67,(anonymous_6)
FN:77,(anonymous_7)
FNF:8
FNH:0
FNDA:0,(anonymous_0)
FNDA:0,(anonymous_1)
FNDA:0,(anonymous_2)
FNDA:0,(anonymous_3)
FNDA:0,(anonymous_4)
FNDA:0,(anonymous_5)
FNDA:0,(anonymous_6)
FNDA:0,(anonymous_7)
DA:13,0
DA:22,0
DA:31,0
DA:41,0
DA:50,0
DA:59,0
DA:68,0
DA:78,0
DA:82,2
LF:9
LH:1
BRF:0
BRH:0
end_of_record
TN:
SF:business\ports\TokenService.js
FN:12,(anonymous_0)
FN:22,(anonymous_1)
FN:31,(anonymous_2)
FNF:3
FNH:0
FNDA:0,(anonymous_0)
FNDA:0,(anonymous_1)
FNDA:0,(anonymous_2)
DA:13,0
DA:23,0
DA:32,0
DA:36,2
LF:4
LH:1
BRF:0
BRH:0
end_of_record
TN:
SF:business\ports\UserRepository.js
FN:12,(anonymous_0)
FN:21,(anonymous_1)
FN:30,(anonymous_2)
FN:39,(anonymous_3)
FN:48,(anonymous_4)
FN:57,(anonymous_5)
FN:66,(anonymous_6)
FN:75,(anonymous_7)
FNF:8
FNH:0
FNDA:0,(anonymous_0)
FNDA:0,(anonymous_1)
FNDA:0,(anonymous_2)
FNDA:0,(anonymous_3)
FNDA:0,(anonymous_4)
FNDA:0,(anonymous_5)
FNDA:0,(anonymous_6)
FNDA:0,(anonymous_7)
DA:13,0
DA:22,0
DA:31,0
DA:40,0
DA:49,0
DA:58,0
DA:67,0
DA:76,0
DA:80,3
LF:9
LH:1
BRF:0
BRH:0
end_of_record
TN:
SF:business\usecases\GetStatisticsForDisplayUseCase.js
FN:24,(anonymous_0)
FN:33,(anonymous_1)
FN:63,(anonymous_2)
FN:84,(anonymous_3)
FN:86,(anonymous_4)
FN:87,(anonymous_5)
FN:89,(anonymous_6)
FN:90,(anonymous_7)
FN:91,(anonymous_8)
FN:92,(anonymous_9)
FN:93,(anonymous_10)
FNF:11
FNH:11
FNDA:21,(anonymous_0)
FNDA:19,(anonymous_1)
FNDA:19,(anonymous_2)
FNDA:1031,(anonymous_3)
FNDA:1026,(anonymous_4)
FNDA:1026,(anonymous_5)
FNDA:1026,(anonymous_6)
FNDA:1026,(anonymous_7)
FNDA:1026,(anonymous_8)
FNDA:1031,(anonymous_9)
FNDA:1026,(anonymous_10)
DA:17,2
DA:18,2
DA:25,21
DA:35,19
DA:38,18
DA:41,18
DA:54,18
DA:65,19
DA:68,18
DA:70,1031
DA:71,1
DA:72,1
DA:76,1031
DA:77,1
DA:78,1
DA:84,1031
DA:85,18
DA:86,1026
DA:87,1026
DA:89,1026
DA:90,1026
DA:91,1026
DA:92,1031
DA:93,1026
DA:96,18
DA:97,18
DA:101,18
DA:115,2
LF:28
LH:28
BRDA:70,0,0,1
BRDA:70,0,1,1030
BRDA:76,1,0,1
BRDA:76,1,1,1030
BRDA:89,2,0,1026
BRDA:89,2,1,1024
BRDA:97,3,0,10
BRDA:97,3,1,8
BRF:8
BRH:8
end_of_record
TN:
SF:business\usecases\GetTaskForDisplayUseCase.js
FN:24,(anonymous_0)
FN:35,(anonymous_1)
FN:87,(anonymous_2)
FN:131,(anonymous_3)
FN:153,(anonymous_4)
FNF:5
FNH:1
FNDA:1,(anonymous_0)
FNDA:0,(anonymous_1)
FNDA:0,(anonymous_2)
FNDA:0,(anonymous_3)
FNDA:0,(anonymous_4)
DA:17,1
DA:18,1
DA:25,1
DA:37,0
DA:39,0
DA:40,0
DA:41,0
DA:42,0
DA:43,0
DA:47,0
DA:48,0
DA:49,0
DA:50,0
DA:51,0
DA:55,0
DA:58,0
DA:61,0
DA:77,0
DA:89,0
DA:90,0
DA:91,0
DA:92,0
DA:93,0
DA:96,0
DA:97,0
DA:100,0
DA:103,0
DA:105,0
DA:108,0
DA:116,0
DA:120,0
DA:132,0
DA:134,0
DA:135,0
DA:137,0
DA:138,0
DA:139,0
DA:140,0
DA:141,0
DA:143,0
DA:154,0
DA:156,0
DA:157,0
DA:158,0
DA:160,0
DA:162,0
DA:163,0
DA:164,0
DA:166,0
DA:167,0
DA:168,0
DA:169,0
DA:171,0
DA:176,1
LF:54
LH:4
BRDA:39,0,0,0
BRDA:39,0,1,0
BRDA:47,1,0,0
BRDA:47,1,1,0
BRDA:64,2,0,0
BRDA:64,2,1,0
BRDA:71,3,0,0
BRDA:71,3,1,0
BRDA:97,4,0,0
BRDA:97,4,1,0
BRDA:100,5,0,0
BRDA:100,5,1,0
BRDA:103,6,0,0
BRDA:103,6,1,0
BRDA:103,6,2,0
BRDA:103,6,3,0
BRDA:111,7,0,0
BRDA:111,7,1,0
BRDA:132,8,0,0
BRDA:132,8,1,0
BRDA:135,9,0,0
BRDA:135,9,1,0
BRDA:154,10,0,0
BRDA:154,10,1,0
BRDA:160,11,0,0
BRDA:160,11,1,0
BRDA:166,12,0,0
BRDA:166,12,1,0
BRDA:168,13,0,0
BRDA:168,13,1,0
BRF:30
BRH:0
end_of_record
TN:
SF:business\usecases\GetTaskListForDisplayUseCase.js
FN:24,(anonymous_0)
FN:35,(anonymous_1)
FN:58,(anonymous_2)
FN:77,(anonymous_3)
FN:99,(anonymous_4)
FN:177,(anonymous_5)
FN:202,(anonymous_6)
FN:221,(anonymous_7)
FN:242,(anonymous_8)
FNF:9
FNH:1
FNDA:1,(anonymous_0)
FNDA:0,(anonymous_1)
FNDA:0,(anonymous_2)
FNDA:0,(anonymous_3)
FNDA:0,(anonymous_4)
FNDA:0,(anonymous_5)
FNDA:0,(anonymous_6)
FNDA:0,(anonymous_7)
FNDA:0,(anonymous_8)
DA:17,1
DA:18,1
DA:25,1
DA:37,0
DA:38,0
DA:39,0
DA:40,0
DA:41,0
DA:42,0
DA:47,0
DA:49,0
DA:50,0
DA:51,0
DA:52,0
DA:54,0
DA:57,0
DA:58,0
DA:62,0
DA:64,0
DA:65,0
DA:66,0
DA:70,0
DA:71,0
DA:72,0
DA:77,0
DA:80,0
DA:83,0
DA:85,0
DA:101,0
DA:102,0
DA:103,0
DA:104,0
DA:105,0
DA:108,0
DA:109,0
DA:110,0
DA:113,0
DA:117,0
DA:119,0
DA:120,0
DA:123,0
DA:124,0
DA:127,0
DA:133,0
DA:136,0
DA:137,0
DA:140,0
DA:141,0
DA:144,0
DA:145,0
DA:148,0
DA:152,0
DA:178,0
DA:180,0
DA:182,0
DA:184,0
DA:186,0
DA:188,0
DA:190,0
DA:192,0
DA:203,0
DA:212,0
DA:222,0
DA:224,0
DA:225,0
DA:227,0
DA:228,0
DA:229,0
DA:230,0
DA:231,0
DA:233,0
DA:243,0
DA:245,0
DA:246,0
DA:247,0
DA:249,0
DA:251,0
DA:252,0
DA:253,0
DA:255,0
DA:256,0
DA:257,0
DA:258,0
DA:260,0
DA:265,1
LF:85
LH:4
BRDA:35,0,0,0
BRDA:38,1,0,0
BRDA:38,1,1,0
BRDA:38,2,0,0
BRDA:38,2,1,0
BRDA:47,3,0,0
BRDA:47,3,1,0
BRDA:52,4,0,0
BRDA:52,4,1,0
BRDA:64,5,0,0
BRDA:64,5,1,0
BRDA:70,6,0,0
BRDA:70,6,1,0
BRDA:89,7,0,0
BRDA:89,7,1,0
BRDA:109,8,0,0
BRDA:109,8,1,0
BRDA:113,9,0,0
BRDA:113,9,1,0
BRDA:117,10,0,0
BRDA:117,10,1,0
BRDA:117,10,2,0
BRDA:117,10,3,0
BRDA:117,10,4,0
BRDA:117,10,5,0
BRDA:117,10,6,0
BRDA:130,11,0,0
BRDA:130,11,1,0
BRDA:155,12,0,0
BRDA:155,12,1,0
BRDA:162,13,0,0
BRDA:162,13,1,0
BRDA:178,14,0,0
BRDA:178,14,1,0
BRDA:180,15,0,0
BRDA:180,15,1,0
BRDA:180,15,2,0
BRDA:180,15,3,0
BRDA:180,15,4,0
BRDA:180,15,5,0
BRDA:212,16,0,0
BRDA:212,16,1,0
BRDA:222,17,0,0
BRDA:222,17,1,0
BRDA:225,18,0,0
BRDA:225,18,1,0
BRDA:243,19,0,0
BRDA:243,19,1,0
BRDA:249,20,0,0
BRDA:249,20,1,0
BRDA:255,21,0,0
BRDA:255,21,1,0
BRDA:257,22,0,0
BRDA:257,22,1,0
BRF:54
BRH:0
end_of_record
TN:
SF:business\usecases\auth\LoginUserUseCase.js
FN:9,(anonymous_0)
FN:20,(anonymous_1)
FNF:2
FNH:2
FNDA:7,(anonymous_0)
FNDA:7,(anonymous_1)
DA:1,2
DA:2,2
DA:10,7
DA:11,7
DA:12,7
DA:22,7
DA:23,2
DA:27,5
DA:28,5
DA:29,1
DA:33,4
DA:38,4
DA:39,1
DA:43,3
DA:49,3
DA:52,3
DA:56,2
LF:17
LH:17
BRDA:22,0,0,2
BRDA:22,0,1,5
BRDA:22,1,0,7
BRDA:22,1,1,7
BRDA:22,1,2,6
BRDA:28,2,0,1
BRDA:28,2,1,4
BRDA:38,3,0,1
BRDA:38,3,1,3
BRF:9
BRH:9
end_of_record
TN:
SF:business\usecases\auth\RegisterUserUseCase.js
FN:10,(anonymous_0)
FN:20,(anonymous_1)
FNF:2
FNH:2
FNDA:7,(anonymous_0)
FNDA:7,(anonymous_1)
DA:1,2
DA:2,2
DA:3,2
DA:11,7
DA:12,7
DA:22,7
DA:23,3
DA:27,4
DA:28,4
DA:29,2
DA:32,2
DA:33,2
DA:34,1
DA:38,1
DA:41,1
DA:42,1
DA:45,1
DA:48,1
DA:52,2
LF:19
LH:19
BRDA:22,0,0,3
BRDA:22,0,1,4
BRDA:22,1,0,7
BRDA:22,1,1,7
BRDA:22,1,2,6
BRDA:22,1,3,5
BRDA:28,2,0,2
BRDA:28,2,1,2
BRDA:33,3,0,1
BRDA:33,3,1,1
BRF:10
BRH:10
end_of_record
TN:
SF:business\usecases\auth\VerifyTokenUseCase.js
FN:9,(anonymous_0)
FN:19,(anonymous_1)
FNF:2
FNH:2
FNDA:7,(anonymous_0)
FNDA:45,(anonymous_1)
DA:1,2
DA:2,2
DA:10,7
DA:11,7
DA:21,45
DA:22,2
DA:25,43
DA:27,43
DA:30,40
DA:31,40
DA:32,1
DA:36,39
DA:43,4
DA:44,1
DA:46,3
DA:51,2
LF:16
LH:16
BRDA:21,0,0,2
BRDA:21,0,1,43
BRDA:31,1,0,1
BRDA:31,1,1,39
BRDA:43,2,0,1
BRDA:43,2,1,3
BRF:6
BRH:6
end_of_record
TN:
SF:business\usecases\tasks\ChangeTaskStatusUseCase.js
FN:10,(anonymous_0)
FN:21,(anonymous_1)
FN:59,(anonymous_2)
FN:66,(anonymous_3)
FN:73,(anonymous_4)
FNF:5
FNH:2
FNDA:12,(anonymous_0)
FNDA:17,(anonymous_1)
FNDA:0,(anonymous_2)
FNDA:0,(anonymous_3)
FNDA:0,(anonymous_4)
DA:1,2
DA:2,2
DA:3,2
DA:11,12
DA:23,17
DA:24,2
DA:28,15
DA:30,15
DA:31,2
DA:35,13
DA:36,1
DA:40,12
DA:41,12
DA:43,4
DA:44,4
DA:46,0
DA:50,8
DA:53,8
DA:60,0
DA:67,0
DA:74,0
DA:76,0
DA:77,0
DA:80,0
DA:81,0
DA:84,0
DA:85,0
DA:87,0
DA:91,2
LF:29
LH:18
BRDA:23,0,0,2
BRDA:23,0,1,15
BRDA:23,1,0,17
BRDA:23,1,1,15
BRDA:23,1,2,15
BRDA:30,2,0,2
BRDA:30,2,1,13
BRDA:35,3,0,1
BRDA:35,3,1,12
BRDA:43,4,0,4
BRDA:43,4,1,0
BRDA:76,5,0,0
BRDA:76,5,1,0
BRDA:80,6,0,0
BRDA:80,6,1,0
BRF:15
BRH:10
end_of_record
TN:
SF:business\usecases\tasks\CreateTaskUseCase.js
FN:10,(anonymous_0)
FN:19,(anonymous_1)
FNF:2
FNH:2
FNDA:6,(anonymous_0)
FNDA:13,(anonymous_1)
DA:1,2
DA:2,2
DA:3,2
DA:11,6
DA:21,13
DA:22,3
DA:26,10
DA:35,9
DA:38,9
DA:42,2
LF:10
LH:10
BRDA:21,0,0,3
BRDA:21,0,1,10
BRDA:21,1,0,13
BRDA:21,1,1,12
BRDA:21,1,2,11
BRF:5
BRH:5
end_of_record
TN:
SF:business\usecases\tasks\DeleteTaskUseCase.js
FN:11,(anonymous_0)
FN:20,(anonymous_1)
FNF:2
FNH:2
FNDA:7,(anonymous_0)
FNDA:14,(anonymous_1)
DA:1,2
DA:2,2
DA:12,7
DA:22,14
DA:23,3
DA:27,11
DA:29,11
DA:30,2
DA:34,9
DA:35,1
DA:39,8
DA:40,8
DA:43,8
DA:51,2
LF:14
LH:14
BRDA:22,0,0,3
BRDA:22,0,1,11
BRDA:22,1,0,14
BRDA:22,1,1,13
BRDA:22,1,2,12
BRDA:29,2,0,2
BRDA:29,2,1,9
BRDA:34,3,0,1
BRDA:34,3,1,8
BRF:9
BRH:9
end_of_record
TN:
SF:business\usecases\tasks\GetTaskByIdUseCase.js
FN:9,(anonymous_0)
FN:18,(anonymous_1)
FNF:2
FNH:2
FNDA:7,(anonymous_0)
FNDA:13,(anonymous_1)
DA:1,2
DA:2,2
DA:10,7
DA:20,13
DA:21,3
DA:25,10
DA:27,10
DA:28,2
DA:32,8
DA:33,1
DA:37,7
DA:41,2
LF:12
LH:12
BRDA:20,0,0,3
BRDA:20,0,1,10
BRDA:20,1,0,13
BRDA:20,1,1,12
BRDA:20,1,2,11
BRDA:27,2,0,2
BRDA:27,2,1,8
BRDA:32,3,0,1
BRDA:32,3,1,7
BRF:9
BRH:9
end_of_record
TN:
SF:business\usecases\tasks\GetTaskStatisticsUseCase.js
FN:9,(anonymous_0)
FN:18,(anonymous_1)
FNF:2
FNH:2
FNDA:6,(anonymous_0)
FNDA:6,(anonymous_1)
DA:1,2
DA:2,2
DA:10,6
DA:19,6
DA:20,2
DA:24,4
DA:30,4
DA:31,4
DA:35,4
DA:45,2
LF:10
LH:10
BRDA:19,0,0,2
BRDA:19,0,1,4
BRDA:31,1,0,3
BRDA:31,1,1,1
BRF:4
BRH:4
end_of_record
TN:
SF:business\usecases\tasks\GetTasksUseCase.js
FN:9,(anonymous_0)
FN:18,(anonymous_1)
FNF:2
FNH:2
FNDA:7,(anonymous_0)
FNDA:8,(anonymous_1)
DA:1,2
DA:2,2
DA:10,7
DA:20,8
DA:21,2
DA:26,6
DA:28,3
DA:34,3
DA:38,6
DA:42,2
LF:10
LH:10
BRDA:20,0,0,2
BRDA:20,0,1,6
BRDA:20,1,0,8
BRDA:20,1,1,7
BRDA:26,2,0,3
BRDA:26,2,1,3
BRF:6
BRH:6
end_of_record
TN:
SF:business\usecases\tasks\UpdateTaskUseCase.js
FN:9,(anonymous_0)
FN:18,(anonymous_1)
FNF:2
FNH:2
FNDA:7,(anonymous_0)
FNDA:11,(anonymous_1)
DA:1,2
DA:2,2
DA:10,7
DA:20,11
DA:21,1
DA:25,10
DA:27,10
DA:28,2
DA:32,8
DA:33,1
DA:37,7
DA:38,7
DA:40,2
DA:41,2
DA:43,0
DA:47,5
DA:50,5
DA:54,2
LF:18
LH:17
BRDA:20,0,0,1
BRDA:20,0,1,10
BRDA:20,1,0,11
BRDA:20,1,1,11
BRDA:20,1,2,10
BRDA:27,2,0,2
BRDA:27,2,1,8
BRDA:32,3,0,1
BRDA:32,3,1,7
BRDA:40,4,0,2
BRDA:40,4,1,0
BRF:11
BRH:10
end_of_record
TN:
SF:domain\index.js
FNF:0
FNH:0
DA:4,0
LF:1
LH:0
BRF:0
BRH:0
end_of_record
TN:
SF:domain\entities\Task.js
FN:9,(anonymous_0)
FN:49,(anonymous_1)
FN:64,(anonymous_2)
FN:76,(anonymous_3)
FN:82,(anonymous_4)
FN:90,(anonymous_5)
FN:107,(anonymous_6)
FN:113,(anonymous_7)
FN:118,(anonymous_8)
FN:147,(anonymous_9)
FN:166,(anonymous_10)
FN:182,(anonymous_11)
FN:192,(anonymous_12)
FN:200,(anonymous_13)
FN:207,(anonymous_14)
FN:219,(anonymous_15)
FN:234,(anonymous_16)
FN:239,(anonymous_17)
FN:243,(anonymous_18)
FN:247,(anonymous_19)
FN:251,(anonymous_20)
FN:255,(anonymous_21)
FN:259,(anonymous_22)
FN:264,(anonymous_23)
FN:277,(anonymous_24)
FN:284,(anonymous_25)
FN:293,(anonymous_26)
FN:297,(anonymous_27)
FN:301,(anonymous_28)
FN:305,(anonymous_29)
FN:309,(anonymous_30)
FN:313,(anonymous_31)
FN:317,(anonymous_32)
FN:321,(anonymous_33)
FN:325,(anonymous_34)
FN:330,(anonymous_35)
FN:351,(anonymous_36)
FN:359,(anonymous_37)
FNF:38
FNH:35
FNDA:33,(anonymous_0)
FNDA:1223,(anonymous_1)
FNDA:41,(anonymous_2)
FNDA:31,(anonymous_3)
FNDA:21,(anonymous_4)
FNDA:7,(anonymous_5)
FNDA:8,(anonymous_6)
FNDA:6,(anonymous_7)
FNDA:21,(anonymous_8)
FNDA:9,(anonymous_9)
FNDA:1,(anonymous_10)
FNDA:2,(anonymous_11)
FNDA:2,(anonymous_12)
FNDA:1,(anonymous_13)
FNDA:1,(anonymous_14)
FNDA:2,(anonymous_15)
FNDA:40,(anonymous_16)
FNDA:3,(anonymous_17)
FNDA:3,(anonymous_18)
FNDA:3,(anonymous_19)
FNDA:0,(anonymous_20)
FNDA:0,(anonymous_21)
FNDA:0,(anonymous_22)
FNDA:1031,(anonymous_23)
FNDA:1031,(anonymous_24)
FNDA:8,(anonymous_25)
FNDA:179,(anonymous_26)
FNDA:177,(anonymous_27)
FNDA:180,(anonymous_28)
FNDA:182,(anonymous_29)
FNDA:162,(anonymous_30)
FNDA:137,(anonymous_31)
FNDA:141,(anonymous_32)
FNDA:170,(anonymous_33)
FNDA:170,(anonymous_34)
FNDA:134,(anonymous_35)
FNDA:1160,(anonymous_36)
FNDA:1,(anonymous_37)
DA:1,10
DA:2,10
DA:10,33
DA:11,31
DA:14,30
DA:15,30
DA:16,8
DA:17,8
DA:18,8
DA:23,30
DA:24,5
DA:27,29
DA:28,29
DA:29,29
DA:32,29
DA:33,29
DA:34,0
DA:36,29
DA:39,29
DA:40,29
DA:41,29
DA:42,29
DA:43,29
DA:50,1223
DA:51,1223
DA:52,1223
DA:53,1223
DA:54,1223
DA:55,1223
DA:56,1223
DA:57,1223
DA:58,1223
DA:59,1223
DA:60,1223
DA:65,41
DA:66,2
DA:68,39
DA:69,0
DA:71,39
DA:72,1
DA:77,31
DA:78,1
DA:83,21
DA:84,3
DA:91,7
DA:93,7
DA:94,7
DA:95,0
DA:98,7
DA:99,7
DA:100,7
DA:101,2
DA:108,8
DA:109,7
DA:110,7
DA:114,6
DA:115,6
DA:119,21
DA:122,18
DA:123,4
DA:129,14
DA:130,0
DA:137,14
DA:138,0
DA:143,14
DA:144,14
DA:148,9
DA:149,6
DA:151,9
DA:152,4
DA:154,9
DA:155,3
DA:157,8
DA:158,1
DA:160,8
DA:161,2
DA:163,7
DA:167,1
DA:168,1
DA:169,0
DA:172,1
DA:173,1
DA:174,1
DA:175,0
DA:178,1
DA:179,1
DA:183,2
DA:184,2
DA:185,1
DA:187,0
DA:189,1
DA:193,2
DA:194,1
DA:196,1
DA:197,1
DA:203,1
DA:204,1
DA:209,1
DA:210,0
DA:212,1
DA:213,0
DA:215,1
DA:216,1
DA:220,2
DA:221,1
DA:222,1
DA:224,0
DA:228,1
DA:230,2
DA:235,40
DA:240,3
DA:244,3
DA:248,3
DA:252,0
DA:256,0
DA:260,0
DA:269,1031
DA:270,1031
DA:271,1022
DA:272,1018
DA:273,1013
DA:278,1031
DA:279,4
DA:280,4
DA:285,8
DA:286,0
DA:288,8
DA:289,8
DA:294,179
DA:298,177
DA:302,180
DA:306,182
DA:310,162
DA:314,137
DA:318,141
DA:322,170
DA:326,170
DA:331,134
DA:333,83
DA:334,5
DA:337,78
DA:338,78
DA:339,78
DA:341,78
DA:342,38
DA:344,38
DA:345,38
DA:347,38
DA:352,1160
DA:353,65
DA:355,1095
DA:360,1
DA:374,10
LF:153
LH:138
BRDA:9,0,0,23
BRDA:9,1,0,23
BRDA:15,2,0,8
BRDA:15,2,1,22
BRDA:17,3,0,8
BRDA:17,3,1,0
BRDA:23,4,0,5
BRDA:23,4,1,25
BRDA:29,5,0,25
BRDA:29,5,1,4
BRDA:33,6,0,0
BRDA:33,6,1,29
BRDA:65,7,0,2
BRDA:65,7,1,39
BRDA:65,8,0,41
BRDA:65,8,1,39
BRDA:68,9,0,0
BRDA:68,9,1,39
BRDA:71,10,0,1
BRDA:71,10,1,38
BRDA:77,11,0,1
BRDA:77,11,1,30
BRDA:83,12,0,3
BRDA:83,12,1,18
BRDA:90,13,0,0
BRDA:91,14,0,0
BRDA:91,14,1,7
BRDA:94,15,0,0
BRDA:94,15,1,7
BRDA:98,16,0,7
BRDA:98,16,1,0
BRDA:100,17,0,2
BRDA:100,17,1,5
BRDA:114,18,0,5
BRDA:114,18,1,1
BRDA:122,19,0,4
BRDA:122,19,1,14
BRDA:122,20,0,18
BRDA:122,20,1,6
BRDA:129,21,0,0
BRDA:129,21,1,14
BRDA:129,22,0,14
BRDA:129,22,1,0
BRDA:137,23,0,0
BRDA:137,23,1,14
BRDA:148,24,0,6
BRDA:148,24,1,3
BRDA:148,25,0,9
BRDA:148,25,1,6
BRDA:151,26,0,4
BRDA:151,26,1,5
BRDA:154,27,0,3
BRDA:154,27,1,6
BRDA:154,28,0,9
BRDA:154,28,1,3
BRDA:157,29,0,1
BRDA:157,29,1,7
BRDA:157,30,0,8
BRDA:157,30,1,1
BRDA:160,31,0,2
BRDA:160,31,1,6
BRDA:168,32,0,0
BRDA:168,32,1,1
BRDA:172,33,0,1
BRDA:172,33,1,0
BRDA:174,34,0,0
BRDA:174,34,1,1
BRDA:183,35,0,2
BRDA:183,35,1,0
BRDA:193,36,0,1
BRDA:193,36,1,1
BRDA:209,37,0,0
BRDA:209,37,1,1
BRDA:212,38,0,0
BRDA:212,38,1,1
BRDA:220,39,0,1
BRDA:220,39,1,1
BRDA:222,40,0,0
BRDA:222,40,1,1
BRDA:269,41,0,0
BRDA:269,41,1,1031
BRDA:270,42,0,9
BRDA:270,42,1,1022
BRDA:271,43,0,4
BRDA:271,43,1,1018
BRDA:272,44,0,5
BRDA:272,44,1,1013
BRDA:278,45,0,1027
BRDA:278,45,1,4
BRDA:285,46,0,0
BRDA:285,46,1,8
BRDA:331,47,0,51
BRDA:331,47,1,83
BRDA:333,48,0,5
BRDA:333,48,1,78
BRDA:341,49,0,40
BRDA:341,49,1,38
BRDA:342,50,0,0
BRDA:342,50,1,38
BRDA:352,51,0,65
BRDA:352,51,1,1095
BRDA:352,52,0,1160
BRDA:352,52,1,1109
BRF:103
BRH:83
end_of_record
TN:
SF:domain\entities\User.js
FN:8,(anonymous_0)
FN:24,(anonymous_1)
FN:36,(anonymous_2)
FN:51,(anonymous_3)
FN:61,(anonymous_4)
FN:74,(anonymous_5)
FN:86,(anonymous_6)
FN:93,(anonymous_7)
FN:97,(anonymous_8)
FN:101,(anonymous_9)
FN:105,(anonymous_10)
FN:109,(anonymous_11)
FN:113,(anonymous_12)
FN:118,(anonymous_13)
FNF:14
FNH:14
FNDA:23,(anonymous_0)
FNDA:56,(anonymous_1)
FNDA:26,(anonymous_2)
FNDA:22,(anonymous_3)
FNDA:19,(anonymous_4)
FNDA:5,(anonymous_5)
FNDA:2,(anonymous_6)
FNDA:54,(anonymous_7)
FNDA:56,(anonymous_8)
FNDA:60,(anonymous_9)
FNDA:11,(anonymous_10)
FNDA:3,(anonymous_11)
FNDA:2,(anonymous_12)
FNDA:1,(anonymous_13)
DA:1,7
DA:9,23
DA:10,19
DA:11,17
DA:13,14
DA:14,14
DA:15,14
DA:16,14
DA:17,14
DA:18,14
DA:25,56
DA:26,56
DA:27,56
DA:28,56
DA:29,56
DA:30,56
DA:31,56
DA:32,56
DA:37,26
DA:38,1
DA:40,25
DA:41,2
DA:43,23
DA:44,1
DA:46,22
DA:47,1
DA:52,22
DA:53,1
DA:55,21
DA:56,21
DA:57,2
DA:62,19
DA:63,1
DA:65,18
DA:66,2
DA:68,16
DA:69,1
DA:75,5
DA:76,3
DA:77,2
DA:79,4
DA:80,3
DA:81,2
DA:83,3
DA:87,2
DA:88,1
DA:89,1
DA:94,54
DA:98,56
DA:102,60
DA:106,11
DA:110,3
DA:114,2
DA:119,1
DA:129,7
LF:55
LH:55
BRDA:37,0,0,1
BRDA:37,0,1,25
BRDA:37,1,0,26
BRDA:37,1,1,25
BRDA:40,2,0,2
BRDA:40,2,1,23
BRDA:43,3,0,1
BRDA:43,3,1,22
BRDA:46,4,0,1
BRDA:46,4,1,21
BRDA:52,5,0,1
BRDA:52,5,1,21
BRDA:52,6,0,22
BRDA:52,6,1,21
BRDA:56,7,0,2
BRDA:56,7,1,19
BRDA:62,8,0,1
BRDA:62,8,1,18
BRDA:62,9,0,19
BRDA:62,9,1,18
BRDA:65,10,0,2
BRDA:65,10,1,16
BRDA:68,11,0,1
BRDA:68,11,1,15
BRDA:75,12,0,3
BRDA:75,12,1,2
BRDA:79,13,0,3
BRDA:79,13,1,1
BRF:28
BRH:28
end_of_record
TN:
SF:domain\exceptions\DomainException.js
FN:6,(anonymous_0)
FN:13,(anonymous_1)
FN:17,(anonymous_2)
FN:21,(anonymous_3)
FN:28,(anonymous_4)
FN:32,(anonymous_5)
FN:39,(anonymous_6)
FN:43,(anonymous_7)
FNF:8
FNH:8
FNDA:133,(anonymous_0)
FNDA:50,(anonymous_1)
FNDA:9,(anonymous_2)
FNDA:15,(anonymous_3)
FNDA:18,(anonymous_4)
FNDA:9,(anonymous_5)
FNDA:30,(anonymous_6)
FNDA:3,(anonymous_7)
DA:7,133
DA:8,133
DA:9,133
DA:10,133
DA:14,50
DA:18,9
DA:22,15
DA:29,18
DA:33,9
DA:40,30
DA:44,3
DA:53,18
LF:12
LH:12
BRDA:28,0,0,3
BRF:1
BRH:1
end_of_record
TN:
SF:domain\valueobjects\StatisticsInsight.js
FN:22,(anonymous_0)
FN:61,(anonymous_1)
FN:76,(anonymous_2)
FN:91,(anonymous_3)
FN:106,(anonymous_4)
FN:127,(anonymous_5)
FN:210,(anonymous_6)
FN:219,(anonymous_7)
FNF:8
FNH:8
FNDA:53,(anonymous_0)
FNDA:10,(anonymous_1)
FNDA:8,(anonymous_2)
FNDA:7,(anonymous_3)
FNDA:10,(anonymous_4)
FNDA:22,(anonymous_5)
FNDA:6,(anonymous_6)
FNDA:21,(anonymous_7)
DA:24,53
DA:25,2
DA:27,51
DA:28,3
DA:30,48
DA:31,3
DA:35,45
DA:36,45
DA:37,1
DA:40,44
DA:41,2
DA:45,42
DA:52,42
DA:62,10
DA:77,8
DA:92,7
DA:107,10
DA:128,22
DA:136,22
DA:139,22
DA:140,7
DA:143,7
DA:147,15
DA:148,5
DA:149,4
DA:153,1
DA:160,15
DA:161,1
DA:164,14
DA:165,0
DA:171,15
DA:172,1
DA:175,14
DA:176,0
DA:182,15
DA:183,3
DA:189,15
DA:190,1
DA:196,15
DA:197,2
DA:203,15
DA:204,4
DA:210,15
DA:212,15
DA:220,21
DA:229,3
LF:46
LH:44
BRDA:22,0,0,14
BRDA:24,1,0,2
BRDA:24,1,1,51
BRDA:24,2,0,53
BRDA:24,2,1,52
BRDA:27,3,0,3
BRDA:27,3,1,48
BRDA:27,4,0,51
BRDA:27,4,1,49
BRDA:30,5,0,3
BRDA:30,5,1,45
BRDA:30,6,0,48
BRDA:30,6,1,46
BRDA:36,7,0,1
BRDA:36,7,1,44
BRDA:40,8,0,2
BRDA:40,8,1,42
BRDA:40,9,0,44
BRDA:40,9,1,43
BRDA:61,10,0,1
BRDA:76,11,0,3
BRDA:91,12,0,1
BRDA:106,13,0,1
BRDA:139,14,0,7
BRDA:139,14,1,15
BRDA:147,15,0,5
BRDA:147,15,1,10
BRDA:148,16,0,4
BRDA:148,16,1,1
BRDA:160,17,0,1
BRDA:160,17,1,14
BRDA:164,18,0,0
BRDA:164,18,1,14
BRDA:171,19,0,1
BRDA:171,19,1,14
BRDA:171,20,0,15
BRDA:171,20,1,5
BRDA:175,21,0,0
BRDA:175,21,1,14
BRDA:175,22,0,14
BRDA:175,22,1,4
BRDA:182,23,0,3
BRDA:182,23,1,12
BRDA:182,24,0,15
BRDA:182,24,1,5
BRDA:189,25,0,1
BRDA:189,25,1,14
BRDA:196,26,0,2
BRDA:196,26,1,13
BRDA:196,27,0,15
BRDA:196,27,1,15
BRDA:203,28,0,4
BRDA:203,28,1,11
BRDA:203,29,0,15
BRDA:203,29,1,10
BRDA:203,29,2,4
BRF:56
BRH:54
end_of_record
TN:
SF:domain\valueobjects\TaskDisplayData.js
FN:29,(anonymous_0)
FN:101,(anonymous_1)
FN:124,(anonymous_2)
FN:148,(anonymous_3)
FN:177,(anonymous_4)
FN:200,(anonymous_5)
FN:222,(anonymous_6)
FN:242,(anonymous_7)
FNF:8
FNH:8
FNDA:37,(anonymous_0)
FNDA:1,(anonymous_1)
FNDA:2,(anonymous_2)
FNDA:1,(anonymous_3)
FNDA:1,(anonymous_4)
FNDA:1,(anonymous_5)
FNDA:1,(anonymous_6)
FNDA:1,(anonymous_7)
DA:43,37
DA:44,1
DA:46,36
DA:47,1
DA:49,35
DA:50,1
DA:52,34
DA:53,1
DA:55,33
DA:56,1
DA:60,32
DA:61,32
DA:62,1
DA:65,31
DA:66,31
DA:67,1
DA:70,30
DA:71,30
DA:72,32
DA:73,1
DA:78,29
DA:92,29
DA:102,1
DA:125,2
DA:149,1
DA:150,1
DA:151,0
DA:152,1
DA:153,0
DA:156,1
DA:178,1
DA:201,1
DA:223,1
DA:243,1
DA:259,2
LF:35
LH:33
BRDA:34,0,0,27
BRDA:35,1,0,27
BRDA:36,2,0,23
BRDA:37,3,0,27
BRDA:38,4,0,27
BRDA:39,5,0,27
BRDA:40,6,0,28
BRDA:43,7,0,1
BRDA:43,7,1,36
BRDA:43,8,0,37
BRDA:43,8,1,36
BRDA:46,9,0,1
BRDA:46,9,1,35
BRDA:46,10,0,36
BRDA:46,10,1,35
BRDA:49,11,0,1
BRDA:49,11,1,34
BRDA:49,12,0,35
BRDA:49,12,1,34
BRDA:52,13,0,1
BRDA:52,13,1,33
BRDA:52,14,0,34
BRDA:52,14,1,33
BRDA:55,15,0,1
BRDA:55,15,1,32
BRDA:61,16,0,1
BRDA:61,16,1,31
BRDA:66,17,0,1
BRDA:66,17,1,30
BRDA:72,18,0,1
BRDA:72,18,1,31
BRDA:101,19,0,0
BRDA:124,20,0,0
BRDA:124,21,0,2
BRDA:148,22,0,0
BRDA:148,23,0,0
BRDA:148,24,0,1
BRDA:150,25,0,0
BRDA:150,25,1,1
BRDA:152,26,0,0
BRDA:152,26,1,1
BRDA:177,27,0,0
BRDA:200,28,0,0
BRDA:200,29,0,0
BRDA:222,30,0,0
BRF:45
BRH:35
end_of_record
TN:
SF:domain\valueobjects\TaskStatus.js
FN:13,(anonymous_0)
FN:17,(anonymous_1)
FN:21,(anonymous_2)
FN:33,(anonymous_3)
FNF:4
FNH:4
FNDA:209,(anonymous_0)
FNDA:199,(anonymous_1)
FNDA:172,(anonymous_2)
FNDA:26,(anonymous_3)
DA:6,12
DA:7,12
DA:8,12
DA:9,12
DA:10,12
DA:11,12
DA:14,209
DA:18,199
DA:22,172
DA:23,3
DA:26,169
DA:27,169
DA:28,163
DA:32,6
DA:33,26
DA:36,6
DA:37,3
DA:42,3
DA:43,3
DA:44,2
DA:47,1
DA:51,12
LF:22
LH:22
BRDA:22,0,0,3
BRDA:22,0,1,169
BRDA:27,1,0,163
BRDA:27,1,1,6
BRDA:36,2,0,3
BRDA:36,2,1,3
BRDA:43,3,0,2
BRDA:43,3,1,1
BRF:8
BRH:8
end_of_record
TN:
SF:infrastructure\config\Config.js
FN:11,(anonymous_0)
FN:15,(anonymous_1)
FN:29,(anonymous_2)
FN:36,(anonymous_3)
FN:40,(anonymous_4)
FN:44,(anonymous_5)
FN:48,(anonymous_6)
FN:52,(anonymous_7)
FN:56,(anonymous_8)
FN:60,(anonymous_9)
FNF:10
FNH:7
FNDA:0,(anonymous_0)
FNDA:1,(anonymous_1)
FNDA:1,(anonymous_2)
FNDA:1,(anonymous_3)
FNDA:59,(anonymous_4)
FNDA:1,(anonymous_5)
FNDA:1,(anonymous_6)
FNDA:0,(anonymous_7)
FNDA:1,(anonymous_8)
FNDA:0,(anonymous_9)
DA:1,2
DA:4,2
DA:12,0
DA:16,1
DA:30,1
DA:31,0
DA:33,1
DA:37,1
DA:41,59
DA:45,1
DA:49,1
DA:53,0
DA:57,1
DA:61,0
DA:65,2
LF:15
LH:11
BRDA:12,0,0,0
BRDA:12,0,1,0
BRDA:17,1,0,1
BRDA:17,1,1,0
BRDA:19,2,0,1
BRDA:19,2,1,0
BRDA:20,3,0,1
BRDA:20,3,1,0
BRDA:21,4,0,1
BRDA:21,4,1,0
BRDA:30,5,0,0
BRDA:30,5,1,1
BRDA:30,6,0,1
BRDA:30,6,1,1
BRDA:33,7,0,1
BRDA:33,7,1,1
BRDA:37,8,0,1
BRDA:37,8,1,1
BRDA:41,9,0,59
BRDA:41,9,1,0
BRDA:45,10,0,1
BRDA:45,10,1,1
BRDA:49,11,0,1
BRDA:49,11,1,1
BRF:24
BRH:16
end_of_record
TN:
SF:infrastructure\database\SqlServerDatabase.js
FN:8,(anonymous_0)
FN:23,(anonymous_1)
FN:60,(anonymous_2)
FN:71,(anonymous_3)
FN:78,(anonymous_4)
FN:88,(anonymous_5)
FN:92,(anonymous_6)
FN:103,(anonymous_7)
FN:107,(anonymous_8)
FN:118,(anonymous_9)
FNF:10
FNH:4
FNDA:3,(anonymous_0)
FNDA:3,(anonymous_1)
FNDA:3,(anonymous_2)
FNDA:0,(anonymous_3)
FNDA:123,(anonymous_4)
FNDA:0,(anonymous_5)
FNDA:0,(anonymous_6)
FNDA:0,(anonymous_7)
FNDA:0,(anonymous_8)
FNDA:0,(anonymous_9)
DA:1,3
DA:9,3
DA:10,3
DA:24,3
DA:25,3
DA:46,3
DA:47,3
DA:48,3
DA:49,3
DA:50,3
DA:52,0
DA:53,0
DA:61,3
DA:62,3
DA:63,3
DA:64,3
DA:72,0
DA:79,123
DA:80,0
DA:82,123
DA:89,0
DA:92,0
DA:93,0
DA:96,0
DA:97,0
DA:104,0
DA:107,0
DA:108,0
DA:111,0
DA:112,0
DA:119,0
DA:120,0
DA:121,0
DA:125,3
LF:34
LH:17
BRDA:30,0,0,3
BRDA:30,0,1,0
BRDA:37,1,0,3
BRDA:37,1,1,3
BRDA:38,2,0,3
BRDA:38,2,1,3
BRDA:40,3,0,3
BRDA:40,3,1,3
BRDA:41,4,0,3
BRDA:41,4,1,3
BRDA:42,5,0,3
BRDA:42,5,1,3
BRDA:61,6,0,3
BRDA:61,6,1,0
BRDA:72,7,0,0
BRDA:72,7,1,0
BRDA:79,8,0,0
BRDA:79,8,1,123
BRDA:88,9,0,0
BRDA:103,10,0,0
BRF:20
BRH:13
end_of_record
TN:
SF:infrastructure\database\models\TaskModel.js
FN:26,(anonymous_0)
FN:59,(anonymous_1)
FN:70,(anonymous_2)
FN:85,(anonymous_3)
FN:101,(anonymous_4)
FN:142,(anonymous_5)
FN:161,(anonymous_6)
FN:171,(anonymous_7)
FN:181,(anonymous_8)
FN:196,(anonymous_9)
FNF:10
FNH:8
FNDA:8,(anonymous_0)
FNDA:55,(anonymous_1)
FNDA:3,(anonymous_2)
FNDA:3,(anonymous_3)
FNDA:13,(anonymous_4)
FNDA:13,(anonymous_5)
FNDA:1,(anonymous_6)
FNDA:0,(anonymous_7)
FNDA:8,(anonymous_8)
FNDA:0,(anonymous_9)
DA:1,2
DA:21,2
DA:27,8
DA:30,8
DA:31,8
DA:32,0
DA:36,8
DA:37,8
DA:38,4
DA:41,8
DA:53,8
DA:60,55
DA:61,55
DA:64,55
DA:71,3
DA:72,3
DA:79,3
DA:86,3
DA:87,3
DA:95,3
DA:102,13
DA:105,13
DA:106,13
DA:108,13
DA:109,13
DA:110,13
DA:112,13
DA:113,13
DA:114,13
DA:116,13
DA:117,13
DA:118,13
DA:120,13
DA:121,13
DA:122,13
DA:125,13
DA:126,0
DA:129,13
DA:132,13
DA:133,13
DA:136,13
DA:143,13
DA:145,13
DA:155,13
DA:162,1
DA:163,1
DA:172,0
DA:173,0
DA:182,8
DA:183,8
DA:190,8
DA:197,0
DA:198,0
DA:214,0
DA:218,2
LF:55
LH:48
BRDA:26,0,0,0
BRDA:31,1,0,0
BRDA:31,1,1,8
BRDA:31,2,0,8
BRDA:31,2,1,8
BRDA:31,2,2,8
BRDA:37,3,0,4
BRDA:37,3,1,4
BRDA:37,4,0,8
BRDA:37,4,1,4
BRDA:37,4,2,4
BRDA:44,5,0,8
BRDA:44,5,1,1
BRDA:64,6,0,55
BRDA:64,6,1,6
BRDA:108,7,0,13
BRDA:108,7,1,0
BRDA:112,8,0,13
BRDA:112,8,1,0
BRDA:113,9,0,13
BRDA:113,9,1,1
BRDA:116,10,0,13
BRDA:116,10,1,0
BRDA:120,11,0,13
BRDA:120,11,1,0
BRDA:125,12,0,0
BRDA:125,12,1,13
BRF:27
BRH:20
end_of_record
TN:
SF:infrastructure\database\models\UserModel.js
FN:23,(anonymous_0)
FN:40,(anonymous_1)
FN:51,(anonymous_2)
FN:62,(anonymous_3)
FN:73,(anonymous_4)
FN:84,(anonymous_5)
FN:95,(anonymous_6)
FN:115,(anonymous_7)
FN:134,(anonymous_8)
FNF:9
FNH:6
FNDA:3,(anonymous_0)
FNDA:44,(anonymous_1)
FNDA:4,(anonymous_2)
FNDA:0,(anonymous_3)
FNDA:2,(anonymous_4)
FNDA:2,(anonymous_5)
FNDA:0,(anonymous_6)
FNDA:0,(anonymous_7)
FNDA:3,(anonymous_8)
DA:1,3
DA:18,3
DA:24,3
DA:25,3
DA:34,3
DA:41,44
DA:42,44
DA:45,44
DA:52,4
DA:53,4
DA:56,4
DA:63,0
DA:64,0
DA:67,0
DA:74,2
DA:75,2
DA:78,2
DA:85,2
DA:86,2
DA:89,2
DA:96,0
DA:98,0
DA:109,0
DA:116,0
DA:118,0
DA:128,0
DA:135,3
DA:136,3
DA:142,3
LF:29
LH:20
BRDA:45,0,0,44
BRDA:45,0,1,2
BRDA:56,1,0,4
BRDA:56,1,1,1
BRDA:67,2,0,0
BRDA:67,2,1,0
BRF:6
BRH:4
end_of_record
TN:
SF:infrastructure\routes\taskDisplayRoutes.js
FN:22,configureTaskDisplayRoutes
FN:36,(anonymous_1)
FN:56,(anonymous_2)
FN:73,(anonymous_3)
FNF:4
FNH:0
FNDA:0,configureTaskDisplayRoutes
FNDA:0,(anonymous_1)
FNDA:0,(anonymous_2)
FNDA:0,(anonymous_3)
DA:12,0
DA:13,0
DA:23,0
DA:33,0
DA:36,0
DA:53,0
DA:56,0
DA:70,0
DA:73,0
DA:76,0
DA:79,0
LF:11
LH:0
BRF:0
BRH:0
end_of_record
TN:
SF:infrastructure\security\BcryptPasswordService.js
FN:9,(anonymous_0)
FN:17,(anonymous_1)
FN:27,(anonymous_2)
FNF:3
FNH:3
FNDA:54,(anonymous_0)
FNDA:41,(anonymous_1)
FNDA:39,(anonymous_2)
DA:1,2
DA:2,2
DA:10,54
DA:11,54
DA:18,41
DA:19,3
DA:21,38
DA:28,39
DA:29,6
DA:31,33
DA:35,2
LF:11
LH:11
BRDA:9,0,0,42
BRDA:18,1,0,3
BRDA:18,1,1,38
BRDA:28,2,0,6
BRDA:28,2,1,33
BRDA:28,3,0,39
BRDA:28,3,1,36
BRF:7
BRH:7
end_of_record
TN:
SF:infrastructure\security\JwtTokenService.js
FN:9,(anonymous_0)
FN:21,(anonymous_1)
FN:34,(anonymous_2)
FN:55,(anonymous_3)
FNF:4
FNH:4
FNDA:49,(anonymous_0)
FNDA:23,(anonymous_1)
FNDA:59,(anonymous_2)
FNDA:10,(anonymous_3)
DA:1,2
DA:2,2
DA:10,49
DA:11,49
DA:12,3
DA:14,46
DA:15,46
DA:22,23
DA:23,2
DA:26,21
DA:35,59
DA:36,3
DA:39,56
DA:40,56
DA:42,4
DA:43,1
DA:45,3
DA:46,3
DA:48,0
DA:56,10
DA:57,3
DA:59,7
DA:63,2
LF:23
LH:22
BRDA:9,0,0,5
BRDA:11,1,0,3
BRDA:11,1,1,46
BRDA:22,2,0,2
BRDA:22,2,1,21
BRDA:35,3,0,3
BRDA:35,3,1,56
BRDA:42,4,0,1
BRDA:42,4,1,3
BRDA:45,5,0,3
BRDA:45,5,1,0
BRDA:56,6,0,3
BRDA:56,6,1,7
BRF:13
BRH:12
end_of_record
